=~=~=~=~=~=~=~=~=~=~=~= PuTTY log 2017.11.16 12:58:53 =~=~=~=~=~=~=~=~=~=~=~=
Set Reg 34 with val: 1
Set Reg Set Reg 34 with val: 1
Set Reg 33 with val: 10
Set Reg 31 with val: 0
Set Reg 32 with val: 0
Set Reg 33 with val: 5
ACHTUNG!!! Ich habe gehaltet!
Waypoint Notification
Register: 35 Accessed
Awaiting all clear @ 509
Setup Complete @ 3229
Set Reg 33 with val: 10
Register: 35 Accessed
Next WP: 12
Targeting...
4280
29688.0488281250
0.1212609171
Encoder Target:518 degrees
Straight Line, length: 4280
Etars:
518518
0
Serial Buffer: 
0 - 0
0 - 1
0 - 2
0 - 3
0 - 4
0 - 5
0 - 6
0 - 7

d.both:
0
Recieved: 25 with E1:0 & E2:0 degrees
4252
EDIFFS:
518.00518.00
5050
Set Reg 31 with val: 77
Set Reg 32 with val: 77
Speed Adjustment: S1, S2
7777
0
Serial Buffer: 
0 - 0
0 - 1
0 - 2
0 - 3
0 - 4
0 - 5
0 - 6
0 - 7

d.both:
0
Recieved: 25 with E1:0 & E2:0 degrees
5272
EDIFFS:
518.00518.00
5050
Set Reg 31 with val: 77
Set Reg 32 with val: 77
Speed Adjustment: S1, S2
7777
2A102A1
Serial Buffer: 
0 - 0
0 - 1
2 - 2
A1 - 3
0 - 4
0 - 5
2 - 6
A1 - 7

d.both:
2A102A1
Recieved: 25 with E1:673 & E2:673 degrees
6293
EDIFFS:
-155.00-155.00
-14-14
Set Reg 31 with val: -41
Set Reg 32 with val: -41
Speed Adjustment: S1, S2
-41-41
57C057B
Serial Buffer: 
0 - 0
0 - 1
5 - 2
7C - 3
0 - 4
0 - 5
5 - 6
7B - 7

d.both:
57C057B
Recieved: 25 with E1:1403 & E2:1404 degrees
7315
EDIFFS:
-885.00-886.00
-85-85
Set Reg 31 with val: -112
Set Reg 32 with val: -112
Speed Adjustment: S1, S2
-112-112
4710471
Serial Buffer: 
0 - 0
0 - 1
4 - 2
71 - 3
0 - 4
0 - 5
4 - 6
71 - 7

d.both:
4710471
Recieved: 25 with E1:1137 & E2:1137 degrees
8337
EDIFFS:
-619.00-619.00
-59-59
Set Reg 31 with val: -86
Set Reg 32 with val: -86
Speed Adjustment: S1, S2
-86-86
700071
Serial Buffer: 
0 - 0
0 - 1
0 - 2
70 - 3
0 - 4
0 - 5
0 - 6
71 - 7

d.both:
700071
Recieved: 25 with E1:113 & E2:112 degrees
9358
EDIFFS:
405.00406.00
3939
Set Reg 31 with val: 66
Set Reg 32 with val: 66
Speed Adjustment: S1, S2
6666
FFFFFD31
Serial Buffer: 
FF - 0
FF - 1
FD - 2
31 - 3
FF - 4
FF - 5
FD - 6
31 - 7

d.both:
FFFFFD31
Recieved: 25 with E1:-719 & E2:-1 degrees
10380
EDIFFS:
1237.00519.00
11950
Set Reg 31 with val: -110
Set Reg 32 with val: 77
Speed Adjustment: S1, S2
-11077
FFFFFED5
Serial Buffer: 
FF - 0
FF - 1
FE - 2
D4 - 3
FF - 4
FF - 5
FE - 6
D5 - 7

d.both:
FFFFFED5
Recieved: 25 with E1:-299 & E2:-1 degrees
11403
EDIFFS:
817.00519.00
7850
Set Reg 31 with val: 105
Set Reg 32 with val: 77
Speed Adjustment: S1, S2
10577
FBC001AF
Serial Buffer: 
FF - 0
FF - 1
FB - 2
C0 - 3
0 - 4
0 - 5
1 - 6
AF - 7

d.both:
FBC001AF
Recieved: 25 with E1:431 & E2:-1088 degrees
12425
EDIFFS:
87.001606.00
8-101
Set Reg 31 with val: 35
Set Reg 32 with val: -74
Speed Adjustment: S1, S2
35-74
FE2E0489
Serial Buffer: 
FF - 0
FF - 1
FE - 2
2E - 3
0 - 4
0 - 5
4 - 6
89 - 7

d.both:
FE2E0489
Recieved: 25 with E1:1161 & E2:-466 degrees
13447
EDIFFS:
-643.00984.00
-6294
Set Reg 31 with val: -89
Set Reg 32 with val: 121
Speed Adjustment: S1, S2
-89121
FFA80294
Serial Buffer: 
FF - 0
FF - 1
FF - 2
A8 - 3
0 - 4
0 - 5
2 - 6
94 - 7

d.both:
FFA80294
Recieved: 25 with E1:660 & E2:-88 degrees
14470
EDIFFS:
-142.00606.00
-1358
Set Reg 31 with val: -40
Set Reg 32 with val: 85
Speed Adjustment: S1, S2
-4085
FCE405D3
Serial Buffer: 
FF - 0
FF - 1
FC - 2
E4 - 3
0 - 4
0 - 5
5 - 6
D3 - 7

d.both:
FCE405D3
Recieved: 25 with E1:1491 & E2:-796 degrees
15493
EDIFFS:
-973.001314.00
-93126
Set Reg 31 with val: -120
Set Reg 32 with val: -103
Speed Adjustment: S1, S2
-120-103
FB54090F
Serial Buffer: 
FF - 0
FF - 1
FB - 2
54 - 3
0 - 4
0 - 5
9 - 6
F - 7

d.both:
FB54090F
Recieved: 25 with E1:2319 & E2:-1196 degrees
16517
EDIFFS:
-1801.001714.00
83-91
Set Reg 31 with val: 56
Set Reg 32 with val: -64
Speed Adjustment: S1, S2
56-64
F7200672
Serial Buffer: 
FF - 0
FF - 1
F7 - 2
20 - 3
0 - 4
0 - 5
6 - 6
72 - 7

d.both:
F7200672
Recieved: 25 with E1:1650 & E2:-2272 degrees
17541
EDIFFS:
-1132.002790.00
-10913
Set Reg 31 with val: 120
Set Reg 32 with val: 40
Speed Adjustment: S1, S2
12040
F8300403
Serial Buffer: 
FF - 0
FF - 1
F8 - 2
30 - 3
0 - 4
0 - 5
4 - 6
3 - 7

d.both:
F8300403
Recieved: 25 with E1:1027 & E2:-2000 degrees
18564
EDIFFS:
-509.002518.00
-49-13
Set Reg 31 with val: -76
Set Reg 32 with val: 14
Speed Adjustment: S1, S2
-7614
FC800523
Serial Buffer: 
FF - 0
FF - 1
FC - 2
80 - 3
0 - 4
0 - 5
5 - 6
23 - 7

d.both:
FC800523
Recieved: 25 with E1:1315 & E2:-896 degrees
19587
EDIFFS:
-797.001414.00
-76-120
Set Reg 31 with val: -103
Set Reg 32 with val: -93
Speed Adjustment: S1, S2
-103-93
FB0005B4
Serial Buffer: 
FF - 0
FF - 1
FB - 2
0 - 3
0 - 4
0 - 5
5 - 6
B4 - 7

d.both:
FB0005B4
Recieved: 25 with E1:1460 & E2:-1280 degrees
20611
EDIFFS:
-942.001798.00
-90-83
Set Reg 31 with val: -117
Set Reg 32 with val: -56
Speed Adjustment: S1, S2
-117-56
F72A02A0
Serial Buffer: 
FF - 0
FF - 1
F7 - 2
2A - 3
0 - 4
0 - 5
2 - 6
A0 - 7

d.both:
F72A02A0
Recieved: 25 with E1:672 & E2:-2262 degrees
21634
EDIFFS:
-154.002780.00
-1412
Set Reg 31 with val: -41
Set Reg 32 with val: 39
Speed Adjustment: S1, S2
-4139
F2CE007C
Serial Buffer: 
FF - 0
FF - 1
F2 - 2
CE - 3
0 - 4
0 - 5
0 - 6
7C - 7

d.both:
F2CE007C
Recieved: 25 with E1:124 & E2:-3378 degrees
22657
EDIFFS:
394.003896.00
38120
Set Reg 31 with val: 65
Set Reg 32 with val: -109
Speed Adjustment: S1, S2
65-109
F1130198
Serial Buffer: 
FF - 0
FF - 1
F1 - 2
13 - 3
0 - 4
0 - 5
1 - 6
98 - 7

d.both:
F1130198
Recieved: 25 with E1:408 & E2:-3821 degrees
23681
EDIFFS:
110.004339.00
10-94
Set Reg 31 with val: 37
Set Reg 32 with val: -67
Speed Adjustment: S1, S2
37-67
FFFFFE44
Serial Buffer: 
FF - 0
FF - 1
F3 - 2
17 - 3
FF - 4
FF - 5
FE - 6
44 - 7

d.both:
FFFFFE44
Recieved: 25 with E1:-444 & E2:-1 degrees
24704
EDIFFS:
962.00519.00
9250
Set Reg 31 with val: 119
Set Reg 32 with val: 77
Speed Adjustment: S1, S2
11977
FFFFFBB2
Serial Buffer: 
FF - 0
FF - 1
F4 - 2
82 - 3
FF - 4
FF - 5
FB - 6
B2 - 7

d.both:
FFFFFBB2
Recieved: 25 with E1:-1102 & E2:-1 degrees
25726
EDIFFS:
1620.00519.00
-10050
Set Reg 31 with val: -73
Set Reg 32 with val: 77
Speed Adjustment: S1, S2
-7377
FFFFFDD0
Serial Buffer: 
FF - 0
FF - 1
F8 - 2
AF - 3
FF - 4
FF - 5
FD - 6
D0 - 7

d.both:
FFFFFDD0
Recieved: 25 with E1:-560 & E2:-1 degrees
26750
EDIFFS:
1078.00519.00
10450
Set Reg 31 with val: -125
Set Reg 32 with val: 77
Speed Adjustment: S1, S2
-12577
F73200AC
Serial Buffer: 
FF - 0
FF - 1
F7 - 2
32 - 3
0 - 4
0 - 5
0 - 6
AC - 7

d.both:
F73200AC
Recieved: 25 with E1:172 & E2:-2254 degrees
27773
EDIFFS:
346.002772.00
3311
Set Reg 31 with val: 60
Set Reg 32 with val: 38
Speed Adjustment: S1, S2
6038
F2AF0387
Serial Buffer: 
FF - 0
FF - 1
F2 - 2
AF - 3
0 - 4
0 - 5
3 - 6
87 - 7

d.both:
F2AF0387
Recieved: 25 with E1:903 & E2:-3409 degrees
28796
EDIFFS:
-385.003927.00
-37123
Set Reg 31 with val: -64
Set Reg 32 with val: -106
Speed Adjustment: S1, S2
-64-106
F3B50506
Serial Buffer: 
FF - 0
FF - 1
F3 - 2
B5 - 3
0 - 4
0 - 5
5 - 6
6 - 7

d.both:
F3B50506
Recieved: 25 with E1:1286 & E2:-3147 degrees
29820
EDIFFS:
-768.003665.00
-7497
Set Reg 31 with val: -101
Set Reg 32 with val: 124
Speed Adjustment: S1, S2
-101124
F1DB01C8
Serial Buffer: 
FF - 0
FF - 1
F1 - 2
DB - 3
0 - 4
0 - 5
1 - 6
C8 - 7

d.both:
F1DB01C8
Recieved: 25 with E1:456 & E2:-3621 degrees
30843
EDIFFS:
62.004139.00
5-113
Set Reg 31 with val: 32
Set Reg 32 with val: -86
Speed Adjustment: S1, S2
32-86
EE2404B1
Serial Buffer: 
FF - 0
FF - 1
EE - 2
24 - 3
0 - 4
0 - 5
4 - 6
B1 - 7

d.both:
EE2404B1
Recieved: 25 with E1:1201 & E2:-4572 degrees
31866
EDIFFS:
-683.005090.00
-65-21
Set Reg 31 with val: -92
Set Reg 32 with val: 6
Speed Adjustment: S1, S2
-926
EEB402FD
Serial Buffer: 
FF - 0
FF - 1
EE - 2
B4 - 3
0 - 4
0 - 5
2 - 6
FD - 7

d.both:
EEB402FD
Recieved: 25 with E1:765 & E2:-4428 degrees
-32646
EDIFFS:
-247.004946.00
-23-35
Set Reg 31 with val: -50
Set Reg 32 with val: -8
Speed Adjustment: S1, S2
-50-8
EBC902E1
Serial Buffer: 
FF - 0
FF - 1
EB - 2
C9 - 3
0 - 4
0 - 5
2 - 6
E1 - 7

d.both:
EBC902E1
Recieved: 25 with E1:737 & E2:-5175 degrees
-31623
EDIFFS:
-219.005693.00
-2137
Set Reg 31 with val: -48
Set Reg 32 with val: 64
Speed Adjustment: S1, S2
-4864
E9DB0295
Serial Buffer: 
FF - 0
FF - 1
E9 - 2
DB - 3
0 - 4
0 - 5
2 - 6
95 - 7

d.both:
E9DB0295
Recieved: 25 with E1:661 & E2:-5669 degrees
-30600
EDIFFS:
-143.006187.00
-1385
Set Reg 31 with val: -40
Set Reg 32 with val: 112
Speed Adjustment: S1, S2
-40112
E81A04C4
Serial Buffer: 
FF - 0
FF - 1
E8 - 2
1A - 3
0 - 4
0 - 5
4 - 6
C4 - 7

d.both:
E81A04C4
Recieved: 25 with E1:1220 & E2:-6118 degrees
-29576
EDIFFS:
-702.006636.00
-67-128
Set Reg 31 with val: -94
Set Reg 32 with val: -101
Speed Adjustment: S1, S2
-94-101
E69C08DC
Serial Buffer: 
FF - 0
FF - 1
E6 - 2
9C - 3
0 - 4
0 - 5
8 - 6
DC - 7

d.both:
E69C08DC
Recieved: 25 with E1:2268 & E2:-6500 degrees
-28552
EDIFFS:
-1750.007018.00
88-91
Set Reg 31 with val: 61
Set Reg 32 with val: -64
Speed Adjustment: S1, S2
61-64
E33306AE
Serial Buffer: 
FF - 0
FF - 1
E3 - 2
33 - 3
0 - 4
0 - 5
6 - 6
AE - 7

d.both:
E33306AE
Recieved: 25 with E1:1710 & E2:-7373 degrees
-27529
EDIFFS:
-1192.007891.00
-115-7
Set Reg 31 with val: 114
Set Reg 32 with val: 20
Speed Adjustment: S1, S2
11420
E4AA0440
Serial Buffer: 
FF - 0
FF - 1
E4 - 2
AA - 3
0 - 4
0 - 5
4 - 6
40 - 7

d.both:
E4AA0440
Recieved: 25 with E1:1088 & E2:-6998 degrees
-26505
EDIFFS:
-570.007516.00
-55-43
Set Reg 31 with val: -82
Set Reg 32 with val: -16
Speed Adjustment: S1, S2
-82-16
E8CA04C3
Serial Buffer: 
FF - 0
FF - 1
E8 - 2
CA - 3
0 - 4
0 - 5
4 - 6
C3 - 7

d.both:
E8CA04C3
Recieved: 25 with E1:1219 & E2:-5942 degrees
-25482
EDIFFS:
-701.006460.00
-67111
Set Reg 31 with val: -94
Set Reg 32 with val: -118
Speed Adjustment: S1, S2
-94-118
E6F4043F
Serial Buffer: 
FF - 0
FF - 1
E6 - 2
F4 - 3
0 - 4
0 - 5
4 - 6
3F - 7

d.both:
E6F4043F
Recieved: 25 with E1:1087 & E2:-6412 degrees
-24458
EDIFFS:
-569.006930.00
-54-100
Set Reg 31 with val: -81
Set Reg 32 with val: -73
Speed Adjustment: S1, S2
-81-73
E3750037
Serial Buffer: 
FF - 0
FF - 1
E3 - 2
75 - 3
0 - 4
0 - 5
0 - 6
37 - 7

d.both:
E3750037
Recieved: 25 with E1:55 & E2:-7307 degrees
-23434
EDIFFS:
463.007825.00
44-13
Set Reg 31 with val: 71
Set Reg 32 with val: 14
Speed Adjustment: S1, S2
7114
FFFFFD69
Serial Buffer: 
FF - 0
FF - 1
E0 - 2
6E - 3
FF - 4
FF - 5
FD - 6
69 - 7

d.both:
FFFFFD69
Recieved: 25 with E1:-663 & E2:-1 degrees
-22411
EDIFFS:
1181.00519.00
11350
Set Reg 31 with val: -116
Set Reg 32 with val: 77
Speed Adjustment: S1, S2
-11677
FFFFFDA5
Serial Buffer: 
FF - 0
FF - 1
E2 - 2
3E - 3
FF - 4
FF - 5
FD - 6
A5 - 7

d.both:
FFFFFDA5
Recieved: 25 with E1:-603 & E2:-1 degrees
-21387
EDIFFS:
1121.00519.00
10850
Set Reg 31 with val: -121
Set Reg 32 with val: 77
Speed Adjustment: S1, S2
-12177
DF16005E
Serial Buffer: 
FF - 0
FF - 1
DF - 2
16 - 3
0 - 4
0 - 5
0 - 6
5E - 7

d.both:
DF16005E
Recieved: 25 with E1:94 & E2:-8426 degrees
-20364
EDIFFS:
424.008944.00
4095
Set Reg 31 with val: 67
Set Reg 32 with val: 122
Speed Adjustment: S1, S2
67122
DA8E0339
Serial Buffer: 
FF - 0
FF - 1
DA - 2
8E - 3
0 - 4
0 - 5
3 - 6
39 - 7

d.both:
DA8E0339
Recieved: 25 with E1:825 & E2:-9586 degrees
-19341
EDIFFS:
-307.0010104.00
-29-49
Set Reg 31 with val: -56
Set Reg 32 with val: -22
Speed Adjustment: S1, S2
-56-22
DBD407B4
Serial Buffer: 
FF - 0
FF - 1
DB - 2
D4 - 3
0 - 4
0 - 5
7 - 6
B4 - 7

d.both:
DBD407B4
Recieved: 25 with E1:1972 & E2:-9260 degrees
-18317
EDIFFS:
-1454.009778.00
116-81
Set Reg 31 with val: 89
Set Reg 32 with val: -54
Speed Adjustment: S1, S2
89-54
DA430797
Serial Buffer: 
FF - 0
FF - 1
DA - 2
43 - 3
0 - 4
0 - 5
7 - 6
97 - 7

d.both:
DA430797
Recieved: 25 with E1:1943 & E2:-9661 degrees
-17294
EDIFFS:
-1425.0010179.00
119-42
Set Reg 31 with val: 92
Set Reg 32 with val: -15
Speed Adjustment: S1, S2
92-15
DCE205A5
Serial Buffer: 
FF - 0
FF - 1
DC - 2
E2 - 3
0 - 4
0 - 5
5 - 6
A5 - 7

d.both:
DCE205A5
Recieved: 25 with E1:1445 & E2:-8990 degrees
-16271
EDIFFS:
-927.009508.00
-89-107
Set Reg 31 with val: -116
Set Reg 32 with val: -80
Speed Adjustment: S1, S2
-116-80
E0550505
Serial Buffer: 
FF - 0
FF - 1
E0 - 2
55 - 3
0 - 4
0 - 5
5 - 6
5 - 7

d.both:
E0550505
Recieved: 25 with E1:1285 & E2:-8107 degrees
-15247
EDIFFS:
-767.008625.00
-7464
Set Reg 31 with val: -101
Set Reg 32 with val: 91
Speed Adjustment: S1, S2
-10191
DD6F022D
Serial Buffer: 
FF - 0
FF - 1
DD - 2
6F - 3
0 - 4
0 - 5
2 - 6
2D - 7

d.both:
DD6F022D
Recieved: 25 with E1:557 & E2:-8849 degrees
-14224
EDIFFS:
-39.009367.00
-3-120
Set Reg 31 with val: -30
Set Reg 32 with val: -93
Speed Adjustment: S1, S2
-30-93
D9AC04A5
Serial Buffer: 
FF - 0
FF - 1
D9 - 2
AC - 3
0 - 4
0 - 5
4 - 6
A5 - 7

d.both:
D9AC04A5
Recieved: 25 with E1:1189 & E2:-9812 degrees
-13201
EDIFFS:
-671.0010330.00
-64-27
Set Reg 31 with val: -91
Set Reg 32 with val: 0
Speed Adjustment: S1, S2
-910
D864025C
Serial Buffer: 
FF - 0
FF - 1
D8 - 2
64 - 3
0 - 4
0 - 5
2 - 6
5C - 7

d.both:
D864025C
Recieved: 25 with E1:604 & E2:-10140 degrees
-12177
EDIFFS:
-86.0010658.00
-84
Set Reg 31 with val: -35
Set Reg 32 with val: 31
Speed Adjustment: S1, S2
-3531
D51B020D
Serial Buffer: 
FF - 0
FF - 1
D5 - 2
1B - 3
0 - 4
0 - 5
2 - 6
D - 7

d.both:
D51B020D
Recieved: 25 with E1:525 & E2:-10981 degrees
-11155
EDIFFS:
-7.0011499.00
085
Set Reg 31 with val: -27
Set Reg 32 with val: 112
Speed Adjustment: S1, S2
-27112
D3B60330
Serial Buffer: 
FF - 0
FF - 1
D3 - 2
B6 - 3
0 - 4
0 - 5
3 - 6
30 - 7

d.both:
D3B60330
Recieved: 25 with E1:816 & E2:-11338 degrees
-10133
EDIFFS:
-298.0011856.00
-28120
Set Reg 31 with val: -55
Set Reg 32 with val: -109
Speed Adjustment: S1, S2
-55-109
D2B4071C
Serial Buffer: 
FF - 0
FF - 1
D2 - 2
B4 - 3
0 - 4
0 - 5
7 - 6
1C - 7

d.both:
D2B4071C
Recieved: 25 with E1:1820 & E2:-11596 degrees
-9110
EDIFFS:
-1302.0012114.00
-125-111
Set Reg 31 with val: 104
Set Reg 32 with val: -84
Speed Adjustment: S1, S2
104-84
D0AB04A9
Serial Buffer: 
FF - 0
FF - 1
D0 - 2
AB - 3
0 - 4
0 - 5
4 - 6
A9 - 7

d.both:
D0AB04A9
Recieved: 25 with E1:1193 & E2:-12117 degrees
-8087
EDIFFS:
-675.0012635.00
-65-61
Set Reg 31 with val: -92
Set Reg 32 with val: -34
Speed Adjustment: S1, S2
-92-34
D3B90188
Serial Buffer: 
FF - 0
FF - 1
D3 - 2
B9 - 3
0 - 4
0 - 5
1 - 6
88 - 7

d.both:
D3B90188
Recieved: 25 with E1:392 & E2:-11335 degrees
-7064
EDIFFS:
126.0011853.00
12120
Set Reg 31 with val: 39
Set Reg 32 with val: -109
Speed Adjustment: S1, S2
39-109
D19F002D
Serial Buffer: 
FF - 0
FF - 1
D1 - 2
9F - 3
0 - 4
0 - 5
0 - 6
2D - 7

d.both:
D19F002D
Recieved: 25 with E1:45 & E2:-11873 degrees
-6042
EDIFFS:
473.0012391.00
45-84
Set Reg 31 with val: 72
Set Reg 32 with val: -57
Speed Adjustment: S1, S2
72-57
FFFFFC4D
Serial Buffer: 
FF - 0
FF - 1
D2 - 2
7A - 3
FF - 4
FF - 5
FC - 6
4D - 7

d.both:
FFFFFC4D
Recieved: 25 with E1:-947 & E2:-1 degrees
-5019
EDIFFS:
1465.00519.00
-11550
Set Reg 31 with val: -88
Set Reg 32 with val: 77
Speed Adjustment: S1, S2
-8877
FFFFFA13
Serial Buffer: 
FF - 0
FF - 1
D5 - 2
18 - 3
FF - 4
FF - 5
FA - 6
13 - 7

d.both:
FFFFFA13
Recieved: 25 with E1:-1517 & E2:-1 degrees
-3997
EDIFFS:
2035.00519.00
-6050
Set Reg 31 with val: -33
Set Reg 32 with val: 77
Speed Adjustment: S1, S2
-3377
FFFFFC45
Serial Buffer: 
FF - 0
FF - 1
D2 - 2
A3 - 3
FF - 4
FF - 5
FC - 6
45 - 7

d.both:
FFFFFC45
Recieved: 25 with E1:-955 & E2:-1 degrees
-2975
EDIFFS:
1473.00519.00
-11450
Set Reg 31 with val: -87
Set Reg 32 with val: 77
Speed Adjustment: S1, S2
-8777
FFFFFF20
Serial Buffer: 
FF - 0
FF - 1
D1 - 2
4B - 3
FF - 4
FF - 5
FF - 6
20 - 7

d.both:
FFFFFF20
Recieved: 25 with E1:-224 & E2:-1 degrees
-1952
EDIFFS:
742.00519.00
7150
Set Reg 31 with val: 98
Set Reg 32 with val: 77
Speed Adjustment: S1, S2
9877
CE2601FA
Serial Buffer: 
FF - 0
FF - 1
CE - 2
26 - 3
0 - 4
0 - 5
1 - 6
FA - 7

d.both:
CE2601FA
Recieved: 25 with E1:506 & E2:-12762 degrees
-930
EDIFFS:
12.0013280.00
11
Set Reg 31 with val: 28
Set Reg 32 with val: 28
Speed Adjustment: S1, S2
2828
D0B004D5
Serial Buffer: 
FF - 0
FF - 1
D0 - 2
B0 - 3
0 - 4
0 - 5
4 - 6
D5 - 7

d.both:
D0B004D5
Recieved: 25 with E1:1237 & E2:-12112 degrees
93
EDIFFS:
-719.0012630.00
-69-61
Set Reg 31 with val: -96
Set Reg 32 with val: -34
Speed Adjustment: S1, S2
-96-34
D1E905F8
Serial Buffer: 
FF - 0
FF - 1
D1 - 2
E9 - 3
0 - 4
0 - 5
5 - 6
F8 - 7

d.both:
D1E905F8
Recieved: 25 with E1:1528 & E2:-11799 degrees
1116
EDIFFS:
-1010.0012317.00
-97-92
Set Reg 31 with val: -124
Set Reg 32 with val: -65
Speed Adjustment: S1, S2
-124-65
CEE304DC
Serial Buffer: 
FF - 0
FF - 1
CE - 2
E3 - 3
0 - 4
0 - 5
4 - 6
DC - 7

d.both:
CEE304DC
Recieved: 25 with E1:1244 & E2:-12573 degrees
2140
EDIFFS:
-726.0013091.00
-70-17
Set Reg 31 with val: -97
Set Reg 32 with val: 10
Speed Adjustment: S1, S2
-9710
CA51027A
Serial Buffer: 
FF - 0
FF - 1
CA - 2
51 - 3
0 - 4
0 - 5
2 - 6
7A - 7

d.both:
CA51027A
Recieved: 25 with E1:634 & E2:-13743 degrees
3163
EDIFFS:
-116.0014261.00
-1196
Set Reg 31 with val: -38
Set Reg 32 with val: 123
Speed Adjustment: S1, S2
-38123
C6A5029E
Serial Buffer: 
FF - 0
FF - 1
C6 - 2
A5 - 3
0 - 4
0 - 5
2 - 6
9E - 7

d.both:
C6A5029E
Recieved: 25 with E1:670 & E2:-14683 degrees
4187
EDIFFS:
-152.0015201.00
-14-69
Set Reg 31 with val: -41
Set Reg 32 with val: -42
Speed Adjustment: S1, S2
-41-42
C51606C5
Serial Buffer: 
FF - 0
FF - 1
C5 - 2
16 - 3
0 - 4
0 - 5
6 - 6
C5 - 7

d.both:
C51606C5
Recieved: 25 with E1:1733 & E2:-15082 degrees
5210
EDIFFS:
-1215.0015600.00
-117-31
Set Reg 31 with val: 112
Set Reg 32 with val: -4
Speed Adjustment: S1, S2
112-4
C393061F
Serial Buffer: 
FF - 0
FF - 1
C3 - 2
93 - 3
0 - 4
0 - 5
6 - 6
1F - 7

d.both:
C393061F
Recieved: 25 with E1:1567 & E2:-15469 degrees
6233
EDIFFS:
-1049.0015987.00
-1017
Set Reg 31 with val: -128
Set Reg 32 with val: 34
Speed Adjustment: S1, S2
-12834
C6E805EB
Serial Buffer: 
FF - 0
FF - 1
C6 - 2
E8 - 3
0 - 4
0 - 5
5 - 6
EB - 7

d.both:
C6E805EB
Recieved: 25 with E1:1515 & E2:-14616 degrees
7257
EDIFFS:
-997.0015134.00
-96-76
Set Reg 31 with val: -123
Set Reg 32 with val: -49
Speed Adjustment: S1, S2
-123-49
C