=~=~=~=~=~=~=~=~=~=~=~= PuTTY log 2017.11.16 12:49:10 =~=~=~=~=~=~=~=~=~=~=~=
Set Reg 34 with val: 1
Set Reg Set Reg 34 with val: 1
Set Reg 33 with val: 10
Set Reg 31 with val: 0
Set Reg 32 with val: 0
Set Reg 33 with val: 5
ACHTUNG!!! Ich habe gehaltet!
Waypoint Notification
Register: 35 Accessed
Awaiting all clear @ 509
Setup Complete @ 512
Set Reg 33 with val: 1
Register: 35 Accessed
Next WP: 12
Targeting...
4280
29688.0488281250
0.1212609171
Encoder Target:518 degrees
Straight Line, length: 4280
Etars:
518518
0
Serial Buffer: 
0 - 0
0 - 1
0 - 2
0 - 3
0 - 4
0 - 5
0 - 6
0 - 7

d.both:
0
Recieved: 25 with E1:0 & E2:0 degrees
1538
EDIFFS:
518.00518.00
5050
Set Reg 31 with val: 77
Set Reg 32 with val: 77
Speed Adjustment: S1, S2
7777
0
Serial Buffer: 
0 - 0
0 - 1
0 - 2
0 - 3
0 - 4
0 - 5
0 - 6
0 - 7

d.both:
0
Recieved: 25 with E1:0 & E2:0 degrees
2557
EDIFFS:
518.00518.00
5050
Set Reg 31 with val: 77
Set Reg 32 with val: 77
Speed Adjustment: S1, S2
7777
111010A
Serial Buffer: 
0 - 0
0 - 1
1 - 2
11 - 3
0 - 4
0 - 5
1 - 6
A - 7

d.both:
111010A
Recieved: 25 with E1:266 & E2:273 degrees
3579
EDIFFS:
252.00245.00
2423
Set Reg 31 with val: 51
Set Reg 32 with val: 50
Speed Adjustment: S1, S2
5150
3CE03C4
Serial Buffer: 
0 - 0
0 - 1
3 - 2
CE - 3
0 - 4
0 - 5
3 - 6
C4 - 7

d.both:
3CE03C4
Recieved: 25 with E1:964 & E2:974 degrees
4602
EDIFFS:
-446.00-456.00
-43-44
Set Reg 31 with val: -70
Set Reg 32 with val: -71
Speed Adjustment: S1, S2
-70-71
5ED05E0
Serial Buffer: 
0 - 0
0 - 1
5 - 2
ED - 3
0 - 4
0 - 5
5 - 6
E0 - 7

d.both:
5ED05E0
Recieved: 25 with E1:1504 & E2:1517 degrees
5625
EDIFFS:
-986.00-999.00
-95-96
Set Reg 31 with val: -122
Set Reg 32 with val: -123
Speed Adjustment: S1, S2
-122-123
6BF06A7
Serial Buffer: 
0 - 0
0 - 1
6 - 2
BF - 3
0 - 4
0 - 5
6 - 6
A7 - 7

d.both:
6BF06A7
Recieved: 25 with E1:1703 & E2:1727 degrees
6648
EDIFFS:
-1185.00-1209.00
-114-116
Set Reg 31 with val: 115
Set Reg 32 with val: 113
Speed Adjustment: S1, S2
115113
56C054A
Serial Buffer: 
0 - 0
0 - 1
5 - 2
6C - 3
0 - 4
0 - 5
5 - 6
4A - 7

d.both:
56C054A
Recieved: 25 with E1:1354 & E2:1388 degrees
7671
EDIFFS:
-836.00-870.00
-80-83
Set Reg 31 with val: -107
Set Reg 32 with val: -110
Speed Adjustment: S1, S2
-107-110
41F03F3
Serial Buffer: 
0 - 0
0 - 1
4 - 2
1F - 3
0 - 4
0 - 5
3 - 6
F3 - 7

d.both:
41F03F3
Recieved: 25 with E1:1011 & E2:1055 degrees
8694
EDIFFS:
-493.00-537.00
-47-51
Set Reg 31 with val: -74
Set Reg 32 with val: -78
Speed Adjustment: S1, S2
-74-78
2D902A2
Serial Buffer: 
0 - 0
0 - 1
2 - 2
D9 - 3
0 - 4
0 - 5
2 - 6
A2 - 7

d.both:
2D902A2
Recieved: 25 with E1:674 & E2:729 degrees
9718
EDIFFS:
-156.00-211.00
-15-20
Set Reg 31 with val: -42
Set Reg 32 with val: -47
Speed Adjustment: S1, S2
-42-47
FFFFFFCF
Serial Buffer: 
0 - 0
0 - 1
0 - 2
1B - 3
FF - 4
FF - 5
FF - 6
CF - 7

d.both:
FFFFFFCF
Recieved: 25 with E1:-49 & E2:-1 degrees
10741
EDIFFS:
567.00519.00
5450
Set Reg 31 with val: 81
Set Reg 32 with val: 77
Speed Adjustment: S1, S2
8177
FFFFFDBF
Serial Buffer: 
FF - 0
FF - 1
FE - 2
3B - 3
FF - 4
FF - 5
FD - 6
BF - 7

d.both:
FFFFFDBF
Recieved: 25 with E1:-577 & E2:-1 degrees
11763
EDIFFS:
1095.00519.00
10550
Set Reg 31 with val: -124
Set Reg 32 with val: 77
Speed Adjustment: S1, S2
-12477
FFFFFD0E
Serial Buffer: 
FF - 0
FF - 1
FD - 2
BB - 3
FF - 4
FF - 5
FD - 6
E - 7

d.both:
FFFFFD0E
Recieved: 25 with E1:-754 & E2:-1 degrees
12786
EDIFFS:
1272.00519.00
12250
Set Reg 31 with val: -107
Set Reg 32 with val: 77
Speed Adjustment: S1, S2
-10777
FFFFFE81
Serial Buffer: 
FF - 0
FF - 1
FD - 2
39 - 3
FF - 4
FF - 5
FE - 6
81 - 7

d.both:
FFFFFE81
Recieved: 25 with E1:-383 & E2:-1 degrees
13809
EDIFFS:
901.00519.00
8650
Set Reg 31 with val: 113
Set Reg 32 with val: 77
Speed Adjustment: S1, S2
11377
FA8F0157
Serial Buffer: 
FF - 0
FF - 1
FA - 2
8F - 3
0 - 4
0 - 5
1 - 6
57 - 7

d.both:
FA8F0157
Recieved: 25 with E1:343 & E2:-1393 degrees
14833
EDIFFS:
175.001911.00
16-72
Set Reg 31 with val: 43
Set Reg 32 with val: -45
Speed Adjustment: S1, S2
43-45
F7E60433
Serial Buffer: 
FF - 0
FF - 1
F7 - 2
E6 - 3
0 - 4
0 - 5
4 - 6
33 - 7

d.both:
F7E60433
Recieved: 25 with E1:1075 & E2:-2074 degrees
15856
EDIFFS:
-557.002592.00
-53-6
Set Reg 31 with val: -80
Set Reg 32 with val: 21
Speed Adjustment: S1, S2
-8021
F7620604
Serial Buffer: 
FF - 0
FF - 1
F7 - 2
62 - 3
0 - 4
0 - 5
6 - 6
4 - 7

d.both:
F7620604
Recieved: 25 with E1:1540 & E2:-2206 degrees
16879
EDIFFS:
-1022.002724.00
-986
Set Reg 31 with val: -125
Set Reg 32 with val: 33
Speed Adjustment: S1, S2
-12533
F6E106CD
Serial Buffer: 
FF - 0
FF - 1
F6 - 2
E1 - 3
0 - 4
0 - 5
6 - 6
CD - 7

d.both:
F6E106CD
Recieved: 25 with E1:1741 & E2:-2335 degrees
17901
EDIFFS:
-1223.002853.00
-11819
Set Reg 31 with val: 111
Set Reg 32 with val: 46
Speed Adjustment: S1, S2
11146
F43C07FD
Serial Buffer: 
FF - 0
FF - 1
F4 - 2
3C - 3
0 - 4
0 - 5
7 - 6
FD - 7

d.both:
F43C07FD
Recieved: 25 with E1:2045 & E2:-3012 degrees
18923
EDIFFS:
-1527.003530.00
10984
Set Reg 31 with val: 82
Set Reg 32 with val: 111
Speed Adjustment: S1, S2
82111
F18F09A3
Serial Buffer: 
FF - 0
FF - 1
F1 - 2
8F - 3
0 - 4
0 - 5
9 - 6
A3 - 7

d.both:
F18F09A3
Recieved: 25 with E1:2467 & E2:-3697 degrees
19945
EDIFFS:
-1949.004215.00
68-106
Set Reg 31 with val: 41
Set Reg 32 with val: -79
Speed Adjustment: S1, S2
41-79
F1060C6A
Serial Buffer: 
FF - 0
FF - 1
F1 - 2
6 - 3
0 - 4
0 - 5
C - 6
6A - 7

d.both:
F1060C6A
Recieved: 25 with E1:3178 & E2:-3834 degrees
20967
EDIFFS:
-2660.004352.00
0-92
Set Reg 31 with val: -27
Set Reg 32 with val: -65
Speed Adjustment: S1, S2
-27-65
F2510F2D
Serial Buffer: 
FF - 0
FF - 1
F2 - 2
51 - 3
0 - 4
0 - 5
F - 6
2D - 7

d.both:
F2510F2D
Recieved: 25 with E1:3885 & E2:-3503 degrees
21989
EDIFFS:
-3367.004021.00
-69-124
Set Reg 31 with val: -96
Set Reg 32 with val: -97
Speed Adjustment: S1, S2
-96-97
F2C90FCD
Serial Buffer: 
FF - 0
FF - 1
F2 - 2
C9 - 3
0 - 4
0 - 5
F - 6
CD - 7

d.both:
F2C90FCD
Recieved: 25 with E1:4045 & E2:-3383 degrees
23012
EDIFFS:
-3527.003901.00
-84120
Set Reg 31 with val: -111
Set Reg 32 with val: -109
Speed Adjustment: S1, S2
-111-109
F1200E48
Serial Buffer: 
FF - 0
FF - 1
F1 - 2
20 - 3
0 - 4
0 - 5
E - 6
48 - 7

d.both:
F1200E48
Recieved: 25 with E1:3656 & E2:-3808 degrees
24035
EDIFFS:
-3138.004326.00
-46-95
Set Reg 31 with val: -73
Set Reg 32 with val: -68
Speed Adjustment: S1, S2
-73-68
ED700AB8
Serial Buffer: 
FF - 0
FF - 1
ED - 2
70 - 3
0 - 4
0 - 5
A - 6
B8 - 7

d.both:
ED700AB8
Recieved: 25 with E1:2744 & E2:-4752 degrees
25057
EDIFFS:
-2226.005270.00
42-4
Set Reg 31 with val: 15
Set Reg 32 with val: 23
Speed Adjustment: S1, S2
1523
EA3D07A2
Serial Buffer: 
FF - 0
FF - 1
EA - 2
3D - 3
0 - 4
0 - 5
7 - 6
A2 - 7

d.both:
EA3D07A2
Recieved: 25 with E1:1954 & E2:-5571 degrees
26080
EDIFFS:
-1436.006089.00
11875
Set Reg 31 with val: 91
Set Reg 32 with val: 102
Speed Adjustment: S1, S2
91102
E898062C
Serial Buffer: 
FF - 0
FF - 1
E8 - 2
98 - 3
0 - 4
0 - 5
6 - 6
2C - 7

d.both:
E898062C
Recieved: 25 with E1:1580 & E2:-5992 degrees
27102
EDIFFS:
-1062.006510.00
-102116
Set Reg 31 with val: 127
Set Reg 32 with val: -113
Speed Adjustment: S1, S2
127-113
E91506D8
Serial Buffer: 
FF - 0
FF - 1
E9 - 2
15 - 3
0 - 4
0 - 5
6 - 6
D8 - 7

d.both:
E91506D8
Recieved: 25 with E1:1752 & E2:-5867 degrees
28125
EDIFFS:
-1234.006385.00
-119104
Set Reg 31 with val: 110
Set Reg 32 with val: -125
Speed Adjustment: S1, S2
110-125
EBB70788
Serial Buffer: 
FF - 0
FF - 1
EB - 2
B7 - 3
0 - 4
0 - 5
7 - 6
88 - 7

d.both:
EBB70788
Recieved: 25 with E1:1928 & E2:-5193 degrees
29149
EDIFFS:
-1410.005711.00
12039
Set Reg 31 with val: 93
Set Reg 32 with val: 66
Speed Adjustment: S1, S2
9366
EFCE0615
Serial Buffer: 
FF - 0
FF - 1
EF - 2
CE - 3
0 - 4
0 - 5
6 - 6
15 - 7

d.both:
EFCE0615
Recieved: 25 with E1:1557 & E2:-4146 degrees
30172
EDIFFS:
-1039.004664.00
-100-62
Set Reg 31 with val: -127
Set Reg 32 with val: -35
Speed Adjustment: S1, S2
-127-35
F360049B
Serial Buffer: 
FF - 0
FF - 1
F3 - 2
60 - 3
0 - 4
0 - 5
4 - 6
9B - 7

d.both:
F360049B
Recieved: 25 with E1:1179 & E2:-3232 degrees
31196
EDIFFS:
-661.003750.00
-63105
Set Reg 31 with val: -90
Set Reg 32 with val: -124
Speed Adjustment: S1, S2
-90-124
F5C4037F
Serial Buffer: 
FF - 0
FF - 1
F5 - 2
C4 - 3
0 - 4
0 - 5
3 - 6
7F - 7

d.both:
F5C4037F
Recieved: 25 with E1:895 & E2:-2620 degrees
32220
EDIFFS:
-377.003138.00
-3646
Set Reg 31 with val: -63
Set Reg 32 with val: 73
Speed Adjustment: S1, S2
-6373
F6050123
Serial Buffer: 
FF - 0
FF - 1
F6 - 2
5 - 3
0 - 4
0 - 5
1 - 6
23 - 7

d.both:
F6050123
Recieved: 25 with E1:291 & E2:-2555 degrees
-32292
EDIFFS:
227.003073.00
2140
Set Reg 31 with val: 48
Set Reg 32 with val: 67
Speed Adjustment: S1, S2
4867
FFFFFEC7
Serial Buffer: 
FF - 0
FF - 1
F4 - 2
36 - 3
FF - 4
FF - 5
FE - 6
C7 - 7

d.both:
FFFFFEC7
Recieved: 25 with E1:-313 & E2:-1 degrees
-31269
EDIFFS:
831.00519.00
8050
Set Reg 31 with val: 107
Set Reg 32 with val: 77
Speed Adjustment: S1, S2
10777
FFFFFE8F
Serial Buffer: 
FF - 0
FF - 1
F2 - 2
F5 - 3
FF - 4
FF - 5
FE - 6
8F - 7

d.both:
FFFFFE8F
Recieved: 25 with E1:-369 & E2:-1 degrees
-30246
EDIFFS:
887.00519.00
8550
Set Reg 31 with val: 112
Set Reg 32 with val: 77
Speed Adjustment: S1, S2
11277
F3D50079
Serial Buffer: 
FF - 0
FF - 1
F3 - 2
D5 - 3
0 - 4
0 - 5
0 - 6
79 - 7

d.both:
F3D50079
Recieved: 25 with E1:121 & E2:-3115 degrees
-29223
EDIFFS:
397.003633.00
3894
Set Reg 31 with val: 65
Set Reg 32 with val: 121
Speed Adjustment: S1, S2
65121
F6DB0355
Serial Buffer: 
FF - 0
FF - 1
F6 - 2
DB - 3
0 - 4
0 - 5
3 - 6
55 - 7

d.both:
F6DB0355
Recieved: 25 with E1:853 & E2:-2341 degrees
-28200
EDIFFS:
-335.002859.00
-3219
Set Reg 31 with val: -59
Set Reg 32 with val: 46
Speed Adjustment: S1, S2
-5946
F9F20738
Serial Buffer: 
FF - 0
FF - 1
F9 - 2
F2 - 3
0 - 4
0 - 5
7 - 6
38 - 7

d.both:
F9F20738
Recieved: 25 with E1:1848 & E2:-1550 degrees
-27176
EDIFFS:
-1330.002068.00
-128-57
Set Reg 31 with val: 101
Set Reg 32 with val: -30
Speed Adjustment: S1, S2
101-30
FB4B0AA9
Serial Buffer: 
FF - 0
FF - 1
FB - 2
4B - 3
0 - 4
0 - 5
A - 6
A9 - 7

d.both:
FB4B0AA9
Recieved: 25 with E1:2729 & E2:-1205 degrees
-26152
EDIFFS:
-2211.001723.00
43-90
Set Reg 31 with val: 16
Set Reg 32 with val: -63
Speed Adjustment: S1, S2
16-63
FCAF0BF4
Serial Buffer: 
FF - 0
FF - 1
FC - 2
AF - 3
0 - 4
0 - 5
B - 6
F4 - 7

d.both:
FCAF0BF4
Recieved: 25 with E1:3060 & E2:-849 degrees
-25128
EDIFFS:
-2542.001367.00
11-125
Set Reg 31 with val: -16
Set Reg 32 with val: -98
Speed Adjustment: S1, S2
-16-98
FE150B1D
Serial Buffer: 
FF - 0
FF - 1
FE - 2
15 - 3
0 - 4
0 - 5
B - 6
1D - 7

d.both:
FE150B1D
Recieved: 25 with E1:2845 & E2:-491 degrees
-24105
EDIFFS:
-2327.001009.00
3297
Set Reg 31 with val: 5
Set Reg 32 with val: 124
Speed Adjustment: S1, S2
5124
FDD20828
Serial Buffer: 
FF - 0
FF - 1
FD - 2
D2 - 3
0 - 4
0 - 5
8 - 6
28 - 7

d.both:
FDD20828
Recieved: 25 with E1:2088 & E2:-558 degrees
-23082
EDIFFS:
-1570.001076.00
105103
Set Reg 31 with val: 78
Set Reg 32 with val: -126
Speed Adjustment: S1, S2
78-126
FDDA0590
Serial Buffer: 
FF - 0
FF - 1
FD - 2
DA - 3
0 - 4
0 - 5
5 - 6
90 - 7

d.both:
FDDA0590
Recieved: 25 with E1:1424 & E2:-550 degrees
-22060
EDIFFS:
-906.001068.00
-87103
Set Reg 31 with val: -114
Set Reg 32 with val: -126
Speed Adjustment: S1, S2
-114-126
FE5F0427
Serial Buffer: 
FF - 0
FF - 1
FE - 2
5F - 3
0 - 4
0 - 5
4 - 6
27 - 7

d.both:
FE5F0427
Recieved: 25 with E1:1063 & E2:-417 degrees
-21036
EDIFFS:
-545.00935.00
-5290
Set Reg 31 with val: -79
Set Reg 32 with val: 117
Speed Adjustment: S1, S2
-79117
FE5F0427
Serial Buffer: 
FF - 0
FF - 1
FE - 2
5F - 3
0 - 4
0 - 5
4 - 6
27 - 7

d.both:
FE5F0427
Recieved: 25 with E1:1063 & E2:-417 degrees
-20012
EDIFFS:
-545.00935.00
-5290
Set Reg 31 with val: -79
Set Reg 32 with val: 117
Speed Adjustment: S1, S2
-79117
FE5F0427
Serial Buffer: 
FF - 0
FF - 1
FE - 2
5F - 3
0 - 4
0 - 5
4 - 6
27 - 7

d.both:
FE5F0427
Recieved: 25 with E1:1063 & E2:-417 degrees
-18989
EDIFFS:
-545.00935.00
-5290
Set Reg 31 with val: -79
Set Reg 32 with val: 117
Speed Adjustment: S1, S2
-79117
FE5E0427
Serial Buffer: 
FF - 0
FF - 1
FE - 2
5E - 3
0 - 4
0 - 5
4 - 6
27 - 7

d.both:
FE5E0427
Recieved: 25 with E1:1063 & E2:-418 degrees
-17966
EDIFFS:
-545.00936.00
-5290
Set Reg 31 with val: -79
Set Reg 32 with val: 117
Speed Adjustment: S1, S2
-79117
FE5E0427
Serial Buffer: 
FF - 0
FF - 1
FE - 2
5E - 3
0 - 4
0 - 5
4 - 6
27 - 7

d.both:
FE5E0427
Recieved: 25 with E1:1063 & E2:-418 degrees
-16942
EDIFFS:
-545.00936.00
-5290
Set Reg 31 with val: -79
Set Reg 32 with val: 117
Speed Adjustment: S1, S2
-79117
FE5E0427
Serial Buffer: 
FF - 0
FF - 1
FE - 2
5E - 3
0 - 4
0 - 5
4 - 6
27 - 7

d.both:
FE5E0427
Recieved: 25 with E1:1063 & E2:-418 degrees
-15919
EDIFFS:
-545.00936.00
-5290
Set Reg 31 with val: -79
Set Reg 32 with val: 117
Speed Adjustment: S1, S2
-79117
FE5E0427
Serial Buffer: 
FF - 0
FF - 1
FE - 2
5E - 3
0 - 4
0 - 5
4 - 6
27 - 7

d.both:
FE5E0427
Recieved: 25 with E1:1063 & E2:-418 degrees
-14896
EDIFFS:
-545.00936.00
-5290
Set Reg 31 with val: -79
Set Reg 32 with val: 117
Speed Adjustment: S1, S2
-79117
FE5E0427
Serial Buffer: 
FF - 0
FF - 1
FE - 2
5E - 3
0 - 4
0 - 5
4 - 6
27 - 7

d.both:
FE5E0427
Recieved: 25 with E1:1063 & E2:-418 degrees
-13873
EDIFFS:
-545.00936.00
-5290
Set Reg 31 with val: -79
Set Reg 32 with val: 117
Speed Adjustment: S1, S2
-79117
FE5E0427
Serial Buffer: 
FF - 0
FF - 1
FE - 2
5E - 3
0 - 4
0 - 5
4 - 6
27 - 7

d.both:
FE5E0427
Recieved: 25 with E1:1063 & E2:-418 degrees
-12850
EDIFFS:
-545.00936.00
-5290
Set Reg 31 with val: -79
Set Reg 32 with val: 117
Speed Adjustment: S1, S2
-79117
FE5E0427
Serial Buffer: 
FF - 0
FF - 1
FE - 2
5E - 3
0 - 4
0 - 5
4 - 6
27 - 7

d.both:
FE5E0427
Recieved: 25 with E1:1063 & E2:-418 degrees
-11827
EDIFFS:
-545.00936.00
-5290
Set Reg 31 with val: -79
Set Reg 32 with val: 117
Speed Adjustment: S1, S2
-79117
FE5E0427
Serial Buffer: 
FF - 0
FF - 1
FE - 2
5E - 3
0 - 4
0 - 5
4 - 6
27 - 7

d.both:
FE5E0427
Recieved: 25 with E1:1063 & E2:-418 degrees
-10804
EDIFFS:
-545.00936.00
-5290
Set Reg 31 with val: -79
Set Reg 32 with val: 117
Speed Adjustment: S1, S2
-79117
FE5E0427
Serial Buffer: 
FF - 0
FF - 1
FE - 2
5E - 3
0 - 4
0 - 5
4 - 6
27 - 7

d.both:
FE5E0427
Recieved: 25 with E1:1063 & E2:-418 degrees
-9781
EDIFFS:
-545.00936.00
-5290
Set Reg 31 with val: -79
Set Reg 32 with val: 117
Speed Adjustment: S1, S2
-79117
FE5E0427
Serial Buffer: 
FF - 0
FF - 1
FE - 2
5E - 3
0 - 4
0 - 5
4 - 6
27 - 7

d.both:
FE5E0427
Recieved: 25 with E1:1063 & E2:-418 degrees
-8758
EDIFFS:
-545.00936.00
-5290
Set Reg 31 with val: -79
Set Reg 32 with val: 117
Speed Adjustment: S1, S2
-79117
FE5E0427
Serial Buffer: 
FF - 0
FF - 1
FE - 2
5E - 3
0 - 4
0 - 5
4 - 6
27 - 7

d.both:
FE5E0427
Recieved: 25 with E1:1063 & E2:-418 degrees
-7735
EDIFFS:
-545.00936.00
-5290
Set Reg 31 with val: -79
Set Reg 32 with val: 117
Speed Adjustment: S1, S2
-79117
