=~=~=~=~=~=~=~=~=~=~=~= PuTTY log 2017.11.13 14:44:41 =~=~=~=~=~=~=~=~=~=~=~=
Rrn executed: -90 Degrees
Next WP: 3
Ratio = 2, D(o) = 155 Return: turns and 0 degrees.
Register Accesed
Register Accesed
Turn executed: -90 Degrees
Next WP: 3
Ratio = 2, D(o) = 155 Return: Ratio
Ratio = 2,Register Accesed
Register Accesed
Register Accesed
Register Accesed
Register Accesed
ACHTUNG!!! Ich habe gehaltet!
Waypoint Notification
Register Accesed
Setup Complete
Next WP: 12
Encoder Target:0 degrees, or:0 turns and 0 degrees.
Straight line target:428mm
Register Accesed
Register Accesed
Register Accesed
Recieved: 23 with turns:0 and degrees:136
Register Accesed
Recieved: 24 with turns:0 and degrees:136
Register Accesed
Register Accesed
Register Accesed
Register Accesed
Register Accesed
Register Accesed
ACHTUNG!!! Ich habe gehaltet!
Waypoint Notification
Register Accesed
Next WP: 11
Encoder Target:0 degrees, or:0 turns and 0 degrees.
Straight line target:283mm
Register Accesed
Register Accesed
Register Accesed
Recieved: 23 with turns:0 and degrees:136
Register Accesed
Recieved: 24 with turns:0 and degrees:136
Register Accesed
Register Accesed
Register Accesed
Register Accesed
Register Accesed
Register Accesed
ACHTUNG!!! Ich habe gehaltet!
Waypoint Notification
Register Accesed
turn: 0.00
Encoder Target:0 degrees, or:0 turns and 0 degrees.
Encoder Target:0 degrees, or:0 turns and 0 degrees.
Register Accesed
Register Accesed
Turn executed: 142 Degrees
Next WP: 10
Ratio = 3, D(o) = 300 Return: Ratio
Ratio = 3, D(o) = 300 Return: D(o)
Describing Anti-Clockwise Arc:
Inner Circumference:2446mm Outer Circumference:300mm
Register Accesed
Register Accesed
Register Accesed
Register Accesed
ACHTUNG!!! Ich habe gehaltet!
Waypoint Notification
Register Accesed
turn: 0.00
Encoder Target:0 degrees, or:0 turns and 0 degrees.
Encoder Target:0 degrees, or:0 turns and 0 degrees.
Register Accesed
Register Accesed
Turn executed: -90 Degrees
Next WP: 9
Encoder Target:0 degrees, or:0 turns and 0 degrees.
Straight line target:180mm
Register Accesed
Register Accesed
Register Accesed
Recieved: 23 with turns:0 and degrees:136
Register Accesed
Recieved: 24 with turns:0 and degrees:136
Register Accesed
Register Accesed
Register Accesed
Register Accesed
Register Accesed
Register Accesed
ACHTUNG!!! Ich habe gehaltet!
Waypoint Notification
Register Accesed
turn: 0.00
Encoder Target:0 degrees, or:0 turns and 0 degrees.
Encoder Target:0 degrees, or:0 turns and 0 degrees.
Register Accesed
Register Accesed
Turn executed: 140 Degrees
Next WP: 8
Encoder Target:0 degrees, or:0 turns and 0 degrees.
Straight line target:622mm
Register Accesed
Register Accesed
Register Accesed
Recieved: 23 with turns:0 and degrees:136
Register Accesed
Recieved: 24 with turns:0 and degrees:136
Register Accesed
Register Accesed
Register Accesed
Register Accesed
Register Accesed
Register Accesed
ACHTUNG!!! Ich habe gehaltet!
Waypoint Notification
Register Accesed
turn: 0.00
Encoder Target:0 degrees, or:0 turns and 0 degrees.
Encoder Target:0 degrees, or:0 turns and 0 degrees.
Register Accesed
Register Accesed
Turn executed: 50 Degrees
Next WP: 7
Encoder Target:0 degrees, or:0 turns and 0 degrees.
Straight line target:400mm
Register Accesed
Register Accesed
Register Accesed
Recieved: 23 with turns:0 and degrees:136
Register Accesed
Recieved: 24 with turns:0 and degrees:136
Register Accesed
Register Accesed
Register Accesed
Register Accesed
Register Accesed
Register Accesed
ACHTUNG!!! Ich habe gehaltet!
Waypoint Notification
Register Accesed
turn: 0.00
Encoder Target:0 degrees, or:0 turns and 0 degrees.
Encoder Target:0 degrees, or:0 turns and 0 degrees.
Register Accesed
Register Accesed
Turn executed: 90 Degrees
Next WP: 6
Encoder Target:0 degrees, or:0 turns and 0 degrees.
Straight line target:400mm
Register Accesed
Register Accesed
Register Accesed
Recieved: 23 with turns:0 and degrees:136
Register Accesed
Recieved: 24 with turns:0 and degrees:136
Register Accesed
Register Accesed
Register Accesed
Register Accesed
Register Accesed
Register Accesed
ACHTUNG!!! Ich habe gehaltet!
Waypoint Notification
Register Accesed
turn: 0.00
Encoder Target:0 degrees, or:0 turns and 0 degrees.
Encoder Target:0 degrees, or:0 turns and 0 degrees.
Register Accesed
Register Accesed
Turn executed: 90 Degrees
Next WP: 5
Encoder Target:0 degrees, or:0 turns and 0 degrees.
Straight line target:400mm
Register Accesed
Register Accesed
Register Accesed
Recieved: 23 with turns:0 and degrees:136
Register Accesed
Recieved: 24 with turns:0 and degrees:136
Register Accesed
Register Accesed
Register Accesed
Register Accesed
Register Accesed
Register Accesed
ACHTUNG!!! Ich habe gehaltet!
Waypoint Notification
Register Accesed
turn: 0.00
Encoder Target:0 degrees, or:0 turns and 0 degrees.
Encoder Target:0 degrees, or:0 turns and 0 degrees.
Register Accesed
Register Accesed
Turn executed: 90 Degrees
Next WP: 4
Encoder Target:0 degrees, or:0 turns and 0 degrees.
Straight line target:660mm
Register Accesed
Register Accesed
Register Accesed
Recieved: 23 with turns:0 and degrees:136
Register Accesed
Recieved: 24 with turns:0 and degrees:136
Register Accesed
Register Accesed
Register Accesed
Register Accesed
Register Accesed
Register Accesed
ACHTUNG!!! Ich habe gehaltet!
Waypoint Notification
Register Accesed
turn: 0.00
Encoder Target:0 degrees, or:0 turns and 0 degrees.
Encoder Target:0 degrees, or:0 turns and 0 degrees.
Register Accesed
Register Accesed
Turn executed: -90 Degrees
Next WP: 3
Ratio = 2, D(o) = 155 Return: Ratio
Ratio = 2, D(o) = 155 Return: D(o)
Describing Anti-Clockwise Arc:
Inner Circumference:3100mm Outer Circumference:155mm
Register Accesed
Register Accesed
Register Accesed
Register Accesed
ACHTUNG!!! Ich habe gehaltet!
Waypoint Notification
Register Accesed
turn: 0.00
Encoder Target:0 degrees, or:0 turns and 0 degrees.
Encoder Target:0 degrees, or:0 turns and 0 degrees.
Register Accesed
Register Accesed
Turn executed: 90 Degrees
Next WP: 2
Encoder Target:0 degrees, or:0 turns and 0 degrees.
Straight line target:500mm
Register Accesed
Register Accesed
Register Accesed
Recieved: 23 with turns:0 and degrees:136
Register Accesed
Recieved: 24 with turns:0 and degrees:136
Register Accesed
Register Accesed
Register Accesed
Register Accesed
Register Accesed
Register Accesed
ACHTUNG!!! Ich habe gehaltet!
Waypoint Notification
Register Accesed
turn: 0.00
Encoder Target:0 degrees, or:0 turns and 0 degrees.
Encoder Target:0 degrees, or:0 turns and 0 degrees.
Register Accesed
Register Accesed
Turn executed: 90 Degrees
Next WP: 1
Encoder Target:0 degrees, or:0 turns and 0 degrees.
Straight line target:260mm
Register Accesed
Register Accesed
Register Accesed
Recieved: 23 with turns:0 and degrees:136
Register Accesed
Recieved: 24 with turns:0 and degrees:136
Register Accesed
Register Accesed
Register Accesed
Register Accesed
Register Accesed
Register Accesed
ACHTUNG!!! Ich habe gehaltet!
Register Accesed
Register Accesed
Register Accesed
Register Accesed
Register Accesed
ACHTUNG!!! Ich habe gehaltet!
Waypoint Notification
Register Accesed
Setup Complete
Next WP: 12
Encoder Target:0 degrees, or:0 turns and 0 degrees.
Straight line target:428mm
Register Accesed
Register Accesed
Register Accesed
Recieved: 23 with turns:0 and degrees:136
Register Accesed
Recieved: 24 with turns:0 and degrees:136
Register Accesed
Register Accesed
Register Accesed
Register Accesed
Register Accesed
Register Accesed
ACHTUNG!!! Ich habe gehaltet!
Waypoint Notification
Register Accesed
Next WP: 11
Encoder Target:0 degrees, or:0 turns and 0 degrees.
Straight line target:283mm
Register Accesed
Register Accesed
Register Accesed
Recieved: 23 with turns:0 and degrees:136
Register Accesed
Recieved: 24 with turns:0 and degrees:136
Register Accesed
Register Accesed
Register Accesed
Register Accesed
Register Accesed
Register Accesed
ACHTUNG!!! Ich habe gehaltet!
Waypoint Notification
Register Accesed
turn: 0.00
Encoder Target:0 degrees, or:0 turns and 0 degrees.
Encoder Target:0 degrees, or:0 turns and 0 degrees.
Register Accesed
Register Accesed
Turn executed: 142 Degrees
Next WP: 10
Ratio = 3, D(o) = 300 Return: Ratio
Ratio = 3, D(o) = 300 Return: D(o)
Describing Anti-Clockwise Arc:
Inner Circumference:2446mm Outer Circumference:300mm
Register Accesed
Register Accesed
Register Accesed
Register Accesed
ACHTUNG!!! Ich habe gehaltet!
Waypoint Notification
Register Accesed
turn: 0.00
Encoder Target:0 degrees, or:0 turns and 0 degrees.
Encoder Target:0 degrees, or:0 turns and 0 degrees.
Register Accesed
Register Accesed
Turn executed: -90 Degrees
Next WP: 9
Encoder Target:0 degrees, or:0 turns and 0 degrees.
Straight line target:180mm
Register Accesed
Register Accesed
Register Accesed
Recieved: 23 with turns:0 and degrees:136
Register Accesed
Recieved: 24 with turns:0 and degrees:136
Register Accesed
Register Accesed
Register Accesed
Register Accesed
Register Accesed
Register Accesed
ACHTUNG!!! Ich habe gehaltet!
Waypoint Notification
Register Accesed
turn: 0.00
Encoder Target:0 degrees, or:0 turns and 0 degrees.
Encoder Target:0 degrees, or:0 turns and 0 degrees.
Register Accesed
Register Accesed
Turn executed: 140 Degrees
Next WP: 8
Encoder Target:0 degrees, or:0 turns and 0 degrees.
Straight line target:622mm
Register Accesed
Register Accesed
Register Accesed
Recieved: 23 with turns:0 and degrees:136
Register Accesed
Recieved: 24 with turns:0 and degrees:136
Register Accesed
Register Accesed
Register Accesed
Register Accesed
Register Accesed
Register Accesed
ACHTUNG!!! Ich habe gehaltet!
Waypoint Notification
Register Accesed
turn: 0.00
Encoder Target:0 degrees, or:0 turns and 0 degrees.
Encoder Target:0 degrees, or:0 turns and 0 degrees.
Register Accesed
Register Accesed
Turn executed: 50 Degrees
Next WP: 7
Encoder Target:0 degrees, or:0 turns and 0 degrees.
Straight line target:400mm
Register Accesed
Register Accesed
Register Accesed
Recieved: 23 with turns:0 and degrees:136
Register Accesed
Recieved: 24 with turns:0 and degrees:136
Register Accesed
Register Accesed
Register Accesed
Register Accesed
Register Accesed
Register Accesed
ACHTUNG!!! Ich habe gehaltet!
Waypoint Notification
Register Accesed
turn: 0.00
Encoder Target:0 degrees, or:0 turns and 0 degrees.
Encoder Target:0 degrees, or:0 turns and 0 degrees.
Register Accesed
Register Accesed
Turn executed: 90 Degrees
Next WP: 6
Encoder Target:0 degrees, or:0 turns and 0 degrees.
Straight line target:400mm
Register Accesed
Register Accesed
Register Accesed
Recieved: 23 with turns:0 and degrees:136
Register Accesed
Recieved: 24 with turns:0 and degrees:136
Register Accesed
Register Accesed
Register Accesed
Register Accesed
Register Accesed
Register Accesed
ACHTUNG!!! Ich habe gehaltet!
Waypoint Notification
Register Accesed
turn: 0.00
Encoder Target:0 degrees, or:0 turns and 0 degrees.
Encoder Target:0 degrees, or:0 turns and 0 degrees.
Register Accesed
Register Accesed
Turn executed: 90 Degrees
Next WP: 5
Encoder Target:0 degrees, or:0 turns and 0 degrees.
Straight line target:400mm
Register Accesed
Register Accesed
Register Accesed
Recieved: 23 with turns:0 and degrees:136
Register Accesed
Recieved: 24 with turns:0 and degrees:136
Register Accesed
Register Accesed
Register Accesed
Register Accesed
Register Accesed
Register Accesed
ACHTUNG!!! Ich habe gehaltet!
Waypoint Notification
Register Accesed
turn: 0.00
Encoder Target:0 degrees, or:0 turns and 0 degrees.
Encoder Target:0 degrees, or:0 turns and 0 degrees.
Register Accesed
Register Accesed
Turn executed: 90 Degrees
Next WP: 4
Encoder Target:0 degrees, or:0 turns and 0 degrees.
Straight line target:660mm
Register Accesed
Register Accesed
Register Accesed
Recieved: 23 with turns:0 and degrees:136
Register Accesed
Recieved: 24 with turns:0 and degrees:136
Register Accesed
Register Accesed
Register Accesed
Register Accesed
Register Accesed
Register Accesed
ACHTUNG!!! Ich habe gehaltet!
Waypoint Notification
Register Accesed
turn: 0.00
Encoder Target:0 degrees, or:0 turns and 0 degrees.
Encoder Target:0 degrees, or:0 turns and 0 degrees.
Register Accesed
Register Accesed
Turn executed: -90 Degrees
Next WP: 3
Ratio = 2, D(o) = 155 Return: Ratio
Ratio = 2, D(o) = 155 Return: D(o)
Describing Anti-Clockwise Arc:
Inner Circumference:3100mm Outer Circumference:155mm
Register Accesed
Register Accesed
Register Accesed
Register Accesed
ACHTUNG!!! Ich habe gehaltet!
Waypoint Notification
Register Accesed
turn: 0.00
Encoder Target:0 degrees, or:0 turns and 0 degrees.
Encoder Target:0 degrees, or:0 turns and 0 degrees.
Register Accesed
Register Accesed
Turn executed: 90 Degrees
Next WP: 2
Encoder Target:0 degrees, or:0 turns and 0 degrees.
Straight line target:500mm
Register Accesed
Register Accesed
Register Accesed
Recieved: 23 with turns:0 and degrees:136
Register Accesed
Recieved: 24 with turns:0 and degrees:136
Register Accesed
Register Accesed
Register Accesed
Register Accesed
Register Accesed
Register Accesed
ACHTUNG!!! Ich habe gehaltet!
Waypoint Notification
Register Accesed
turn: 0.00
Encoder Target:0 degrees, or:0 turns and 0 degrees.
Encoder Target:0 degrees, or:0 turns and 0 degrees.
Register Accesed
Register Accesed
Turn executed: 90 Degrees
Next WP: 1
Encoder Target:0 degrees, or:0 turns and 0 degrees.
Straight line target:260mm
Register Accesed
Register Accesed
Register Accesed
Recieved: 23 with turns:0 and degrees:136
Register Accesed
Recieved: 24 with turns:0 and degrees:136
Register Accesed
Register Accesed
Register Accesed
Register Accesed
Register Accesed
Register Accesed
ACHTUNG!!! Ich habe gehaltet!
Waypoint Notification
Register Accesed
turn: 0.00
Encoder Target:0 degrees, or:0 turns and 0 degrees.
Encoder Target:0 degrees, or:0 turns and 0 degrees.
Register Accesed
Register Accesed
Turn executed: -90 Degrees
Next WP: 0
Encoder Target:0 degrees, or:0 turns and 0 degrees.
Straight line target:340mm
Register Accesed
Register Accesed
Register Accesed
Recieved: 23 with turns:0 and degrees:136
Register Accesed
Recieved: 24 with turns:0 and degrees:136
Register Accesed
Register Accesed
Register Accesed
Register Accesed
Register Accesed
Register Accesed
ACHTUNG!!! Ich habe gehaltet!
Waypoint Notification
Register Accesed
Next WP: 12
Encoder Target:0 degrees, or:0 turns and 0 degrees.
Straight line target:428mm
Register Accesed
Register Accesed
Register Accesed
Recieved: 23 with turns:0 and degrees:136
Register Accesed
Recieved: 24 with turns:0 and degrees:136
Register Accesed
Register Accesed
Register Accesed
Register Accesed
Register Accesed
Register Accesed
ACHTUNG!!! Ich habe gehaltet!
Waypoint Notification
Register Accesed
Next WP: 11
Encoder Target:0 degrees, or:0 turns and 0 degrees.
Straight line target:283mm
Register Accesed
Register Accesed
Register Accesed
Recieved: 23 with turns:0 and degrees:136
Register Accesed
Recieved: 24 with turns:0 and degrees:136
Register Accesed
Register Accesed
Register Accesed
Register Accesed
Register Accesed
Register Accesed
ACHTUNG!!! Ich habe gehaltet!
Waypoint Notification
Register Accesed
turn: 0.00
Encoder Target:0 degrees, or:0 turns and 0 degrees.
Encoder Target:0 degrees, or:0 turns and 0 degrees.
Register Accesed
Register Accesed
Turn executed: 142 Degrees
Next WP: 10
Ratio = 3, D(o) = 300 Return: Ratio
Ratio = 3, D(o) = 300 Return: D(o)
Describing Anti-Clockwise Arc:
Inner Circumference:2446mm Outer Circumference:300mm
Register Accesed
Register Accesed
Register Accesed
Register Accesed
ACHTUNG!!! Ich habe gehaltet!
Waypoint Notification
Register Accesed
turn: 0.00
Encoder Target:0 degrees, or:0 turns and 0 degrees.
Encoder Target:0 degrees, or:0 turns and 0 degrees.
Register Accesed
Register Accesed
Turn executed: -90 Degrees
Next WP: 9
Encoder Target:0 degrees, or:0 turns and 0 degrees.
Straight line target:180mm
Register Accesed
Register Accesed
Register Accesed
Recieved: 23 with turns:0 and degrees:136
Register Accesed
Recieved: 24 with turns:0 and degrees:136
Register Accesed
Register Accesed
Register Accesed
Register Accesed
Register Accesed
Register Accesed
ACHTUNG!!! Ich habe gehaltet!
Waypoint Notification
Register Accesed
turn: 0.00
Encoder Target:0 degrees, or:0 turns and 0 degrees.
Encoder Target:0 degrees, or:0 turns and 0 degrees.
Register Accesed
Register Accesed
Turn executed: 140 Degrees
Next WP: 8
Encoder Target:0 degrees, or:0 turns and 0 degrees.
Straight line target:622mm
Register Accesed
Register Accesed
Register Accesed
Recieved: 23 with turns:0 and degrees:136
Register Accesed
Recieved: 24 with turns:0 and degrees:136
Register Accesed
Register Accesed
Register Accesed
Register Accesed
Register Accesed
Register Accesed
ACHTUNG!!! Ich habe gehaltet!
Waypoint Notification
Register Accesed
turn: 0.00
Encoder Target:0 degrees, or:0 turns and 0 degrees.
Encoder Target:0 degrees, or:0 turns and 0 degrees.
Register Accesed
Register Accesed
Turn executed: 50 Degrees
Next WP: 7
Encoder Target:0 degrees, or:0 turns and 0 degrees.
Straight line target:400mm
Register Accesed
Register Accesed
Register Accesed
Recieved: 23 with turns:0 and degrees:136
Register Accesed
Recieved: 24 with turns:0 and degrees:136
Register Accesed
Register Accesed
Register Accesed
Register Accesed
Register Accesed
Register Accesed
ACHTUNG!!! Ich habe gehaltet!
Waypoint Notification
Register Accesed
turn: 0.00
Encoder Target:0 degrees, or:0 turns and 0 degrees.
Encoder Target:0 degrees, or:0 turns and 0 degrees.
Register Accesed
Register Accesed
Turn executed: 90 Degrees
Next WP: 6
Encoder Target:0 degrees, or:0 turns and 0 degrees.
Straight line target:400mm
Register Accesed
Register Accesed
Register Accesed
Recieved: 23 with turns:0 and degrees:136
Register Accesed
Recieved: 24 with turns:0 and degrees:136
Register Accesed
Register Accesed
Register Accesed
Register Accesed
Register Accesed
Register Accesed
ACHTUNG!!! Ich habe gehaltet!
Waypoint Notification
Register Accesed
turn: 0.00
Encoder Target:0 degrees, or:0 turns and 0 degrees.
Encoder Target:0 degrees, or:0 turns and 0 degrees.
Register Accesed
Register Accesed
Turn executed: 90 Degrees
Next WP: 5
Encoder Target:0 degrees, or:0 turns and 0 degrees.
Straight line target:400mm
Register Accesed
Register Accesed
Register Accesed
Recieved: 23 with turns:0 and degrees:136
Register Accesed
Recieved: 24 with turns:0 and degrees:136
Register Accesed
Register Accesed
Register Accesed
Register Accesed
Register Accesed
Register Accesed
ACHTUNG!!! Ich habe gehaltet!
Waypoint Notification
Register Accesed
turn: 0.00
Encoder Target:0 degrees, or:0 turns and 0 degrees.
Encoder Target:0 degrees, or:0 turns and 0 degrees.
Register Accesed
Register Accesed
Turn executed: 90 Degrees
Next WP: 4
Encoder Target:0 degrees, or:0 turns and 0 degrees.
Straight line target:660mm
Register Accesed
Register Accesed
Register Accesed
Recieved: 23 with turns:0 and degrees:136
Register Accesed
Recieved: 24 with turns:0 and degrees:136
Register Accesed
Register Accesed
Register Accesed
Register Accesed
Register Accesed
Register Accesed
ACHTUNG!!! Ich habe gehaltet!
Waypoint Notification
Register Accesed
turn: 0.00
Encoder Target:0 degrees, or:0 turns and 0 degrees.
Encoder Target:0 degrees, or:0 turns and 0 degrees.
Register Accesed
Register Accesed
Turn executed: -90 Degrees
Next WP: 3
Ratio = 2, D(o) = 155 Return: Ratio
Ratio = 2, D(o) = 155 Return: D(o)
Describing Anti-Clockwise Arc:
Inner Circumference:3100mm Outer Circumference:155mm
Register Accesed
Register Accesed
Register Accesed
Register Accesed
ACHTUNG!!! Ich habe gehaltet!
Waypoint Notification
Register Accesed
turn: 0.00
Encoder Target:0 degrees, or:0 turns and 0 degrees.
Encoder Target:0 degrees, or:0 turns and 0 degrees.
Register Accesed
Register Accesed
Turn executed: 90 Degrees
Next WP: 2
Encoder Target:0 degrees, or:0 turns and 0 degrees.
Straight line target:500mm
Register Accesed
Register Accesed
Register Accesed
Recieved: 23 with turns:0 and degrees:136
Register Accesed
Recieved: 24 with turns:0 and degrees:136
Register Accesed
Register Accesed
Register Accesed
Register Accesed
Register Accesed
Register Accesed
ACHTUNG!!! Ich habe gehaltet!
Waypoint Notification
Register Accesed
turn: 0.00
Encoder Target:0 degrees, or:0 turns and 0 degrees.
Encoder Target:0 degrees, or:0 turns and 0 degrees.
Register Accesed
Register Accesed
Turn executed: 90 Degrees
Next WP: 1
Encoder Target:0 degrees, or:0 turns and 0 degrees.
Straight line target:260mm
Register Accesed
Register Accesed
Register Accesed
Recieved: 23 with turns:0 and degrees:136
Register Accesed
Recieved: 24 with turns:0 and degrees:136
Register Accesed
Register Accesed
Register Accesed
Register Accesed
Register Accesed
Register Accesed
ACHTUNG!!! Ich habe gehaltet!
Waypoint Notification
Register Accesed
turn: 0.00
Encoder Target:0 degrees, or:0 turns and 0 degrees.
Encoder Target:0 degrees, or:0 turns and 0 degrees.
Register Accesed
Register Accesed
Turn executed: -90 Degrees
Next WP: 0
Encoder Target:0 degrees, or:0 turns and 0 degrees.
Straight line target:340mm
Register Accesed
Register Accesed
Register Accesed
Recieved: 23 with turns:0 and degrees:136
Register Accesed
Recieved: 24 with turns:0 and degrees:136
Register Accesed
Register Accesed
Register Accesed
Register Accesed
Register Accesed
Register Accesed
ACHTUNG!!! Ich habe gehaltet!
Waypoint Notification
Register Accesed
Next WP: 12
Encoder Target:0 degrees, or:0 turns and 0 degrees.
Straight line target:428mm
Register Accesed
Register Accesed
Register Accesed
Recieved: 23 with turns:0 and degrees:136
Register Accesed
Recieved: 24 with turns:0 and degrees:136
Register Accesed
Register Accesed
Register Accesed
Register Accesed
Register Accesed
Register Accesed
ACHTUNG!!! Ich habe gehaltet!
Waypoint Notification
Register Accesed
Next WP: 11
Encoder Target:0 degrees, or:0 turns and 0 degrees.
Straight line target:283mm
Register Accesed
Register Accesed
Register Accesed
Recieved: 23 with turns:0 and degrees:136
Register Accesed
Recieved: 24 with turns:0 and degrees:136
Register Accesed
Register Accesed
Register Accesed
Register Accesed
Register Accesed
Register Accesed
ACHTUNG!!! Ich habe gehaltet!
Waypoint Notification
Register Accesed
turn: 0.00
Encoder Target:0 degrees, or:0 turns and 0 degrees.
Encoder Target:0 degrees, or:0 turns and 0 degrees.
Register Accesed
Register Accesed
Turn executed: 142 Degrees
Next WP: 10
Ratio = 3, D(o) = 300 Return: Ratio
Ratio = 3, D(o) = 300 Return: D(o)
Describing Anti-Clockwise Arc:
Inner Circumference:2446mm Outer Circumference:300mm
Register Accesed
Register Accesed
Register Accesed
Register Accesed
ACHTUNG!!! Ich habe gehaltet!
Waypoint Notification
Register Accesed
turn: 0.00
Encoder Target:0 degrees, or:0 turns and 0 degrees.
Encoder Target:0 degrees, or:0 turns and 0 degrees.
Register Accesed
Register Accesed
Turn executed: -90 Degrees
Next WP: 9
Encoder Target:0 degrees, or:0 turns and 0 degrees.
Straight line target:180mm
Register Accesed
Register Accesed
Register Accesed
Recieved: 23 with turns:0 and degrees:136
Register Accesed
Recieved: 24 with turns:0 and degrees:136
Register Accesed
Register Accesed
Register Accesed
Register Accesed
Register Accesed
Register Accesed
ACHTUNG!!! Ich habe gehaltet!
Waypoint Notification
Register Accesed
turn: 0.00
Encoder Target:0 degrees, or:0 turns and 0 degrees.
Encoder Target:0 degrees, or:0 turns and 0 degrees.
Register Accesed
Register Accesed
Turn executed: 140 Degrees
Next WP: 8
Encoder Target:0 degrees, or:0 turns and 0 degrees.
Straight line target:622mm
Register Accesed
Register Accesed
Register Accesed
Recieved: 23 with turns:0 and degrees:136
Register Accesed
Recieved: 24 with turns:0 and degrees:136
Register Accesed
Register Accesed
Register Accesed
Register Accesed
Register Accesed
Register Accesed
ACHTUNG!!! Ich habe gehaltet!
Waypoint Notification
Register Accesed
turn: 0.00
Encoder Target:0 degrees, or:0 turns and 0 degrees.
Encoder Target:0 degrees, or:0 turns and 0 degrees.
Register Accesed
Register Accesed
Turn executed: 50 Degrees
Next WP: 7
Encoder Target:0 degrees, or:0 turns and 0 degrees.
Straight line target:400mm
Register Accesed
Register Accesed
Register Accesed
Recieved: 23 with turns:0 and degrees:136
Register Accesed
Recieved: 24 with turns:0 and degrees:136
Register Accesed
Register Accesed
Register Accesed
Register Accesed
Register Accesed
Register Accesed
ACHTUNG!!! Ich habe gehaltet!
Waypoint Notification
Register Accesed
turn: 0.00
Encoder Target:0 degrees, or:0 turns and 0 degrees.
Encoder Target:0 degrees, or:0 turns and 0 degrees.
Register Accesed
Register Accesed
Turn executed: 90 Degrees
Next WP: 6
Encoder Target:0 degrees, or:0 turns and 0 degrees.
Straight line target:400mm
Register Accesed
Register Accesed
Register Accesed
Recieved: 23 with turns:0 and degrees:136
Register Accesed
Register Accesed
Register Accesed
Register Accesed
Register Accesed
Register Accesed
ACHTUNG!!! Ich habe gehaltet!
Waypoint Notification
Register Accesed
Setup Complete
Next WP: 12
Encoder Target:0 degrees, or:0 turns and 0 degrees.
Straight line target:428mm
Register Accesed
Register Accesed
Register Accesed
Recieved: 23 with turns:0 and degrees:136
Register Accesed
Recieved: 24 with turns:0 and degrees:136
Register Accesed
Register Accesed
Register Accesed
Register Accesed
Register Accesed
Register Accesed
ACHTUNG!!! Ich habe gehaltet!
Waypoint Notification
Register Accesed
Next WP: 11
Encoder Target:0 degrees, or:0 turns and 0 degrees.
Straight line target:283mm
Register Accesed
Register Accesed
Register Accesed
Recieved: 23 with turns:0 and degrees:136
Register Accesed
Recieved: 24 with turns:0 and degrees:136
Register Accesed
Register Accesed
Register Accesed
Register Accesed
Register Accesed
Register Accesed
ACHTUNG!!! Ich habe gehaltet!
Waypoint Notification
Register Accesed
turn: 0.00
Encoder Target:0 degrees, or:0 turns and 0 degrees.
Encoder Target:0 degrees, or:0 turns and 0 degrees.
Register Accesed
Register Accesed
Turn executed: 142 Degrees
Next WP: 10
Ratio = 3, D(o) = 300 Return: Ratio
Ratio = 3, D(o) = 300 Return: D(o)
Describing Anti-Clockwise Arc:
Inner Circumference:2446mm Outer Circumference:300mm
Register Accesed
Register Accesed
Register Accesed
Register Accesed
ACHTUNG!!! Ich habe gehaltet!
Waypoint Notification
Register Accesed
turn: 0.00
Encoder Target:0 degrees, or:0 turns and 0 degrees.
Encoder Target:0 degrees, or:0 turns and 0 degrees.
Register Accesed
Register Accesed
Turn executed: -90 Degrees
Next WP: 9
Encoder Target:0 degrees, or:0 turns and 0 degrees.
Straight line target:180mm
Register Accesed
Register Accesed
Register Accesed
Recieved: 23 with turns:0 and degrees:136
Register Accesed
Recieved: 24 with turns:0 and degrees:136
Register Accesed
Register Accesed
Register Accesed
Register Accesed
Register Accesed
Register Accesed
ACHTUNG!!! Ich habe gehaltet!
Waypoint Notification
Register Accesed
turn: 0.00
Encoder Target:0 degrees, or:0 turns and 0 degrees.
Encoder Target:0 degrees, or:0 turns and 0 degrees.
Register Accesed
Register Accesed
Turn executed: 140 Degrees
Next WP: 8
Encoder Target:0 degrees, or:0 turns and 0 degrees.
Straight line target:622mm
Register Accesed
Register Accesed
Register Accesed
Recieved: 23 with turns:0 and degrees:136
Register Accesed
Recieved: 24 with turns:0 and degrees:136
Register Accesed
Register Accesed
Register Accesed
Register Accesed
Register Accesed
Register Accesed
ACHTUNG!!! Ich habe gehaltet!
Waypoint Notification
Register Accesed
turn: 0.00
Encoder Target:0 degrees, or:0 turns and 0 degrees.
Encoder Target:0 degrees, or:0 turns and 0 degrees.
Register Accesed
Register Accesed
Turn executed: 50 Degrees
Next WP: 7
Encoder Target:0 degrees, or:0 turns and 0 degrees.
Straight line target:400mm
Register Accesed
Register Accesed
Register Accesed
Recieved: 23 with turns:0 and degrees:136
Register Accesed
Recieved: 24 with turns:0 and degrees:136
Register Accesed
Register Accesed
Register Accesed
Register Accesed
Register Accesed
Register Accesed
ACHTUNG!!! Ich habe gehaltet!
Waypoint Notification
Register Accesed
turn: 0.00
Encoder Target:0 degrees, or:0 turns and 0 degrees.
Encoder Target:0 degrees, or:0 turns and 0 degrees.
Register Accesed
Register Accesed
Turn executed: 90 Degrees
Next WP: 6
Encoder Target:0 degrees, or:0 turns and 0 degrees.
Straight line target:400mm
Register Accesed
Register Accesed
Register Accesed
Recieved: 23 with turns:0 and degrees:136
Register Accesed
Recieved: 24 with turns:0 and degrees:136
Register Accesed
Register Accesed
Register Accesed
Register Accesed
Register Accesed
Register Accesed
ACHTUNG!!! Ich habe gehaltet!
Waypoint Notification
Register Accesed
turn: 0.00
Encoder Target:0 degrees, or:0 turns and 0 degrees.
Encoder Target:0 degrees, or:0 turns and 0 degrees.
Register Accesed
Register Accesed
Turn executed: 90 Degrees
Next WP: 5
Encoder Target:0 degrees, or:0 turns and 0 degrees.
Straight line target:400mm
Register Accesed
Register Accesed
Register Accesed
Recieved: 23 with turns:0 and degrees:136
Register Accesed
Recieved: 24 with turns:0 and degrees:136
Register Accesed
Register Accesed
Register Accesed
Register Accesed
Register Accesed
Register Accesed
ACHTUNG!!! Ich habe gehaltet!
Waypoint Notification
Register Accesed
turn: 0.00
Encoder Target:0 degrees, or:0 turns and 0 degrees.
Encoder Target:0 degrees, or:0 turns and 0 degrees.
Register Accesed
Register Accesed
Turn executed: 90 Degrees
Next WP: 4
Encoder Target:0 degrees, or:0 turns and 0 degrees.
Straight line target:660mm
Register Accesed
Register Accesed
Register Accesed
Recieved: 23 with turns:0 and degrees:136
Register Accesed
Recieved: 24 with turns:0 and degrees:136
Register Accesed
Register Accesed
Register Accesed
Register Accesed
Register Accesed
Register Accesed
ACHTUNG!!! Ich habe gehaltet!
Waypoint Notification
Register Accesed
turn: 0.00
Encoder Target:0 degrees, or:0 turns and 0 degrees.
Encoder Target:0 degrees, or:0 turns and 0 degrees.
Register Accesed
Register Accesed
Turn executed: -90 Degrees
Next WP: 3
Ratio = 2, D(o) = 155 Return: Ratio
Ratio = 2, D(o) = 155 Return: D(o)
Describing Anti-Clockwise Arc:
Inner Circumference:3100mm Outer Circumference:155mm
Register Accesed
Register Accesed
Register Accesed
Register Accesed
ACHTUNG!!! Ich habe gehaltet!
Waypoint Notification
Register Accesed
turn: 0.00
Encoder Target:0 degrees, or:0 turns and 0 degrees.
Encoder Target:0 degrees, or:0 turns and 0 degrees.
Register Accesed
Register Accesed
Turn executed: 90 Degrees
Next WP: 2
Encoder Target:0 degrees, or:0 turns and 0 degrees.
Straight line target:500mm
Register Accesed
Register Accesed
Register Accesed
Recieved: 23 with turns:0 and degrees:136
Register Accesed
Recieved: 24 with turns:0 and degrees:136
Register Accesed
Register Accesed
Register Accesed
Register Accesed
Register Accesed
Register Accesed
ACHTUNG!!! Ich habe gehaltet!
Waypoint Notification
Register Accesed
turn: 0.00
Encoder Target:0 degrees, or:0 turns and 0 degrees.
Encoder Target:0 degrees, or:0 turns and 0 degrees.
Register Accesed
Register Accesed
Turn executed: 90 Degrees
Next WP: 1
Encoder Target:0 degrees, or:0 turns and 0 degrees.
Straight line target:260mm
Register Accesed
Register Accesed
Register Accesed
Recieved: 23 with turns:0 and degrees:136
Register Accesed
Recieved: 24 with turns:0 and degrees:136
Register Accesed
Register Accesed
Register Accesed
Register Accesed
Register Accesed
Register Accesed
ACHTUNG!!! Ich habe gehaltet!
Waypoint Notification
Register Accesed
turn: 0.00
Encoder Target:0 degrees, or:0 turns and 0 degrees.
Encoder Target:0 degrees, or:0 turns and 0 degrees.
Register Accesed
Register Accesed
Turn executed: -90 Degrees
Next WP: 0
Encoder Target:0 degrees, or:0 turns and 0 degrees.
Straight line target:340mm
Register Accesed
Register Accesed
Register Accesed
Recieved: 23 with turns:0 and degrees:136
Register Accesed
Recieved: 24 with turns:0 and degrees:136
Register Accesed
Register Accesed
Register Accesed
Register Accesed
Register Accesed
Register Accesed
ACHTUNG!!! Ich habe gehaltet!
Waypoint Notification
Register Accesed
Next WP: 12
Encoder Target:0 degrees, or:0 turns and 0 degrees.
Straight line target:428mm
Register Accesed
Register Accesed
Register Accesed
Recieved: 23 with turns:0 and degrees:136
Register Accesed
Recieved: 24 with turns:0 and degrees:136
Register Accesed
Register Accesed
Register Accesed
Register Accesed
Register Accesed
Register Accesed
ACHTUNG!!! Ich habe gehaltet!
Waypoint Notification
Register Accesed
Next WP: 11
Encoder Target:0 degrees, or:0 turns and 0 degrees.
Straight line target:283mm
Register Accesed
Register Accesed
Register Accesed
Recieved: 23 with turns:0 and degrees:136
Register Accesed
Recieved: 24 with turns:0 and degrees:136
Register Accesed
Register Accesed
Register Accesed
Register Accesed
Register Accesed
Register Accesed
ACHTUNG!!! Ich habe gehaltet!
Waypoint Notification
Register Accesed
turn: 0.00
Encoder Target:0 degrees, or:0 turns and 0 degrees.
Encoder Target:0 degrees, or:0 turns and 0 degrees.
Register Accesed
Register Accesed
Turn executed: 142 Degrees
Next WP: 10
Ratio = 3, D(o) = 300 Return: Ratio
Ratio = 3, D(o) = 300 Return: D(o)
Describing Anti-Clockwise Arc:
Inner Circumference:2446mm Outer Circumference:300mm
Register Accesed
Register Accesed
Register Accesed
Register Accesed
ACHTUNG!!! Ich habe gehaltet!
Waypoint Notification
Register Accesed
turn: 0.00
Encoder Target:0 degrees, or:0 turns and 0 degrees.
Encoder Target:0 degrees, or:0 turns and 0 degrees.
Register Accesed
Register Accesed
Turn executed: -90 Degrees
Next WP: 9
Encoder Target:0 degrees, or:0 turns and 0 degrees.
Straight line target:180mm
Register Accesed
Register Accesed
Register Accesed
Recieved: 23 with turns:0 and degrees:136
Register Accesed
Recieved: 24 with turns:0 and degrees:136
Register Accesed
Register Accesed
Register Accesed
Register Accesed
Register Accesed
Register Accesed
ACHTUNG!!! Ich habe gehaltet!
Waypoint Notification
Register Accesed
turn: 0.00
Encoder Target:0 degrees, or:0 turns and 0 degrees.
Encoder Target:0 degrees, or:0 turns and 0 degrees.
Register Accesed
Register Accesed
Turn executed: 140 Degrees
Next WP: 8
Encoder Target:0 degrees, or:0 turns and 0 degrees.
Straight line target:622mm
Register Accesed
Register Accesed
Register Accesed
Recieved: 23 with turns:0 and degrees:136
Register Accesed
Recieved: 24 with turns:0 and degrees:136
Register Accesed
Register Accesed
Register Accesed
Register Accesed
Register Accesed
Register Accesed
ACHTUNG!!! Ich habe gehaltet!
Waypoint Notification
Register Accesed
turn: 0.00
Encoder Target:0 degrees, or:0 turns and 0 degrees.
Encoder Target:0 degrees, or:0 turns and 0 degrees.
Register Accesed
Register Accesed
Turn executed: 50 Degrees
Next WP: 7
Encoder Target:0 degrees, or:0 turns and 0 degrees.
Straight line target:400mm
Register Accesed
Register Accesed
Register Accesed
Recieved: 23 with turns:0 and degrees:136
Register Accesed
Recieved: 24 with turns:0 and degrees:136
Register Accesed
Register Accesed
Register Accesed
Register Accesed
Register Accesed
Register Accesed
ACHTUNG!!! Ich habe gehaltet!
Waypoint Notification
Register Accesed
turn: 0.00
Encoder Target:0 degrees, or:0 turns and 0 degrees.
Encoder Target:0 degrees, or:0 turns and 0 degrees.
Register Accesed
Register Accesed
Turn executed: 90 Degrees
Next WP: 6
Encoder Target:0 degrees, or:0 turns and 0 degrees.
Straight line target:400mm
Register Accesed
Register Accesed
Register Accesed
Recieved: 23 with turns:0 and degrees:136
Register Accesed
Recieved: 24 with turns:0 and degrees:40
Register Accesed
Register Accesed
Register Accesed
Register Accesed
Register Accesed
Register Accesed
ACHTUNG!!! Ich habe gehaltet!
Waypoint Notification
Register Accesed
turn: 0.00
Encoder Target:0 degrees, or:0 turns and 0 degrees.
Encoder Target:0 degrees, or:0 turns and 0 degrees.
Register Accesed
Register Accesed
Turn executed: 90 Degrees
Next WP: 5
Encoder Target:0 degrees, or:0 turns and 0 degrees.
Straight line target:400mm
Register Accesed
Register Accesed
Register Accesed
Recieved: 23 with turns:0 and degrees:40
Register Accesed
Recieved: 24 with turns:0 and degrees:40
Register Accesed
Register Accesed
Register Accesed
Register Accesed
Register Accesed
Register Accesed
ACHTUNG!!! Ich habe gehaltet!
Register Accesed
Register Accesed
Register Accesed
Register Accesed
Register Accesed
ACHTUNG!!! Ich habe gehaltet!
Waypoint Notification
Register Accesed
Setup Complete
Next WP: 12
Encoder Target:0 degrees, or:0 turns and 0 degrees.
Straight line target:428mm
Register Accesed
Register Accesed
Register Accesed
Register Accesed
Register Accesed
Register Accesed
Register Accesed
Register Accesed
ACHTUNG!!! Ich habe gehaltet!
Waypoint Notification
Register Accesed
Setup Complete
Next WP: 12
Encoder Target:0 degrees, or:0 turns and 0 degrees.
Straight line target:428mm
Register Accesed
Register Accesed
Register Accesed
Recieved: 23 with turns:0 and degrees:40
Register Accesed
Recieved: 24 with turns:0 and degrees:176
Register Accesed
Register Accesed
Register Accesed
Register Accesed
Register Accesed
Register Accesed
ACHTUNG!!! Ich habe gehaltet!
Waypoint Notification
Register Accesed
Next WP: 11
Encoder Target:0 degrees, or:0 turns and 0 degrees.
Straight line target:283mm
Register Accesed
Register Accesed
Register Accesed
Recieved: 23 with turns:0 and degrees:40
Register Accesed
Recieved: 24 with turns:0 and degrees:-232
Register Accesed
Register Accesed
Register Accesed
Register Accesed
Register Accesed
Register Accesed
ACHTUNG!!! Ich habe gehaltet!
Waypoint Notification
Register Accesed
turn: 0.00
Encoder Target:0 degrees, or:0 turns and 0 degrees.
Encoder Target:0 degrees, or:0 turns and 0 degrees.
Register Accesed
Register Accesed
Turn executed: 142 Degrees
Next WP: 10
Ratio = 3, D(o) = 300 Return: Ratio
Ratio = 3, D(o) = 300 Return: D(o)
Describing Anti-Clockwise Arc:
Inner Circumference:2446mm Outer Circumference:300mm
Register Accesed
Register Accesed
Register Accesed
Register Accesed
ACHTUNG!!! Ich habe gehaltet!
Waypoint Notification
Register Accesed
turn: 0.00
Encoder Target:0 degrees, or:0 turns and 0 degrees.
Encoder Target:0 degrees, or:0 turns and 0 degrees.
Register Accesed
Register Accesed
Turn executed: -90 Degrees
Next WP: 9
Encoder Target:0 degrees, or:0 turns and 0 degrees.
Straight line target:180mm
Register Accesed
Register Accesed
Register Accesed
Recieved: 23 with turns:0 and degrees:176
Register Accesed
Recieved: 24 with turns:0 and degrees:184
Register Accesed
Register Accesed
Register Accesed
Register Accesed
Register Accesed
Register Accesed
ACHTUNG!!! Ich habe gehaltet!
Waypoint Notification
Register Accesed
turn: 0.00
Encoder Target:0 degrees, or:0 turns and 0 degrees.
Encoder Target:0 degrees, or:0 turns and 0 degrees.
Register Accesed
Register Accesed
Turn executed: 140 Degrees
Next WP: 8
Encoder Target:0 degrees, or:0 turns and 0 degrees.
Straight line target:622mm
Register Accesed
Register Accesed
Register Accesed
Recieved: 23 with turns:0 and degrees:-32
Register Accesed
Recieved: 24 with turns:0 and degrees:-160
Register Accesed
Register Accesed
Register Accesed
Register Accesed
Register Accesed
Register Accesed
ACHTUNG!!! Ich habe gehaltet!
Waypoint Notification
Register Accesed
turn: 0.00
Encoder Target:0 degrees, or:0 turns and 0 degrees.
Encoder Target:0 degrees, or:0 turns and 0 degrees.
Register Accesed
Register Accesed
Turn executed: 50 Degrees
Next WP: 7
Encoder Target:0 degrees, or:0 turns and 0 degrees.
Straight line target:400mm
Register Accesed
Register Accesed
Register Accesed
Recieved: 23 with turns:0 and degrees:-80
Register Accesed
Recieved: 24 with turns:0 and degrees:136
Register Accesed
Register Accesed
Register Accesed
Register Accesed
Register Accesed
Register Accesed
ACHTUNG!!! Ich habe gehaltet!
Waypoint Notification
Register Accesed
turn: 0.00
Encoder Target:0 degrees, or:0 turns and 0 degrees.
Encoder Target:0 degrees, or:0 turns and 0 degrees.
Register Accesed
Register Accesed
Turn executed: 90 Degrees
Next WP: 6
Encoder Target:0 degrees, or:0 turns and 0 degrees.
Straight line target:400mm
Register Accesed
Register Accesed
Register Accesed
Recieved: 23 with turns:0 and degrees:-128
Register Accesed
Recieved: 24 with turns:0 and degrees:24
Register Accesed
Register Accesed
Register Accesed
Register Accesed
Register Accesed
Register Accesed
ACHTUNG!!! Ich habe gehaltet!
Waypoint Notification
Register Accesed
turn: 0.00
Encoder Target:0 degrees, or:0 turns and 0 degrees.
Encoder Target:0 degrees, or:0 turns and 0 degrees.
Register Accesed
Register Accesed
Turn executed: 90 Degrees
Next WP: 5
Encoder Target:0 degrees, or:0 turns and 0 degrees.
Straight line target:400mm
Register Accesed
Register Accesed
Register Accesed
Recieved: 23 with turns:0 and degrees:224
Register Accesed
Recieved: 24 with turns:0 and degrees:144
Register Accesed
Register Accesed
Register Accesed
Register Accesed
Register Accesed
Register Accesed
ACHTUNG!!! Ich habe gehaltet!
Waypoint Notification
Register Accesed
turn: 0.00
Encoder Target:0 degrees, or:0 turns and 0 degrees.
Encoder Target:0 degrees, or:0 turns and 0 degrees.
Register Accesed
Register Accesed
Turn executed: 90 Degrees
Next WP: 4
Encoder Target:0 degrees, or:0 turns and 0 degrees.
Straight line target:660mm
Register Accesed
Register Accesed
Register Accesed
Recieved: 23 with turns:0 and degrees:176
Register Accesed
Recieved: 24 with turns:0 and degrees:-224
Register Accesed
Register Accesed
Register Accesed
Register Accesed
Register Accesed
Register Accesed
ACHTUNG!!! Ich habe gehaltet!
Waypoint Notification
Register Accesed
turn: 0.00
Encoder Target:0 degrees, or:0 turns and 0 degrees.
Encoder Target:0 degrees, or:0 turns and 0 degrees.
Register Accesed
Register Accesed
Turn executed: -90 Degrees
Next WP: 3
Ratio = 2, D(o) = 155 Return: Ratio
Ratio = 2, D(o) = 155 Return: D(o)
Describing Anti-Clockwise Arc:
Inner Circumference:3100mm Outer Circumference:155mm
Register Accesed
Register Accesed
Register Accesed
Register Accesed
ACHTUNG!!! Ich habe gehaltet!
Waypoint Notification
Register Accesed
turn: 0.00
Encoder Target:0 degrees, or:0 turns and 0 degrees.
Encoder Target:0 degrees, or:0 turns and 0 degrees.
Register Accesed
Register Accesed
Turn executed: 90 Degrees
Next WP: 2
Encoder Target:0 degrees, or:0 turns and 0 degrees.
Straight line target:500mm
Register Accesed
Register Accesed
Register Accesed
Recieved: 23 with turns:0 and degrees:-184
Register Accesed
Recieved: 24 with turns:0 and degrees:88
Register Accesed
Register Accesed
Register Accesed
Register Accesed
Register Accesed
Register Accesed
ACHTUNG!!! Ich habe gehaltet!
Waypoint Notification
Register Accesed
turn: 0.00
Encoder Target:0 degrees, or:0 turns and 0 degrees.
Encoder Target:0 degrees, or:0 turns and 0 degrees.
Register Accesed
Register Accesed
Turn executed: 90 Degrees
Next WP: 1
Encoder Target:0 degrees, or:0 turns and 0 degrees.
Straight line target:260mm
Register Accesed
Register Accesed
Register Accesed
Recieved: 23 with turns:0 and degrees:176
Register Accesed
Recieved: 24 with turns:0 and degrees:184
Register Accesed
Register Accesed
Register Accesed
Register Accesed
Register Accesed
Register Accesed
ACHTUNG!!! Ich habe gehaltet!
Waypoint Notification
Register Accesed
turn: 0.00
Encoder Target:0 degrees, or:0 turns and 0 degrees.
Encoder Target:0 degrees, or:0 turns and 0 degrees.
Register Accesed
Register Accesed
Turn executed: -90 Degrees
Next WP: 0
Encoder Target:0 degrees, or:0 turns and 0 degrees.
Straight line target:340mm
Register Accesed
Register Accesed
Register Accesed
Recieved: 23 with turns:0 and degrees:-32
Register Accesed
Recieved: 24 with turns:0 and degrees:248
Register Accesed
Register Accesed
Register Accesed
Register Accesed
Register Accesed
Register Accesed
ACHTUNG!!! Ich habe gehaltet!
Waypoint Notification
Register Accesed
Next WP: 12
Encoder Target:0 degrees, or:0 turns and 0 degrees.
Straight line target:428mm
Register Accesed
Register Accesed
Register Accesed
Recieved: 23 with turns:0 and degrees:40
Register Accesed
Recieved: 24 with turns:0 and degrees:176
Register Accesed
Register Accesed
Register Accesed
Register Accesed
Register Accesed
Register Accesed
ACHTUNG!!! Ich habe gehaltet!
Waypoint Notification
Register Accesed
Next WP: 11
Encoder Target:0 degrees, or:0 turns and 0 degrees.
Straight line target:283mm
Register Accesed
Register Accesed
Register Accesed
Recieved: 23 with turns:0 and degrees:40
Register Accesed
Recieved: 24 with turns:0 and degrees:-128
Register Accesed
Register Accesed
Register Accesed
Register Accesed
Register Accesed
Register Accesed
ACHTUNG!!! Ich habe gehaltet!
Waypoint Notification
Register Accesed
turn: 0.00
Encoder Target:0 degrees, or:0 turns and 0 degrees.
Encoder Target:0 degrees, or:0 turns and 0 degrees.
Register Accesed
Register Accesed
Turn executed: 142 Degrees
Next WP: 10
Ratio = 3, D(o) = 300 Return: Ratio
Ratio = 3, D(o) = 300 Return: D(o)
Describing Anti-Clockwise Arc:
Inner Circumference:2446mm Outer Circumference:300mm
Register Accesed
Register Accesed
Register Accesed
Register Accesed
ACHTUNG!!! Ich habe gehaltet!
Waypoint Notification
Register Accesed
turn: 0.00
Encoder Target:0 degrees, or:0 turns and 0 degrees.
Encoder Target:0 degrees, or:0 turns and 0 degrees.
Register Accesed
Register Accesed
Turn executed: -90 Degrees
Next WP: 9
Encoder Target:0 degrees, or:0 turns and 0 degrees.
Straight line target:180mm
Register Accesed
Register Accesed
Register Accesed
Recieved: 23 with turns:0 and degrees:-232
Register Accesed
Recieved: 24 with turns:0 and degrees:80
Register Accesed
Register Accesed
Register Accesed
Register Accesed
Register Accesed
Register Accesed
ACHTUNG!!! Ich habe gehaltet!
Waypoint Notification
Register Accesed
turn: 0.00
Encoder Target:0 degrees, or:0 turns and 0 degrees.
Encoder Target:0 degrees, or:0 turns and 0 degrees.
Register Accesed
Register Accesed
Turn executed: 140 Degrees
Next WP: 8
Encoder Target:0 degrees, or:0 turns and 0 degrees.
Straight line target:622mm
Register Accesed
Register Accesed
Register Accesed
Recieved: 23 with turns:0 and degrees:224
Register Accesed
Recieved: 24 with turns:0 and degrees:248
Register Accesed
Register Accesed
Register Accesed
Register Accesed
Register Accesed
Register Accesed
ACHTUNG!!! Ich habe gehaltet!
Waypoint Notification
Register Accesed
turn: 0.00
Encoder Target:0 degrees, or:0 turns and 0 degrees.
Encoder Target:0 degrees, or:0 turns and 0 degrees.
Register Accesed
Register Accesed
Turn executed: 50 Degrees
Next WP: 7
Encoder Target:0 degrees, or:0 turns and 0 degrees.
Straight line target:400mm
Register Accesed
Register Accesed
Register Accesed
Recieved: 23 with turns:0 and degrees:-80
Register Accesed
Recieved: 24 with turns:0 and degrees:240
Register Accesed
Register Accesed
Register Accesed
Register Accesed
Register Accesed
Register Accesed
ACHTUNG!!! Ich habe gehaltet!
Waypoint Notification
Register Accesed
turn: 0.00
Encoder Target:0 degrees, or:0 turns and 0 degrees.
Encoder Target:0 degrees, or:0 turns and 0 degrees.
Register Accesed
Register Accesed
Turn executed: 90 Degrees
Next WP: 6
Encoder Target:0 degrees, or:0 turns and 0 degrees.
Straight line target:400mm
Register Accesed
Register Accesed
Register Accesed
Recieved: 23 with turns:0 and degrees:-232
Register Accesed
Recieved: 24 with turns:0 and degrees:24
Register Accesed
Register Accesed
Register Accesed
Register Accesed
Register Accesed
Register Accesed
ACHTUNG!!! Ich habe gehaltet!
Waypoint Notification
Register Accesed
turn: 0.00
Encoder Target:0 degrees, or:0 turns and 0 degrees.
Encoder Target:0 degrees, or:0 turns and 0 degrees.
Register Accesed
Register Accesed
Turn executed: 90 Degrees
Next WP: 5
Encoder Target:0 degrees, or:0 turns and 0 degrees.
Straight line target:400mm
Register Accesed
Register Accesed
Register Accesed
Recieved: 23 with turns:0 and degrees:224
Register Accesed
Recieved: 24 with turns:0 and degrees:-216
Register Accesed
Register Accesed
Register Accesed
Register Accesed
Register Accesed
Register Accesed
ACHTUNG!!! Ich habe gehaltet!
Waypoint Notification
Register Accesed
turn: 0.00
Encoder Target:0 degrees, or:0 turns and 0 degrees.
Encoder Target:0 degrees, or:0 turns and 0 degrees.
Register Accesed
Register Accesed
Turn executed: 90 Degrees
Next WP: 4
Encoder Target:0 degrees, or:0 turns and 0 degrees.
Straight line target:660mm
Register Accesed
Register Accesed
Register Accesed
Recieved: 23 with turns:0 and degrees:176
Register Accesed
Recieved: 24 with turns:0 and degrees:184
Register Accesed
Register Accesed
Register Accesed
Register Accesed
Register Accesed
Register Accesed
ACHTUNG!!! Ich habe gehaltet!
Waypoint Notification
Register Accesed
turn: 0.00
Encoder Target:0 degrees, or:0 turns and 0 degrees.
Encoder Target:0 degrees, or:0 turns and 0 degrees.
Register Accesed
Register Accesed
Turn executed: -90 Degrees
Next WP: 3
Ratio = 2, D(o) = 155 Return: Ratio
Ratio = 2, D(o) = 155 Return: D(o)
Describing Anti-Clockwise Arc:
Inner Circumference:3100mm Outer Circumference:155mm
Register Accesed
Register Accesed
Register Accesed
Register Accesed
ACHTUNG!!! Ich habe gehaltet!
Waypoint Notification
Register Accesed
turn: 0.00
Encoder Target:0 degrees, or:0 turns and 0 degrees.
Encoder Target:0 degrees, or:0 turns and 0 degrees.
Register Accesed
Register Accesed
Turn executed: 90 Degrees
Next WP: 2
Encoder Target:0 degrees, or:0 turns and 0 degrees.
Straight line target:500mm
Register Accesed
Register Accesed
Register Accesed
Recieved: 23 with turns:0 and degrees:-184
Register Accesed
Recieved: 24 with turns:0 and degrees:-168
Register Accesed
Register Accesed
Register Accesed
Register Accesed
Register Accesed
Register Accesed
ACHTUNG!!! Ich habe gehaltet!
Waypoint Notification
Register Accesed
turn: 0.00
Encoder Target:0 degrees, or:0 turns and 0 degrees.
Encoder Target:0 degrees, or:0 turns and 0 degrees.
Register Accesed
Register Accesed
Turn executed: 90 Degrees
Next WP: 1
Encoder Target:0 degrees, or:0 turns and 0 degrees.
Straight line target:260mm
Register Accesed
Register Accesed
Register Accesed
Recieved: 23 with turns:0 and degrees:-232
Register Accesed
Recieved: 24 with turns:0 and degrees:24
Register Accesed
Register Accesed
Register Accesed
Register Accesed
Register Accesed
Register Accesed
ACHTUNG!!! Ich habe gehaltet!
Waypoint Notification
Register Accesed
turn: 0.00
Encoder Target:0 degrees, or:0 turns and 0 degrees.
Encoder Target:0 degrees, or:0 turns and 0 degrees.
Register Accesed
Register Accesed
Turn executed: -90 Degrees
Next WP: 0
Encoder Target:0 degrees, or:0 turns and 0 degrees.
Straight line target:340mm
Register Accesed
Register Accesed
Register Accesed
Recieved: 23 with turns:0 and degrees:-184
Register Accesed
Recieved: 24 with turns:0 and degrees:144
Register Accesed
Register Accesed
Register Accesed
Register Accesed
Register Accesed
Register Accesed
ACHTUNG!!! Ich habe gehaltet!
Waypoint Notification
Register Accesed
Next WP: 12
Encoder Target:0 degrees, or:0 turns and 0 degrees.
Straight line target:428mm
Register Accesed
Register Accesed
Register Accesed
Recieved: 23 with turns:0 and degrees:40
Register Accesed
Recieved: 24 with turns:0 and degrees:168
Register Accesed
Register Accesed
Register Accesed
Register Accesed
Register Accesed
Register Accesed
ACHTUNG!!! Ich habe gehaltet!
Waypoint Notification
Register Accesed
Next WP: 11
Encoder Target:0 degrees, or:0 turns and 0 degrees.
Straight line target:283mm
Register Accesed
Register Accesed
Register Accesed
Recieved: 23 with turns:0 and degrees:40
Register Accesed
Recieved: 24 with turns:0 and degrees:-32
Register Accesed
Register Accesed
Register Accesed
Register Accesed
Register Accesed
Register Accesed
ACHTUNG!!! Ich habe gehaltet!
Waypoint Notification
Register Accesed
turn: 0.00
Encoder Target:0 degrees, or:0 turns and 0 degrees.
Encoder Target:0 degrees, or:0 turns and 0 degrees.
Register Accesed
Register Accesed
Turn executed: 142 Degrees
Next WP: 10
Ratio = 3, D(o) = 300 Return: Ratio
Ratio = 3, D(o) = 300 Return: D(o)
Describing Anti-Clockwise Arc:
Inner Circumference:2446mm Outer Circumference:300mm
Register Accesed
Register Accesed
Register Accesed
Register Accesed
ACHTUNG!!! Ich habe gehaltet!
Waypoint Notification
Register Accesed
turn: 0.00
Encoder Target:0 degrees, or:0 turns and 0 degrees.
Encoder Target:0 degrees, or:0 turns and 0 degrees.
Register Accesed
Register Accesed
Turn executed: -90 Degrees
Next WP: 9
Encoder Target:0 degrees, or:0 turns and 0 degrees.
Straight line target:180mm
Register Accesed
Register Accesed
Register Accesed
Recieved: 23 with turns:0 and degrees:-128
Register Accesed
Recieved: 24 with turns:0 and degrees:128
Register Accesed
Register Accesed
Register Accesed
Register Accesed
Register Accesed
Register Accesed
ACHTUNG!!! Ich habe gehaltet!
Waypoint Notification
Register Accesed
turn: 0.00
Encoder Target:0 degrees, or:0 turns and 0 degrees.
Encoder Target:0 degrees, or:0 turns and 0 degrees.
Register Accesed
Register Accesed
Turn executed: 140 Degrees
Next WP: 8
Encoder Target:0 degrees, or:0 turns and 0 degrees.
Straight line target:622mm
Register Accesed
Register Accesed
Register Accesed
Recieved: 23 with turns:0 and degrees:-184
Register Accesed
Recieved: 24 with turns:0 and degrees:88
Register Accesed
Register Accesed
Register Accesed
Register Accesed
Register Accesed
Register Accesed
ACHTUNG!!! Ich habe gehaltet!
Waypoint Notification
Register Accesed
turn: 0.00
Encoder Target:0 degrees, or:0 turns and 0 degrees.
Encoder Target:0 degrees, or:0 turns and 0 degrees.
Register Accesed
Register Accesed
Turn executed: 50 Degrees
Next WP: 7
Encoder Target:0 degrees, or:0 turns and 0 degrees.
Straight line target:400mm
Register Accesed
Register Accesed
Register Accesed
Recieved: 23 with turns:0 and degrees:-232
Register Accesed
Recieved: 24 with turns:0 and degrees:232
Register Accesed
Register Accesed
Register Accesed
Register Accesed
Register Accesed
Register Accesed
ACHTUNG!!! Ich habe gehaltet!
Waypoint Notification
Register Accesed
turn: 0.00
Encoder Target:0 degrees, or:0 turns and 0 degrees.
Encoder Target:0 degrees, or:0 turns and 0 degrees.
Register Accesed
Register Accesed
Turn executed: 90 Degrees
Next WP: 6
Encoder Target:0 degrees, or:0 turns and 0 degrees.
Straight line target:400mm
Register Accesed
Register Accesed
Register Accesed
Recieved: 23 with turns:0 and degrees:224
Register Accesed
Recieved: 24 with turns:0 and degrees:-216
Register Accesed
Register Accesed
Register Accesed
Register Accesed
Register Accesed
Register Accesed
ACHTUNG!!! Ich habe gehaltet!
Waypoint Notification
Register Accesed
turn: 0.00
Encoder Target:0 degrees, or:0 turns and 0 degrees.
Encoder Target:0 degrees, or:0 turns and 0 degrees.
Register Accesed
Register Accesed
Turn executed: 90 Degrees
Next WP: 5
Encoder Target:0 degrees, or:0 turns and 0 degrees.
Straight line target:400mm
Register Accesed
Register Accesed
Register Accesed
Recieved: 23 with turns:0 and degrees:-232
Register Accesed
Recieved: 24 with turns:0 and degrees:-176
Register Accesed
Register Accesed
Register Accesed
Register Accesed
Register Accesed
Register Accesed
ACHTUNG!!! Ich habe gehaltet!
Waypoint Notification
Register Accesed
turn: 0.00
Encoder Target:0 degrees, or:0 turns and 0 degrees.
Encoder Target:0 degrees, or:0 turns and 0 degrees.
Register Accesed
Register Accesed
Turn executed: 90 Degrees
Next WP: 4
Encoder Target:0 degrees, or:0 turns and 0 degrees.
Straight line target:660mm
Register Accesed
Register Accesed
Register Accesed
Recieved: 23 with turns:0 and degrees:224
Register Accesed
Recieved: 24 with turns:0 and degrees:144
Register Accesed
Register Accesed
Register Accesed
Register Accesed
Register Accesed
Register Accesed
ACHTUNG!!! Ich habe gehaltet!
Waypoint Notification
Register Accesed
turn: 0.00
Encoder Target:0 degrees, or:0 turns and 0 degrees.
Encoder Target:0 degrees, or:0 turns and 0 degrees.
Register Accesed
Register Accesed
Turn executed: -90 Degrees
Next WP: 3
Ratio = 2, D(o) = 155 Return: Ratio
Ratio = 2, D(o) = 155 Return: D(o)
Describing Anti-Clockwise Arc:
Inner Circumference:3100mm Outer Circumference:155mm
Register Accesed
Register Accesed
Register Accesed
Register Accesed
ACHTUNG!!! Ich habe gehaltet!
Waypoint Notification
Register Accesed
turn: 0.00
Encoder Target:0 degrees, or:0 turns and 0 degrees.
Encoder Target:0 degrees, or:0 turns and 0 degrees.
Register Accesed
Register Accesed
Turn executed: 90 Degrees
Next WP: 2
Encoder Target:0 degrees, or:0 turns and 0 degrees.
Straight line target:500mm
Register Accesed
Register Accesed
Register Accesed
Recieved: 23 with turns:0 and degrees:-128
Register Accesed
Recieved: 24 with turns:0 and degrees:128
Register Accesed
Register Accesed
Register Accesed
Register Accesed
Register Accesed
Register Accesed
ACHTUNG!!! Ich habe gehaltet!
Waypoint Notification
Register Accesed
turn: 0.00
Encoder Target:0 degrees, or:0 turns and 0 degrees.
Encoder Target:0 degrees, or:0 turns and 0 degrees.
Register Accesed
Register Accesed
Turn executed: 90 Degrees
Next WP: 1
Encoder Target:0 degrees, or:0 turns and 0 degrees.
Straight line target:260mm
Register Accesed
Register Accesed
Register Accesed
Recieved: 23 with turns:0 and degrees:224
Register Accesed
Recieved: 24 with turns:0 and degrees:40
Register Accesed
Register Accesed
Register Accesed
Register Accesed
Register Accesed
Register Accesed
ACHTUNG!!! Ich habe gehaltet!
Waypoint Notification
Register Accesed
turn: 0.00
Encoder Target:0 degrees, or:0 turns and 0 degrees.
Encoder Target:0 degrees, or:0 turns and 0 degrees.
Register Accesed
Register Accesed
Turn executed: -90 Degrees
Next WP: 0
Encoder Target:0 degrees, or:0 turns and 0 degrees.
Straight line target:340mm
Register Accesed
Register Accesed
Register Accesed
Recieved: 23 with turns:0 and degrees:-80
Register Accesed
Recieved: 24 with turns:0 and degrees:-224
Register Accesed
Register Accesed
Register Accesed
Register Accesed
Register Accesed
Register Accesed
ACHTUNG!!! Ich habe gehaltet!
Waypoint Notification
Register Accesed
Next WP: 12
Encoder Target:0 degrees, or:0 turns and 0 degrees.
Straight line target:428mm
Register Accesed
Register Accesed
Register Accesed
Recieved: 23 with turns:0 and degrees:40
Register Accesed
Recieved: 24 with turns:0 and degrees:-40
Register Accesed
Register Accesed
Register Accesed
Register Accesed
Register Accesed
Register Accesed
ACHTUNG!!! Ich habe gehaltet!
Waypoint Notification
Register Accesed
Next WP: 11
Encoder Target:0 degrees, or:0 turns and 0 degrees.
Straight line target:283mm
Register Accesed
Register Accesed
Register Accesed
Recieved: 23 with turns:0 and degrees:40
Register Accesed
Recieved: 24 with turns:0 and degrees:216
Register Accesed
Register Accesed
Register Accesed
Register Accesed
Register Accesed
Register Accesed
ACHTUNG!!! Ich habe gehaltet!
Waypoint Notification
Register Accesed
turn: 0.00
Encoder Target:0 degrees, or:0 turns and 0 degrees.
Encoder Target:0 degrees, or:0 turns and 0 degrees.
Register Accesed
Register Accesed
Turn executed: 142 Degrees
Next WP: 10
Ratio = 3, D(o) = 300 Return: Ratio
Ratio = 3, D(o) = 300 Return: D(o)
Describing Anti-Clockwise Arc:
Inner Circumference:2446mm Outer Circumference:300mm
Register Accesed
Register Accesed
Register Accesed
Register Accesed
ACHTUNG!!! Ich habe gehaltet!
Waypoint Notification
Register Accesed
turn: 0.00
Encoder Target:0 degrees, or:0 turns and 0 degrees.
Encoder Target:0 degrees, or:0 turns and 0 degrees.
Register Accesed
Register Accesed
Turn executed: -90 Degrees
Next WP: 9
Encoder Target:0 degrees, or:0 turns and 0 degrees.
Straight line target:180mm
Register Accesed
Register Accesed
Register Accesed
Recieved: 23 with turns:0 and degrees:224
Register Accesed
Recieved: 24 with turns:0 and degrees:144
Register Accesed
Register Accesed
Register Accesed
Register Accesed
Register Accesed
Register Accesed
ACHTUNG!!! Ich habe gehaltet!
Waypoint Notification
Register Accesed
turn: 0.00
Encoder Target:0 degrees, or:0 turns and 0 degrees.
Encoder Target:0 degrees, or:0 turns and 0 degrees.
Register Accesed
Register Accesed
Turn executed: 140 Degrees
Next WP: 8
Encoder Target:0 degrees, or:0 turns and 0 degrees.
Straight line target:622mm
Register Accesed
Register Accesed
Register Accesed
Recieved: 23 with turns:0 and degrees:176
Register Accesed
Recieved: 24 with turns:0 and degrees:-224
Register Accesed
Register Accesed
Register Accesed
Register Accesed
Register Accesed
Register Accesed
ACHTUNG!!! Ich habe gehaltet!
Waypoint Notification
Register Accesed
turn: 0.00
Encoder Target:0 degrees, or:0 turns and 0 degrees.
Encoder Target:0 degrees, or:0 turns and 0 degrees.
Register Accesed
Register Accesed
Turn executed: 50 Degrees
Next WP: 7
Encoder Target:0 degrees, or:0 turns and 0 degrees.
Straight line target:400mm
Register Accesed
Register Accesed
Register Accesed
Recieved: 23 with turns:0 and degrees:-32
Register Accesed
Recieved: 24 with turns:0 and degrees:96
Register Accesed
Register Accesed
Register Accesed
Register Accesed
Register Accesed
Register Accesed
ACHTUNG!!! Ich habe gehaltet!
Waypoint Notification
Register Accesed
turn: 0.00
Encoder Target:0 degrees, or:0 turns and 0 degrees.
Encoder Target:0 degrees, or:0 turns and 0 degrees.
Register Accesed
Register Accesed
Turn executed: 90 Degrees
Next WP: 6
Encoder Target:0 degrees, or:0 turns and 0 degrees.
Straight line target:400mm
Register Accesed
Register Accesed
Register Accesed
Recieved: 23 with turns:0 and degrees:-184
Register Accesed
Recieved: 24 with turns:0 and degrees:88
Register Accesed
Register Accesed
Register Accesed
Register Accesed
Register Accesed
Register Accesed
ACHTUNG!!! Ich habe gehaltet!
Waypoint Notification
Register Accesed
turn: 0.00
Encoder Target:0 degrees, or:0 turns and 0 degrees.
Encoder Target:0 degrees, or:0 turns and 0 degrees.
Register Accesed
Register Accesed
Turn executed: 90 Degrees
Next WP: 5
Encoder Target:0 degrees, or:0 turns and 0 degrees.
Straight line target:400mm
Register Accesed
Register Accesed
Register Accesed
Recieved: 23 with turns:0 and degrees:-232
Register Accesed
Recieved: 24 with turns:0 and degrees:-176
Register Accesed
Register Accesed
Register Accesed
Register Accesed
Register Accesed
Register Accesed
ACHTUNG!!! Ich habe gehaltet!
Waypoint Notification
Register Accesed
turn: 0.00
Encoder Target:0 degrees, or:0 turns and 0 degrees.
Encoder Target:0 degrees, or:0 turns and 0 degrees.
Register Accesed
Register Accesed
Turn executed: 90 Degrees
Next WP: 4
Encoder Target:0 degrees, or:0 turns and 0 degrees.
Straight line target:660mm
Register Accesed
Register Accesed
Register Accesed
Recieved: 23 with turns:0 and degrees:-184
Register Accesed
Recieved: 24 with turns:0 and degrees:144
Register Accesed
Register Accesed
Register Accesed
Register Accesed
Register Accesed
Register Accesed
ACHTUNG!!! Ich habe gehaltet!
Waypoint Notification
Register Accesed
turn: 0.00
Encoder Target:0 degrees, or:0 turns and 0 degrees.
Encoder Target:0 degrees, or:0 turns and 0 degrees.
Register Accesed
Register Accesed
Turn executed: -90 Degrees
Next WP: 3
Ratio = 2, D(o) = 155 Return: Ratio
Ratio = 2, D(o) = 155 Return: D(o)
Describing Anti-Clockwise Arc:
Inner Circumference:3100mm Outer Circumference:155mm
Register Accesed
Register Accesed
Register Accesed
Register Accesed
ACHTUNG!!! Ich habe gehaltet!
Waypoint Notification
Register Accesed
turn: 0.00
Encoder Target:0 degrees, or:0 turns and 0 degrees.
Encoder Target:0 degrees, or:0 turns and 0 degrees.
Register Accesed
Register Accesed
Turn executed: 90 Degrees
Next WP: 2
Encoder Target:0 degrees, or:0 turns and 0 degrees.
Straight line target:500mm
Register Accesed
Register Accesed
Register Accesed
Recieved: 23 with turns:0 and degrees:-128
Register Accesed
Recieved: 24 with turns:0 and degrees:-232
Register Accesed
Register Accesed
Register Accesed
Register Accesed
Register Accesed
Register Accesed
ACHTUNG!!! Ich habe gehaltet!
Waypoint Notification
Register Accesed
turn: 0.00
Encoder Target:0 degrees, or:0 turns and 0 degrees.
Encoder Target:0 degrees, or:0 turns and 0 degrees.
Register Accesed
Register Accesed
Turn executed: 90 Degrees
Next WP: 1
Encoder Target:0 degrees, or:0 turns and 0 degrees.
Straight line target:260mm
Register Accesed
Register Accesed
Register Accesed
Recieved: 23 with turns:0 and degrees:-184
Register Accesed
Recieved: 24 with turns:0 and degrees:-168
Register Accesed
Register Accesed
Register Accesed
Register Accesed
Register Accesed
Register Accesed
ACHTUNG!!! Ich habe gehaltet!
Waypoint Notification
Register Accesed
turn: 0.00
Encoder Target:0 degrees, or:0 turns and 0 degrees.
Encoder Target:0 degrees, or:0 turns and 0 degrees.
Register Accesed
Register Accesed
Turn executed: -90 Degrees
Next WP: 0
Encoder Target:0 degrees, or:0 turns and 0 degrees.
Straight line target:340mm
Register Accesed
Register Accesed
Register Accesed
Recieved: 23 with turns:0 and degrees:-128
Register Accesed
Recieved: 24 with turns:0 and degrees:24
Register Accesed
Register Accesed
Register Accesed
Register Accesed
Register Accesed
Register Accesed
ACHTUNG!!! Ich habe gehaltet!
Waypoint Notification
Register Accesed
Next WP: 12
Encoder Target:0 degrees, or:0 turns and 0 degrees.
Straight line target:428mm
Register Accesed
Register Accesed
Register Accesed
Recieved: 23 with turns:0 and degrees:40
Register Accesed
Recieved: 24 with turns:0 and degrees:-48
Register Accesed
Register Accesed
Register Accesed
Register Accesed
Register Accesed
Register Accesed
ACHTUNG!!! Ich habe gehaltet!
Waypoint Notification
Register Accesed
Next WP: 11
Encoder Target:0 degrees, or:0 turns and 0 degrees.
Straight line target:283mm
Register Accesed
Register Accesed
Register Accesed
Recieved: 23 with turns:0 and degrees:40
Register Accesed
Recieved: 24 with turns:0 and degrees:160
Register Accesed
Register Accesed
Register Accesed
Register Accesed
Register Accesed
Register Accesed
ACHTUNG!!! Ich habe gehaltet!
Waypoint Notification
Register Accesed
turn: 0.00
Encoder Target:0 degrees, or:0 turns and 0 degrees.
Encoder Target:0 degrees, or:0 turns and 0 degrees.
Register Accesed
Register Accesed
Turn executed: 142 Degrees
Next WP: 10
Ratio = 3, D(o) = 300 Return: Ratio
Ratio = 3, D(o) = 300 Return: D(o)
Describing Anti-Clockwise Arc:
Inner Circumference:2446mm Outer Circumference:300mm
Register Accesed
Register Accesed
Register Accesed
Register Accesed
ACHTUNG!!! Ich habe gehaltet!
Waypoint Notification
Register Accesed
turn: 0.00
Encoder Target:0 degrees, or:0 turns and 0 degrees.
Encoder Target:0 degrees, or:0 turns and 0 degrees.
Register Accesed
Register Accesed
Turn executed: -90 Degrees
Next WP: 9
Encoder Target:0 degrees, or:0 turns and 0 degrees.
Straight line target:180mm
Register Accesed
Register Accesed
Register Accesed
Recieved: 23 with turns:0 and degrees:-80
Register Accesed
Recieved: 24 with turns:0 and degrees:240
Register Accesed
Register Accesed
Register Accesed
Register Accesed
Register Accesed
Register Accesed
ACHTUNG!!! Ich habe gehaltet!
Waypoint Notification
Register Accesed
turn: 0.00
Encoder Target:0 degrees, or:0 turns and 0 degrees.
Encoder Target:0 degrees, or:0 turns and 0 degrees.
Register Accesed
Register Accesed
Turn executed: 140 Degrees
Next WP: 8
Encoder Target:0 degrees, or:0 turns and 0 degrees.
Straight line target:622mm
Register Accesed
Register Accesed
Register Accesed
Recieved: 23 with turns:0 and degrees:-128
Register Accesed
Recieved: 24 with turns:0 and degrees:-232
Register Accesed
Register Accesed
Register Accesed
Register Accesed
Register Accesed
Register Accesed
ACHTUNG!!! Ich habe gehaltet!
Waypoint Notification
Register Accesed
turn: 0.00
Encoder Target:0 degrees, or:0 turns and 0 degrees.
Encoder Target:0 degrees, or:0 turns and 0 degrees.
Register Accesed
Register Accesed
Turn executed: 50 Degrees
Next WP: 7
Encoder Target:0 degrees, or:0 turns and 0 degrees.
Straight line target:400mm
Register Accesed
Register Accesed
Register Accesed
Recieved: 23 with turns:0 and degrees:-184
Register Accesed
Recieved: 24 with turns:0 and degrees:-168
Register Accesed
Register Accesed
Register Accesed
Register Accesed
Register Accesed
Register Accesed
ACHTUNG!!! Ich habe gehaltet!
Waypoint Notification
Register Accesed
turn: 0.00
Encoder Target:0 degrees, or:0 turns and 0 degrees.
Encoder Target:0 degrees, or:0 turns and 0 degrees.
Register Accesed
Register Accesed
Turn executed: 90 Degrees
Next WP: 6
Encoder Target:0 degrees, or:0 turns and 0 degrees.
Straight line target:400mm
Register Accesed
Register Accesed
Register Accesed
Recieved: 23 with turns:0 and degrees:-232
Register Accesed
Recieved: 24 with turns:0 and degrees:128
Register Accesed
Register Accesed
Register Accesed
Register Accesed
Register Accesed
Register Accesed
ACHTUNG!!! Ich habe gehaltet!
Waypoint Notification
Register Accesed
turn: 0.00
Encoder Target:0 degrees, or:0 turns and 0 degrees.
Encoder Target:0 degrees, or:0 turns and 0 degrees.
Register Accesed
Register Accesed
Turn executed: 90 Degrees
Next WP: 5
Encoder Target:0 degrees, or:0 turns and 0 degrees.
Straight line target:400mm
Register Accesed
Register Accesed
Register Accesed
Recieved: 23 with turns:0 and degrees:224
Register Accesed
Recieved: 24 with turns:0 and degrees:-216
Register Accesed
Register Accesed
Register Accesed
Register Accesed
Register Accesed
Register Accesed
ACHTUNG!!! Ich habe gehaltet!
Waypoint Notification
Register Accesed
turn: 0.00
Encoder Target:0 degrees, or:0 turns and 0 degrees.
Encoder Target:0 degrees, or:0 turns and 0 degrees.
Register Accesed
Register Accesed
Turn executed: 90 Degrees
Next WP: 4
Encoder Target:0 degrees, or:0 turns and 0 degrees.
Straight line target:660mm
Register Accesed
Register Accesed
Register Accesed
Recieved: 23 with turns:0 and degrees:176
Register Accesed
Recieved: 24 with turns:0 and degrees:80
Register Accesed
Register Accesed
Register Accesed
Register Accesed
Register Accesed
Register Accesed
ACHTUNG!!! Ich habe gehaltet!
Waypoint Notification
Register Accesed
turn: 0.00
Encoder Target:0 degrees, or:0 turns and 0 degrees.
Encoder Target:0 degrees, or:0 turns and 0 degrees.
Register Accesed
Register Accesed
Turn executed: -90 Degrees
Next WP: 3
Ratio = 2, D(o) = 155 Return: Ratio
Ratio = 2, D(o) = 155 Return: D(o)
Describing Anti-Clockwise Arc:
Inner Circumference:3100mm Outer Circumference:155mm
Register Accesed
Register Accesed
Register Accesed
Register Accesed
ACHTUNG!!! Ich habe gehaltet!
Waypoint Notification
Register Accesed
turn: 0.00
Encoder Target:0 degrees, or:0 turns and 0 degrees.
Encoder Target:0 degrees, or:0 turns and 0 degrees.
Register Accesed
Register Accesed
Turn executed: 90 Degrees
Next WP: 2
Encoder Target:0 degrees, or:0 turns and 0 degrees.
Straight line target:500mm
Register Accesed
Register Accesed
Register Accesed
Recieved: 23 with turns:0 and degrees:-184
Register Accesed
Recieved: 24 with turns:0 and degrees:192
Register Accesed
Register Accesed
Register Accesed
Register Accesed
Register Accesed
Register Accesed
ACHTUNG!!! Ich habe gehaltet!
Waypoint Notification
Register Accesed
turn: 0.00
Encoder Target:0 degrees, or:0 turns and 0 degrees.
Encoder Target:0 degrees, or:0 turns and 0 degrees.
Register Accesed
Register Accesed
Turn executed: 90 Degrees
Next WP: 1
Encoder Target:0 degrees, or:0 turns and 0 degrees.
Straight line target:260mm
Register Accesed
Register Accesed
Register Accesed
Recieved: 23 with turns:0 and degrees:176
Register Accesed
Recieved: 24 with turns:0 and degrees:-176
Register Accesed
Register Accesed
Register Accesed
Register Accesed
Register Accesed
Register Accesed
ACHTUNG!!! Ich habe gehaltet!
Waypoint Notification
Register Accesed
turn: 0.00
Encoder Target:0 degrees, or:0 turns and 0 degrees.
Encoder Target:0 degrees, or:0 turns and 0 degrees.
Register Accesed
Register Accesed
Turn executed: -90 Degrees
Next WP: 0
Encoder Target:0 degrees, or:0 turns and 0 degrees.
Straight line target:340mm
Register Accesed
Register Accesed
Register Accesed
Recieved: 23 with turns:0 and degrees:-184
Register Accesed
Recieved: 24 with turns:0 and degrees:-216
Register Accesed
Register Accesed
Register Accesed
Register Accesed
Register Accesed
Register Accesed
ACHTUNG!!! Ich habe gehaltet!
Waypoint Notification
Register Accesed
Next WP: 12
Encoder Target:0 degrees, or:0 turns and 0 degrees.
Straight line target:428mm
Register Accesed
Register Accesed
Register Accesed
Recieved: 23 with turns:0 and degrees:40
Register Accesed
Recieved: 24 with turns:0 and degrees:-240
Register Accesed
Register Accesed
Register Accesed
Register Accesed
Register Accesed
Register Accesed
ACHTUNG!!! Ich habe gehaltet!
Waypoint Notification
Register Accesed
Next WP: 11
Encoder Target:0 degrees, or:0 turns and 0 degrees.
Straight line target:283mm
Register Accesed
Register Accesed
Register Accesed
Recieved: 23 with turns:0 and degrees:40
Register Accesed
Recieved: 24 with turns:0 and degrees:-240
Register Accesed
Register Accesed
Register Accesed
Register Accesed
Register Accesed
Register Accesed
ACHTUNG!!! Ich habe gehaltet!
Waypoint Notification
Register Accesed
turn: 0.00
Encoder Target:0 degrees, or:0 turns and 0 degrees.
Encoder Target:0 degrees, or:0 turns and 0 degrees.
Register Accesed
Register Accesed
Turn executed: 142 Degrees
Next WP: 10
Ratio = 3, D(o) = 300 Return: Ratio
Ratio = 3, D(o) = 300 Return: D(o)
Describing Anti-Clockwise Arc:
Inner Circumference:2446mm Outer Circumference:300mm
Register Accesed
Register Accesed
Register Accesed
Register Accesed
ACHTUNG!!! Ich habe gehaltet!
Waypoint Notification
Register Accesed
turn: 0.00
Encoder Target:0 degrees, or:0 turns and 0 degrees.
Encoder Target:0 degrees, or:0 turns and 0 degrees.
Register Accesed
Register Accesed
Turn executed: -90 Degrees
Next WP: 9
Encoder Target:0 degrees, or:0 turns and 0 degrees.
Straight line target:180mm
Register Accesed
Register Accesed
Register Accesed
Recieved: 23 with turns:0 and degrees:40
Register Accesed
