=~=~=~=~=~=~=~=~=~=~=~= PuTTY log 2017.11.15 13:38:24 =~=~=~=~=~=~=~=~=~=~=~=
Register: 34 Accessed
Register: 33 Accessed
Register: 31 Accessed
Register: 32 Accessed
Register: 33 Accessed
ACHTUNG!!! Ich habe gehaltet!
Waypoint Notification
Register: 35 Accessed
Awaiting all clear @ 441
Setup Complete @ 441
Next WP: 12
Targeting...
Encoder Target:0 degrees
Straight Line, length: 4280
Register: 23 Accessed
Serial Buffer: 6, 20, 6, 19, 
Recieved: 23 with:1555 degrees
Register: 24 Accessed
Serial Buffer: 
Recieved: 24 with:1555 degrees
Register: 31 Accessed
Register: 32 Accessed
Speed Adjustment: S1, S2
-26-26
Register: 23 Accessed
Serial Buffer: 
Recieved: 23 with:1555 degrees
Register: 24 Accessed
Serial Buffer: 
Recieved: 24 with:1555 degrees
Register: 31 Accessed
Register: 32 Accessed
Speed Adjustment: S1, S2
-26-26
Register: 23 Accessed
Serial Buffer: 
Recieved: 23 with:1555 degrees
Register: 24 Accessed
Serial Buffer: 
Recieved: 24 with:1555 degrees
Register: 31 Accessed
Register: 32 Accessed
Speed Adjustment: S1, S2
-26-26
Register: 23 Accessed
Serial Buffer: 
Recieved: 23 with:1555 degrees
Register: 24 Accessed
Serial Buffer: 
Recieved: 24 with:1555 degrees
Register: 31 Accessed
Register: 32 Accessed
Speed Adjustment: S1, S2
-26-26
Register: 23 Accessed
Serial Buffer: 
Recieved: 23 with:1555 degrees
Register: 24 Accessed
Serial Buffer: 
Recieved: 24 with:1555 degrees
Register: 31 Accessed
Register: 32 Accessed
Speed Adjustment: S1, S2
-26-26
Register: 23 Accessed
Serial Buffer: 
Recieved: 23 with:1555 degrees
Register: 24 Accessed
Serial Buffer: 
Recieved: 24 with:1555 degrees
Register: 31 Accessed
Register: 32 Accessed
Speed Adjustment: S1, S2
-26-26
Register: 23 Accessed
Serial Buffer: 
Recieved: 23 with:1555 degrees
Register: 24 Accessed
Serial Buffer: 
Recieved: 24 with:1555 degrees
Register: 31 Accessed
Register: 32 Accessed
Speed Adjustment: S1, S2
-26-26
Register: 23 Accessed
Register: 34 Accessed
Register: 33 Accessed
Register: 31 Accessed
Register: 32 Accessed
Register: 33 Accessed
ACHTUNG!!! Ich habe gehaltet!
Waypoint Notification
Register: 35 Accessed
Awaiting all clear @ 441
Setup Complete @ 441
Next WP: 12
Targeting...
Encoder Target:0 degrees
Straight Line, length: 4280
Register: 23 Accessed
Serial Buffer: 0, 0, 0, 19, 
Recieved: 23 with:19 degrees
Register: 24 Accessed
Serial Buffer: 0, 0, 0, 0, 19, 
Recieved: 24 with:19 degrees
Register: 31 Accessed
Register: 32 Accessed
Speed Adjustment: S1, S2
-26-26
Register: 23 Accessed
Serial Buffer: 0, 0, 0, 0, 19, 
Recieved: 23 with:19 degrees
Register: 24 Accessed
Serial Buffer: 255, 255, 255, 12, 19, 
Recieved: 24 with:3091 degrees
Register: 31 Accessed
Register: 32 Accessed
Speed Adjustment: S1, S2
-26-26
Register: 23 Accessed
Serial Buffer: 255, 255, 253, 248, 19, 
Recieved: 23 with:-2029 degrees
Register: 24 Accessed
Serial Buffer: 
Recieved: 24 with:-1261 degrees
Register: 31 Accessed
Register: 32 Accessed
Speed Adjustment: S1, S2
2626
Register: 23 Accessed
Serial Buffer: 
Recieved: 23 with:-4333 degrees
Register: 24 Accessed
Serial Buffer: 
Recieved: 24 with:-17389 degrees
Register: 31 Accessed
Register: 32 Accessed
Speed Adjustment: S1, S2
2828
Register: 23 Accessed
Serial Buffer: 
Recieved: 23 with:-10989 degrees
Register: 24 Accessed
Serial Buffer: 
Recieved: 24 with:-13037 degrees
Register: 31 Accessed
Register: 32 Accessed
Speed Adjustment: S1, S2
2828
Register: 23 Accessed
Serial Buffer: 
Recieved: 23 with:-3309 degrees
Register: 24 Accessed
Serial Buffer: 
Recieved: 24 with:-5357 degrees
Register: 31 Accessed
Register: 32 Accessed
Speed Adjustment: S1, S2
2626
Register: 23 Accessed
Serial Buffer: 
Recieved: 23 with:4115 degrees
Register: 24 Accessed
Serial Buffer: 
Recieved: 24 with:-1005 degrees
Register: 31 Accessed
Register: 32 Accessed
Speed Adjustment: S1, S2
-2628
Register: 23 Accessed
Serial Buffer: 
Recieved: 23 with:4883 degrees
Register: 24 Accessed
Serial Buffer: 
Recieved: 24 with:3859 degrees
Register: 31 Accessed
Register: 32 Accessed
Speed Adjustment: S1, S2
-26-26
Register: 23 Accessed
Serial Buffer: 
Recieved: 23 with:12563 degrees
Register: 24 Accessed
Serial Buffer: 
Recieved: 24 with:22291 degrees
Register: 31 Accessed
Register: 32 Accessed
Speed Adjustment: S1, S2
-26-26
Register: 23 Accessed
Serial Buffer: 
Recieved: 23 with:11027 degrees
Register: 24 Accessed
Serial Buffer: 
Recieved: 24 with:21267 degrees
Register: 31 Accessed
Register: 32 Accessed
Speed Adjustment: S1, S2
-28-28
Register: 23 Accessed
Serial Buffer: 
Recieved: 23 with:9491 degrees
Register: 24 Accessed
Serial Buffer: 
Recieved: 24 with:16915 degrees
Register: 31 Accessed
Register: 32 Accessed
Speed Adjustment: S1, S2
-26-26
Register: 23 Accessed
Serial Buffer: 
Recieved: 23 with:2067 degrees
Register: 24 Accessed
Serial Buffer: 
Recieved: 24 with:12307 degrees
Register: 31 Accessed
Register: 32 Accessed
Speed Adjustment: S1, S2
-26-26
Register: 23 Accessed
Serial Buffer: 
Recieved: 23 with:787 degrees
Register: 24 Accessed
Serial Buffer: 42, 19, 
Recieved: 24 with:10771 degrees
Register: 31 Accessed
Register: 32 Accessed
Speed Adjustment: S1, S2
-26-26
Register: 23 Accessed
Serial Buffer: 252, 19, 
Recieved: 23 with:-1005 degrees
Register: 24 Accessed
Serial Buffer: 
Recieved: 24 with:8723 degrees
Register: 31 Accessed
Register: 32 Accessed
Speed Adjustment: S1, S2
28-26
Register: 23 Accessed
Serial Buffer: 
Recieved: 23 with:-2541 degrees
Register: 24 Accessed
Serial Buffer: 
Recieved: 24 with:7443 degrees
Register: 31 Accessed
Register: 32 Accessed
Speed Adjustment: S1, S2
28-26
Register: 23 Accessed
Serial Buffer: 
Recieved: 23 with:-3565 degrees
Register: 24 Accessed
Serial Buffer: 
Recieved: 24 with:5907 degrees
Register: 31 Accessed
Register: 32 Accessed
Speed Adjustment: S1, S2
26-28
Register: 23 Accessed
Serial Buffer: 
Recieved: 23 with:3859 degrees
Register: 24 Accessed
Serial Buffer: 
Recieved: 24 with:1555 degrees
Register: 31 Accessed
Register: 32 Accessed
Speed Adjustment: S1, S2
-28-28
Register: 23 Accessed
Serial Buffer: 
Recieved: 23 with:4883 degrees
Register: 24 Accessed
Serial Buffer: 
Recieved: 24 with:-5869 degrees
Register: 31 Accessed
Register: 32 Accessed
Speed Adjustment: S1, S2
-2628
Register: 23 Accessed
Serial Buffer: 
Recieved: 23 with:5907 degrees
Register: 24 Accessed
Serial Buffer: 
Recieved: 24 with:-22765 degrees
Register: 31 Accessed
Register: 32 Accessed
Speed Adjustment: S1, S2
-2628
Register: 23 Accessed
Serial Buffer: 
Recieved: 23 with:4627 degrees
Register: 24 Accessed
Serial Buffer: 
Recieved: 24 with:-14829 degrees
Register: 31 Accessed
Register: 32 Accessed
Speed Adjustment: S1, S2
-2628
Register: 23 Accessed
Serial Buffer: 
Recieved: 23 with:3347 degrees
Register: 24 Accessed
Serial Buffer: 
Recieved: 24 with:-7661 degrees
Register: 31 Accessed
Register: 32 Accessed
Speed Adjustment: S1, S2
-2628
Register: 23 Accessed
Serial Buffer: 
Recieved: 23 with:1811 degrees
Register: 24 Accessed
Serial Buffer: 
Recieved: 24 with:275 degrees
Register: 31 Accessed
Register: 32 Accessed
Speed Adjustment: S1, S2
-28-28
Register: 23 Accessed
Serial Buffer: 
Recieved: 23 with:531 degrees
Register: 24 Accessed
Serial Buffer: 249, 60, 19, 
Recieved: 24 with:15379 degrees
Register: 31 Accessed
Register: 32 Accessed
Speed Adjustment: S1, S2
-28-28
Register: 23 Accessed
Serial Buffer: 239, 224, 19, 
Recieved: 23 with:-8173 degrees
Register: 24 Accessed
Serial Buffer: 
Recieved: 24 with:6931 degrees
Register: 31 Accessed
Register: 32 Accessed
Speed Adjustment: S1, S2
26-28
Register: 23 Accessed
Serial Buffer: 
Recieved: 23 with:-15853 degrees
Register: 24 Accessed
Serial Buffer: 
Recieved: 24 with:-1261 degrees
Register: 31 Accessed
Register: 32 Accessed
Speed Adjustment: S1, S2
2626
Register: 23 Accessed
Serial Buffer: 
Recieved: 23 with:-23277 degrees
Register: 24 Accessed
Serial Buffer: 
Recieved: 24 with:-18669 degrees
Register: 31 Accessed
Register: 32 Accessed
Speed Adjustment: S1, S2
2828
Register: 23 Accessed
Serial Buffer: 
Recieved: 23 with:-21485 degrees
Register: 24 Accessed
Serial Buffer: 
Recieved: 24 with:-14317 degrees
Register: 31 Accessed
Register: 32 Accessed
Speed Adjustment: S1, S2
2828
Register: 23 Accessed
Serial Buffer: 
Recieved: 23 with:-13805 degrees
Register: 24 Accessed
Serial Buffer: 
Recieved: 24 with:-6637 degrees
Register: 31 Accessed
Register: 32 Accessed
Speed Adjustment: S1, S2
2626
Register: 23 Accessed
Serial Buffer: 
Recieved: 23 with:-6125 degrees
Register: 24 Accessed
Serial Buffer: 
Recieved: 24 with:-2285 degrees
Register: 31 Accessed
Register: 32 Accessed
Speed Adjustment: S1, S2
2626
Register: 23 Accessed
Serial Buffer: 
Recieved: 23 with:-5101 degrees
Register: 24 Accessed
Serial Buffer: 
Recieved: 24 with:-1005 degrees
Register: 31 Accessed
Register: 32 Accessed
Speed Adjustment: S1, S2
2828
Register: 23 Accessed
Serial Buffer: 
Recieved: 23 with:-3821 degrees
Register: 24 Accessed
Serial Buffer: 
Recieved: 24 with:3347 degrees
Register: 31 Accessed
Register: 32 Accessed
Speed Adjustment: S1, S2
28-26
Register: 23 Accessed
Serial Buffer: 
Recieved: 23 with:3603 degrees
Register: 24 Accessed
Serial Buffer: 
Recieved: 24 with:22547 degrees
Register: 31 Accessed
Register: 32 Accessed
Speed Adjustment: S1, S2
-26-26
Register: 23 Accessed
Serial Buffer: 
Recieved: 23 with:11539 degrees
Register: 24 Accessed
Serial Buffer: 
Recieved: 24 with:21779 degrees
Register: 31 Accessed
Register: 32 Accessed
Speed Adjustment: S1, S2
-28-28
Register: 23 Accessed
Serial Buffer: 
Recieved: 23 with:18963 degrees
Register: 24 Accessed
Serial Buffer: 
Recieved: 24 with:19475 degrees
Register: 31 Accessed
Register: 32 Accessed
Speed Adjustment: S1, S2
-28-28
Register: 23 Accessed
Serial Buffer: 
Recieved: 23 with:11795 degrees
Register: 24 Accessed
Serial Buffer: 
Recieved: 24 with:7955 degrees
Register: 31 Accessed
Register: 32 Accessed
Speed Adjustment: S1, S2
-28-28
Register: 23 Accessed
Serial Buffer: 
Recieved: 23 with:2579 degrees
Register: 24 Accessed
Serial Buffer: 
Recieved: 24 with:531 degrees
Register: 31 Accessed
Register: 32 Accessed
Speed Adjustment: S1, S2
-28-28
Register: 23 Accessed
Serial Buffer: 
Recieved: 23 with:-5357 degrees
Register: 24 Accessed
Serial Buffer: 
Recieved: 24 with:-6893 degrees
Register: 31 Accessed
Register: 32 Accessed
Speed Adjustment: S1, S2
2626
Register: 23 Accessed
Serial Buffer: 
Recieved: 23 with:-12013 degrees
Register: 24 Accessed
Serial Buffer: 
Recieved: 24 with:-24813 degrees
Register: 31 Accessed
Register: 32 Accessed
Speed Adjustment: S1, S2
2626
Register: 23 Accessed
Serial Buffer: 
Recieved: 23 with:-19949 degrees
Register: 24 Accessed
Serial Buffer: 
Recieved: 24 with:-23533 degrees
Register: 31 Accessed
Register: 32 Accessed
Speed Adjustment: S1, S2
2626
Register: 23 Accessed
Serial Buffer: 
Recieved: 23 with:-18925 degrees
Register: 24 Accessed
Serial Buffer: 
Recieved: 24 with:-21997 degrees
Register: 31 Accessed
Register: 32 Accessed
Speed Adjustment: S1, S2
2828
Register: 23 Accessed
Serial Buffer: 
Recieved: 23 with:-16877 degrees
Register: 24 Accessed
Serial Buffer: 
Recieved: 24 with:-17389 degrees
Register: 31 Accessed
Register: 32 Accessed
Speed Adjustment: S1, S2
2828
Register: 23 Accessed
Serial Buffer: 
Recieved: 23 with:-9197 degrees
Register: 24 Accessed
Serial Buffer: 
Recieved: 24 with:-9965 degrees
Register: 31 Accessed
Register: 32 Accessed
Speed Adjustment: S1, S2
2626
Register: 23 Accessed
Serial Buffer: 
Recieved: 23 with:-2029 degrees
Register: 24 Accessed
Serial Buffer: 
Recieved: 24 with:-5357 degrees
Register: 31 Accessed
Register: 32 Accessed
Speed Adjustment: S1, S2
2626
Register: 23 Accessed
Serial Buffer: 
Recieved: 23 with:-749 degrees
Register: 24 Accessed
Serial Buffer: 
Recieved: 24 with:-4589 degrees
Register: 31 Accessed
Register: 32 Accessed
Speed Adjustment: S1, S2
2626
Register: 23 Accessed
Serial Buffer: 
Recieved: 23 with:275 degrees
Register: 24 Accessed
Serial Buffer: 6, 20, 6, 19, 
Recieved: 24 with:1555 degrees
Register: 31 Accessed
Register: 32 Accessed
Speed Adjustment: S1, S2
-26-26
Register: 23 Accessed
Serial Buffer: 6, 20, 6, 19, 
Recieved: 23 with:1555 degrees
Register: 24 Accessed
Serial Buffer: 
Recieved: 24 with:1555 degrees
Register: 31 Accessed
Register: 32 Accessed
Speed Adjustment: S1, S2
-26-26
Register: 23 Accessed
Serial Buffer: 
Recieved: 23 with:1555 degrees
Register: 24 Accessed
Serial Buffer: 
Recieved: 24 with:1555 degrees
Register: 31 Accessed
Register: 32 Accessed
Speed Adjustment: S1, S2
-26-26
Register: 23 Accessed
Serial Buffer: 
Recieved: 23 with:1555 degrees
Register: 24 Accessed
Serial Buffer: 
Recieved: 24 with:1555 degrees
Register: 31 Accessed
Register: 32 Accessed
Speed Adjustment: S1, S2
-26-26
Register: 23 Accessed
Serial Buffer: 
Recieved: 23 with:1555 degrees
Register: 24 Accessed
Serial Buffer: 
Recieved: 24 with:1555 degrees
Register: 31 Accessed
Register: 32 Accessed
Speed Adjustment: S1, S2
-26-26
Register: 23 Accessed
Serial Buffer: 
Recieved: 23 with:1555 degrees
Register: 24 Accessed
Serial Buffer: 
Recieved: 24 with:1555 degrees
Register: 31 Accessed
Register: 32 Accessed
Speed Adjustment: S1, S2
-26-26
Register: 23 Accessed
Serial Buffer: 
Recieved: 23 with:1555 degrees
Register: 24 Accessed
Serial Buffer: 
Recieved: 24 with:1555 degrees
Register: 31 Accessed
Register: 32 Accessed
Speed Adjustment: S1, S2
-26-26
Register: 23 Accessed
Serial Buffer: 
Recieved: 23 with:1555 degrees
Register: 24 Accessed
Serial Buffer: 
Recieved: 24 with:1555 degrees
Register: 31 Accessed
Register: 32 Accessed
Speed Adjustment: S1, S2
-26-26
Register: 23 Accessed
Serial Buffer: 
Recieved: 23 with:1555 degrees
Register: 24 Accessed
Serial Buffer: 
Recieved: 24 with:1555 degrees
Register: 31 Accessed
Register: 32 Accessed
Speed Adjustment: S1, S2
-26-26
Register: 23 Accessed
Serial Buffer: 
Recieved: 23 with:1555 degrees
Register: 24 Accessed
Serial Buffer: 
Recieved: 24 with:1555 degrees
Register: 31 Accessed
Register: 32 Accessed
Speed Adjustment: S1, S2
-26-26
Register: 23 Accessed
S