=~=~=~=~=~=~=~=~=~=~=~= PuTTY log 2017.11.15 14:37:46 =~=~=~=~=~=~=~=~=~=~=~=
Register: 34 Accessed
Register: 33 Accessed
Register: 31 Accessed
Register: 32 Accessed
Register: 33 Accessed
ACHTUNG!!! Ich habe gehaltet!
Waypoint Notification
Register: 35 Accessed
Awaiting all clear @ 142
Register: 34 Accessed
Register: 33 Accessed
Register: 31 Accessed
Register: 32 Accessed
Register: 33 Accessed
ACHTUNG!!! Ich habe gehaltet!
Waypoint Notification
Register: 35 Accessed
Awaiting all clear @ 142
Setup Complete @ 142
Register: 35 Accessed
Next WP: 12
Targeting...
4280
29688.0859375000
0.1212607622
Encoder Target:518 degrees
Straight Line, length: 4280
518518
Register: 23 Accessed
Serial Buffer: 0, 0, 0, 0, 24, 
Recieved: 23 with:24 degrees
Register: 24 Accessed
Serial Buffer: 0, 0, 0, 0, 24, 
Recieved: 24 with:24 degrees
9595
Register: 31 Accessed
Register: 32 Accessed
Speed Adjustment: S1, S2
122122
Register: 23 Accessed
Serial Buffer: 0, 0, 0, 1, 24, 
Recieved: 23 with:280 degrees
Register: 24 Accessed
Serial Buffer: 0, 0, 3, 168, 24, 
Recieved: 24 with:-22504 degrees
4592
Register: 31 Accessed
Register: 32 Accessed
Speed Adjustment: S1, S2
72119
Register: 23 Accessed
Serial Buffer: 0, 0, 8, 200, 24, 
Recieved: 23 with:-14312 degrees
Register: 24 Accessed
Serial Buffer: 0, 0, 11, 143, 24, 
Recieved: 24 with:-28904 degrees
4647
Register: 31 Accessed
Register: 32 Accessed
Speed Adjustment: S1, S2
7374
Register: 23 Accessed
Serial Buffer: 0, 0, 14, 19, 24, 
Recieved: 23 with:4888 degrees
Register: 24 Accessed
Serial Buffer: 0, 0, 16, 192, 24, 
Recieved: 24 with:-16360 degrees
-75-70
Register: 31 Accessed
Register: 32 Accessed
Speed Adjustment: S1, S2
-102-43
Register: 23 Accessed
Serial Buffer: 0, 0, 19, 97, 24, 
Recieved: 23 with:24856 degrees
Register: 24 Accessed
Serial Buffer: 0, 0, 18, 197, 24, 
Recieved: 24 with:-15080 degrees
-90-61
Register: 31 Accessed
Register: 32 Accessed
Speed Adjustment: S1, S2
-117-34
Register: 23 Accessed
Serial Buffer: 0, 0, 13, 30, 24, 
Recieved: 23 with:7704 degrees
Register: 24 Accessed
Serial Buffer: 0, 0, 16, 155, 24, 
Recieved: 24 with:-25832 degrees
-107-34
Register: 31 Accessed
Register: 32 Accessed
Speed Adjustment: S1, S2
122-7
Register: 23 Accessed
Serial Buffer: 0, 0, 11, 66, 24, 
Recieved: 23 with:16920 degrees
Register: 24 Accessed
Serial Buffer: 0, 0, 16, 155, 24, 
Recieved: 24 with:-25832 degrees
-94-34
Register: 31 Accessed
Register: 32 Accessed
Speed Adjustment: S1, S2
-121-7
Register: 23 Accessed
Serial Buffer: 0, 0, 11, 66, 24, 
Recieved: 23 with:16920 degrees
Register: 24 Accessed
Serial Buffer: 0, 0, 16, 155, 24, 
Recieved: 24 with:-25832 degrees
-94-34
Register: 31 Accessed
Register: 32 Accessed
Speed Adjustment: S1, S2
-121-7
Register: 23 Accessed
Serial Buffer: 0, 0, 11, 66, 24, 
Recieved: 23 with:16920 degrees
Register: 24 Accessed
Serial Buffer: 0, 0, 16, 155, 24, 
Recieved: 24 with:-25832 degrees
-94-34
Register: 31 Accessed
Register: 32 Accessed
Speed Adjustment: S1, S2
-121-7
Register: 23 Accessed
Serial Buffer: 0, 0, 11, 66, 24, 
Recieved: 23 with:16920 degrees
Register: 24 Accessed
Serial Buffer: 0, 0, 16, 155, 24, 
Recieved: 24 with:-25832 degrees
-94-34
Register: 31 Accessed
Register: 32 Accessed
Speed Adjustment: S1, S2
-121-7
Register: 23 Accessed
Serial Buffer: 0, 0, 11, 67, 24, 
Recieved: 23 with:17176 degrees
Register: 24 Accessed
Serial Buffer: 0, 0, 16, 160, 24, 
Recieved: 24 with:-24552 degrees
113-25
Register: 31 Accessed
Register: 32 Accessed
Speed Adjustment: S1, S2
862
Register: 23 Accessed
Serial Buffer: 0, 0, 11, 67, 24, 
Recieved: 23 with:17176 degrees
Register: 24 Accessed
Serial Buffer: 0, 0, 16, 160, 24, 
Recieved: 24 with:-24552 degrees
113-25
Register: 31 Accessed
Register: 32 Accessed
Speed Adjustment: S1, S2
862
Register: 23 Accessed
Serial Buffer: 0, 0, 11, 67, 24, 
Recieved: 23 with:17176 degrees
Register: 24 Accessed
Serial Buffer: 0, 0, 16, 160, 24, 
Recieved: 24 with:-24552 degrees
113-25
Register: 31 Accessed
Register: 32 Accessed
Speed Adjustment: S1, S2
862
Register: 23 Accessed
Serial Buffer: 0, 0, 11, 67, 24, 
Recieved: 23 with:17176 degrees
Register: 24 Accessed
Serial Buffer: 0, 0, 16, 160, 24, 
Recieved: 24 with:-24552 degrees
113-25
Register: 31 Accessed
Register: 32 Accessed
Speed Adjustment: S1, S2
862
Register: 23 Accessed
Serial Buffer: 0, 0, 11, 67, 24, 
Recieved: 23 with:17176 degrees
Register: 24 Accessed
Serial Buffer: 0, 0, 16, 160, 24, 
Recieved: 24 with:-24552 degrees
113-25
Register: 31 Accessed
Register: 32 Accessed
Speed Adjustment: S1, S2
862
Register: 23 Accessed
Serial Buffer: 0, 0, 11, 67, 24, 
Recieved: 23 with:17176 degrees
Register: 24 Accessed
Serial Buffer: 0, 0, 16, 160, 24, 
Recieved: 24 with:-24552 degrees
113-25
Register: 31 Accessed
Register: 32 Accessed
Speed Adjustment: S1, S2
862
Register: 23 Accessed
Serial Buffer: 0, 0, 11, 67, 24, 
Recieved: 23 with:17176 degrees
Register: 24 Accessed
Serial Buffer: 0, 0, 16, 157, 24, 
Recieved: 24 with:-25320 degrees
113124
Register: 31 Accessed
Register: 32 Accessed
Speed Adjustment: S1, S2
86-105
Register: 23 Accessed
Serial Buffer: 0, 0, 11, 66, 24, 
Recieved: 23 with:16920 degrees
Register: 24 Accessed
Serial Buffer: 0, 0, 16, 157, 24, 
Recieved: 24 with:-25320 degrees
-94124
Register: 31 Accessed
Register: 32 Accessed
Speed Adjustment: S1, S2
-121-105
Register: 23 Accessed
Register: 34 Accessed
Register: 33 Accessed
Register: 31 Accessed
Register: 32 Accessed
Register: 33 Accessed
ACHTUNG!!! Ich habe gehaltet!
Waypoint Notification
Register: 35 Accessed
Awaiting all clear @ 142
Setup Complete @ 142
Register: 35 Accessed
Next WP: 12
Targeting...
4280
29688.0859375000
0.1212607622
Encoder Target:518 degrees
Straight Line, length: 4280
518518
Register: 23 Accessed
Serial Buffer: 0, 0, 0, 0, 24, 
Recieved: 23 with:24 degrees
Register: 24 Accessed
Serial Buffer: 0, 0, 0, 0, 24, 
Recieved: 24 with:24 degrees
9595
Register: 31 Accessed
Register: 32 Accessed
Speed Adjustment: S1, S2
122122
Register: 23 Accessed
Serial Buffer: 0, 0, 0, 1, 24, 
Recieved: 23 with:280 degrees
Register: 24 Accessed
Serial Buffer: 0, 0, 3, 188, 24, 
Recieved: 24 with:-17384 degrees
45127
Register: 31 Accessed
Register: 32 Accessed
Speed Adjustment: S1, S2
72-102
Register: 23 Accessed
Serial Buffer: 0, 0, 8, 203, 24, 
Recieved: 23 with:-13544 degrees
Register: 24 Accessed
Serial Buffer: 0, 0, 8, 6, 24, 
Recieved: 24 with:1560 degrees
-10255
Register: 31 Accessed
Register: 32 Accessed
Speed Adjustment: S1, S2
-7528
Register: 23 Accessed
Serial Buffer: 0, 6, 25, 6, 24, 
Recieved: 23 with:1560 degrees
Register: 24 Accessed
Serial Buffer: 0, 6, 25, 6, 24, 
Recieved: 24 with:1560 degrees
5555
Register: 31 Accessed
Register: 32 Accessed
Speed Adjustment: S1, S2
2828
Register: 23 Accessed
Serial Buffer: 0, 6, 25, 6, 24, 
Recieved: 23 with:1560 degrees
Register: 24 Accessed
Serial Buffer: 0, 6, 25, 6, 24, 
Recieved: 24 with:1560 degrees
5555
Register: 31 Accessed
Register: 32 Accessed
Speed Adjustment: S1, S2
2828
Register: 23 Accessed
Serial Buffer: 0, 6, 25, 6, 24, 
Recieved: 23 with:1560 degrees
Register: 24 Accessed
Serial Buffer: 0, 6, 25, 6, 24, 
Recieved: 24 with:1560 degrees
5555
Register: 31 Accessed
Register: 32 Accessed
Speed Adjustment: S1, S2
2828
Register: 23 Accessed
Serial Buffer: 0, 6, 25, 6, 24, 
Recieved: 23 with:1560 degrees
Register: 24 Accessed
Serial Buffer: 0, 6, 25, 6, 24, 
Recieved: 24 with:1560 degrees
5555
Register: 31 Accessed
Register: 32 Accessed
Speed Adjustment: S1, S2
2828
Register: 23 Accessed
Serial Buffer: 0, 6, 25, 6, 24, 
Recieved: 23 with:1560 degrees
Register: 24 Accessed
Serial Buffer: 0, 6, 25, 6, 24, 
Recieved: 24 with:1560 degrees
5555
Register: 31 Accessed
Register: 32 Accessed
Speed Adjustment: S1, S2
2828
Register: 23 Accessed
Serial Buffer: 0, 6, 25, 6, 24, 
Recieved: 23 with:1560 degrees
Register: 24 Accessed
Serial Buffer: 0, 6, 25, 6, 24, 
Recieved: 24 with:1560 degrees
5555
Register: 31 Accessed
Register: 32 Accessed
Speed Adjustment: S1, S2
2828
Register: 23 Accessed
Serial Buffer: 0, 6, 25, 6, 24, 
Recieved: 23 with:1560 degrees
Register: 24 Accessed
Serial Buffer: 0, 6, 25, 6, 24, 
Recieved: 24 with:1560 degrees
5555
Register: 31 Accessed
Register: 32 Accessed
Speed Adjustment: S1, S2
2828
Register: 23 Accessed
Serial Buffer: 0, 6, 25, 6, 24, 
Recieved: 23 with:1560 degrees
Register: 24 Accessed
Serial Buffer: 0, 6, 25, 6, 24, 
Recieved: 24 with:1560 degrees
5555
Register: 31 Accessed
Register: 32 Accessed
Speed Adjustment: S1, S2
2828
Register: 23 Accessed
Serial Buffer: 0, 6, 25, 6, 24, 
Recieved: 23 with:1560 degrees
Register: 24 Accessed
Serial Buffer: 0, 6, 25, 6, 24, 
Recieved: 24 with:1560 degrees
5555
Register: 31 Accessed
Register: 32 Accessed
Speed Adjustment: S1, S2
2828
Register: 23 Accessed
Serial Buffer: 0, 6, 25, 6, 24, 
Recieved: 23 with:1560 degrees
Register: 24 Accessed
Serial Buffer: 0, 6, 25, 6, 24, 
Recieved: 24 with:1560 degrees
5555
Register: 31 Accessed
Register: 32 Accessed
Speed Adjustment: S1, S2
2828
Register: 23 Accessed
Serial Buffer: 0, 6, 25, 6, 24, 
Recieved: 23 with:1560 degrees
Register: 24 Accessed
Serial Buffer: 0, 6, 25, 6, 24, 
Recieved: 24 with:1560 degrees
5555
Register: 31 Accessed
Register: 32 Accessed
Speed Adjustment: S1, S2
2828
Register: 23 Accessed
Serial Buffer: 0, 6, 25, 6, 24, 
Recieved: 23 with:1560 degrees
Register: 24 Accessed
Serial Buffer: 0, 6, 25, 6, 24, 
Recieved: 24 with:1560 degrees
5555
Register: 31 Accessed
Register: 32 Accessed
Speed Adjustment: S1, S2
2828
Register: 23 Accessed
Serial Buffer: 0, 6, 25, 6, 24, 
Recieved: 23 with:1560 degrees
Register: 24 Accessed
Serial Buffer: 0, 6, 25, 6, 24, 
Recieved: 24 with:1560 degrees
5555
Register: 31 Accessed
Register: 32 Accessed
Speed Adjustment: S1, S2
2828
Register: 23 Accessed
Serial Buffer: 0, 6, 25, 6, 24, 
Recieved: 23 with:1560 degrees
Register: 24 Accessed
Serial Buffer: 0, 6, 25, 6, 24, 
Recieved: 24 with:1560 degrees
5555
Register: 31 Accessed
Register: 32 Accessed
Speed Adjustment: S1, S2
2828
Register: 23 Accessed
Serial Buffer: 0, 6, 25, 6, 24, 
Recieved: 23 with:1560 degrees
Register: 24 Accessed
Serial Buffer: 0, 6, 25, 6, 24, 
Recieved: 24 with:1560 degrees
5555
Register: 31 Accessed
Register: 32 Accessed
Speed Adjustment: S1, S2
2828
Register: 23 Accessed
Serial Buffer: 0, 6, 25, 6, 24, 
Recieved: 23 with:1560 degrees
Register: 24 Accessed
Serial Buffer: 0, 6, 25, 6, 24, 
Recieved: 24 with:1560 degrees
5555
Register: 31 Accessed
Register: 32 Accessed
Speed Adjustment: S1, S2
2828
Register: 23 Accessed
Serial Buffer: 0, 6, 25, 6, 24, 
Recieved: 23 with:1560 degrees
Register: 24 Accessed
Serial Buffer: 0, 6, 25, 6, 24, 
Recieved: 24 with:1560 degrees
5555
Register: 31 Accessed
Register: 32 Accessed
Speed Adjustment: S1, S2
2828
Register: 23 Accessed
Serial Buffer: 0, 6, 25, 6, 24, 
Recieved: 23 with:1560 degrees
Register: 24 Accessed
Serial Buffer: 0, 6, 25, 6, 24, 
Recieved: 24 with:1560 degrees
5555
Register: 31 Accessed
Register: 32 Accessed
Speed Adjustment: S1, S2
2828
Register: 23 Accessed
Serial Buffer: 0, 6, 25, 6, 24, 
Recieved: 23 with:1560 degrees
Register: 24 Accessed
Serial Buffer: 0, 6, 25, 6, 24, 
Recieved: 24 with:1560 degrees
5555
Register: 31 Accessed
Register: 32 Accessed
Speed Adjustment: S1, S2
2828
Register: 23 Accessed
Serial Buffer: 0, 6, 25, 6, 24, 
Recieved: 23 with:1560 degrees
Register: 24 Accessed
Serial Buffer: 0, 6, 25, 6, 24, 
Recieved: 24 with:1560 degrees
5555
Register: 31 Accessed
Register: 32 Accessed
Speed Adjustment: S1, S2
2828
Register: 23 Accessed
Serial Buffer: 0, 6, 25, 6, 24, 
Recieved: 23 with:1560 degrees
Register: 24 Accessed
Serial Buffer: 0, 6, 25, 6, 24, 
Recieved: 24 with:1560 degrees
5555
Register: 31 Accessed
Register: 32 Accessed
Speed Adjustment: S1, S2
2828
Register: 23 Accessed
Serial Buffer: 0, 6, 25, 6, 24, 
Recieved: 23 with:1560 degrees
Register: 24 Accessed
Serial Buffer: 0, 6, 25, 6, 24, 
Recieved: 24 with:1560 degrees
5555
Register: 31 Accessed
Register: 32 Accessed
Speed Adjustment: S1, S2
2828
Register: 23 Accessed
Serial Buffer: 0, 6, 25, 6, 24, 
Recieved: 23 with:1560 degrees
Register: 24 Accessed
Serial Buffer: 0, 6, 25, 6, 24, 
Recieved: 24 with:1560 degrees
5555
Register: 31 Accessed
Register: 32 Accessed
Speed Adjustment: S1, S2
2828
Register: 23 Accessed
Serial Buffer: 0, 6, 25, 6, 24, 
Recieved: 23 with:1560 degrees
Register: 24 Accessed
Serial Buffer: 0, 6, 25, 6, 24, 
Recieved: 24 with:1560 degrees
5555
Register: 31 Accessed
Register: 32 Accessed
Speed Adjustment: S1, S2
2828
Register: 23 Accessed
Serial Buffer: 0, 6, 25, 6, 24, 
Recieved: 23 with:1560 degrees
Register: 24 Accessed
Serial Buffer: 0, 6, 25, 6, 24, 