=~=~=~=~=~=~=~=~=~=~=~= PuTTY log 2017.11.15 15:13:12 =~=~=~=~=~=~=~=~=~=~=~=
Register: 34 Accessed
Register: 33 Accessed
Register: 31 Accessed
Register: 32 Accessed
Register: 33 Accessed
ACHTUNG!!! Ich habe gehaltet!
Waypoint Notification
Register: 35 Accessed
Awaiting all clear @ 142
Setup Complete @ 142
Register: 35 Accessed
Next WP: 12
Targeting...
4280
29688.0859375000
0.1212607622
Encoder Target:518 degrees
Straight Line, length: 4280
518518
Register: 23 Accessed
Serial Buffer: 0, 6, 25, 6, 24, 
Recieved: 23 with:6406 degrees
Register: 24 Accessed
Serial Buffer: 0, 6, 25, 6, 24, 
Recieved: 24 with:6406 degrees
-112-112
Register: 31 Accessed
Register: 32 Accessed
Speed Adjustment: S1, S2
117117
Register: 23 Accessed
Serial Buffer: 0, 6, 25, 6, 24, 
Recieved: 23 with:6406 degrees
Register: 24 Accessed
Serial Buffer: 0, 6, 25, 6, 24, 
Recieved: 24 with:6406 degrees
-112-112
Register: 31 Accessed
Register: 32 Accessed
Speed Adjustment: S1, S2
117117
Register: 23 Accessed
Serial Buffer: 0, 6, 25, 6, 24, 
Recieved: 23 with:6406 degrees
Register: 24 Accessed
Serial Buffer: 0, 6, 25, 6, 24, 
Recieved: 24 with:6406 degrees
-112-112
Register: 31 Accessed
Register: 32 Accessed
Speed Adjustment: S1, S2
117117
Register: 23 Accessed
Serial Buffer: 0, 6, 25, 6, 24, 
Recieved: 23 with:6406 degrees
Register: 24 Accessed
Serial Buffer: 0, 6, 25, 6, 24, 
Recieved: 24 with:6406 degrees
-112-112
Register: 31 Accessed
Register: 32 Accessed
Speed Adjustment: S1, S2
117117
Register: 23 Accessed
Serial Buffer: 0, 6, 25, 6, 24, 
Recieved: 23 with:6406 degrees
Register: 24 Accessed
Serial Buffer: 0, 6, 25, 6, 24, 
Recieved: 24 with:6406 degrees
-112-112
Register: 31 Accessed
Register: 32 Accessed
Speed Adjustment:Register: 34 Accessed
Register: 33 Accessed
Register: 31 Accessed
Register: 32 Accessed
Register: 33 Accessed
ACHTUNG!!! Ich habe gehaltet!
Waypoint Notification
Register: 35 Accessed
Awaiting all clear @ 142
Setup Complete @ 142
Register: 35 Accessed
Next WP: 12
Targeting...
4280
29688.0859375000
0.1212607622
Encoder Target:518 degrees
Straight Line, length: 4280
518518
Register: 23 Accessed
Serial Buffer: 0, 6, 25, 6, 24, 
Recieved: 23 with:6406 degrees
Register: 24 Accessed
Serial Buffer: 0, 6, 25, 6, 24, 
Recieved: 24 with:6406 degrees
-112-112
Register: 31 Accessed
Register: 32 Accessed
Speed Adjustment: S1, S2
117117
Register: 23 Accessed
Serial Buffer: 0, 6, 25, 6, 24, 
Recieved: 23 with:6406 degrees
Register: 24 Accessed
Serial Buffer: 0, 6, 25, 6, 24, 
Recieved: 24 with:6406 degrees
-112-112
Register: 31 Accessed
Register: 32 Accessed
Speed Adjustment: S1, S2
117117
Register: 23 Accessed
Serial Buffer: 0, 6, 25, 6, 24, 
Recieved: 23 with:6406 degrees
Register: 24 Accessed
Serial Buffer: 0, 6, 25, 6, 24, 
Recieved: 24 with:6406 degrees
-112-112
Register: 31 Accessed
Register: 32 Accessed
Speed Adjustment: S1, S2
117117
Register: 23 Accessed
Serial Buffer: 0, 6, 25, 6, 24, 
Recieved: 23 with:6406 degrees
Register: 24 Accessed
Serial Buffer: 0, 6, 25, 6, 24, 
Recieved: 24 with:6406 degrees
-112-112
Register: 31 Accessed
Register: 32 Accessed
Speed Adjustment: S1, S2
117117
Register: 23 Accessed
Serial Buffer: 0, 6, 25, 6, 24, 
Recieved: 23 with:6406 degrees
Register: 24 Accessed
Serial Buffer: 0, 6, 25, 6, 24, 
Recieved: 24 with:6406 degrees
-112-112
Register: 31 Accessed
Register: 32 Accessed
Speed Adjustment: S1, S2
117117
Register: 23 Accessed
Serial Buffer: 0, 6, 25, 6, 24, 
Recieved: 23 with:6406 degrees
Register: 24 Accessed
Serial Buffer: 0, 6, 25, 6, 24, 
Recieved: 24 with:6406 degrees
-112-112
Register: 31 Accessed
Register: 32 Accessed
Speed Adjustment: S1, S2
117117
Register: 23 Accessed
Serial Buffer: 0, 6, 25, 6, 24, 
Recieved: 23 with:6406 degrees
Register: 24 Accessed
Serial Buffer: 0, 6, 25, 6, 24, 
Recieved: 24 with:6406 degrees
-112-112
Register: 31 Accessed
Register: 32 Accessed
Speed Adjustment: S1, S2
117117
Register: 23 Accessed
Serial Buffer: 0, 6, 25, 6, 24, 
Recieved: 23 with:6406 degrees
Register: 24 Accessed
Serial Buffer: 0, 6, 25, 6, 24, 
Recieved: 24 with:6406 degrees
-112-112
Register: 31 Accessed
Register: 32 Accessed
Speed Adjustment: S1, S2
117117
Register: 23 Accessed
Serial Buffer: 0, 6, 25, 6, 24, 
Recieved: 23 with:6406 degrees
Register: 24 Accessed
Serial Buffer: 0, 6, 25, 6, 24, 
Recieved: 24 with:6406 degrees
-112-112
Register: 31 Accessed
Register: 32 Accessed
Speed Adjustment: S1, S2
117117
Register: 23 Accessed
Serial Buffer: 0, 6, 25, 6, 24, 
Recieved: 23 with:6406 degrees
Register: 24 Accessed
Serial Buffer: 0, 6, 25, 6, 24, 
Recieved: 24 with:6406 degrees
-112-112
Register: 31 Accessed
Register: 32 Accessed
Speed Adjustment: S1, S2
117117
Register: 23 Accessed
Serial Buffer: 0, 6, 25, 6, 24, 
Recieved: 23 with:6406 degrees
Register: 24 Accessed
Serial Buffer: 0, 6, 25, 6, 24, 
Recieved: 24 with:6406 degrees
-112-112
Register: 31 Accessed
Register: 32 Accessed
Speed Adjustment: S1, S2
117117
Register: 23 Accessed
Serial Buffer: 0, 6, 25, 6, 24, 
Recieved: 23 with:6406 degrees
Register: 24 Accessed
Serial Buffer: 0, 6, 25, 6, 24, 
Recieved: 24 with:6406 degrees
-112-112
Register: 31 Accessed
Register: 32 Accessed
Speed Adjustment: S1, S2
117117
Register: 23 Accessed
Serial Buffer: 0, 6, 25, 6, 24, 
Recieved: 23 with:6406 degrees
Register: 24 Accessed
Serial Buffer: 0, 6, 25, 6, 24, 
Recieved: 24 with:6406 degrees
-112-112
Register: 31 Accessed
Register: 32 Accessed
Speed Adjustment: S1, S2
117117
Register: 23 Accessed
Serial Buffer: 0, 6, 25, 6, 24, 
Recieved: 23 with:6406 degrees
Register: 24 Accessed
Serial Buffer: 0, 6, 25, 6, 24, 
Recieved: 24 with:6406 degrees
-112-112
Register: 31 Accessed
Register: 32 Accessed
Speed Adjustment: S1, S2
117117
Register: 23 Accessed
Serial Buffer: 0, 6, 25, 6, 24, 
Recieved: 23 with:6406 degrees
Register: 24 Accessed
Serial Buffer: 0, 6, 25, 6, 24, 
Recieved: 24 with:6406 degrees
-112-112
Register: 31 Accessed
Register: 32 Accessed
Speed Adjustment: S1, S2
117117
Register: 23 Accessed
Serial Buffer: 0, 6, 25, 6, 24, 
Recieved: 23 with:6406 degrees
Register: 24 Accessed
Serial Buffer: 0, 6, 25, 6, 24, 
Recieved: 24 with:6406 degrees
-112-112
Register: 31 Accessed
Register: 32 Accessed
Speed Adjustment: S1, S2
117117
Register: 23 Accessed
Serial Buffer: 0, 6, 25, 6, 24, 
Recieved: 23 with:6406 degrees
Register: 24 Accessed
Serial Buffer: 0, 6, 25, 6, 24, 
Recieved: 24 with:6406 degrees
-112-112
Register: 31 Accessed
Register: 32 Accessed
Speed Adjustment: S1, S2
117117
Register: 23 Accessed
Serial Buffer: 0, 6, 25, 6, 24, 
Recieved: 23 with:6406 degrees
Register: 24 Accessed
Serial Buffer: 0, 6, 25, 6, 24, 
Recieved: 24 with:6406 degrees
-112-112
Register: 31 Accessed
Register: 32 Accessed
Speed Adjustment: S1, S2
117117
Register: 23 Accessed
Serial Buffer: 0, 6, 25, 6, 24, 
Recieved: 23 with:6406 degrees
Register: 24 Accessed
Serial Buffer: 0, 6, 25, 6, 24, 
Recieved: 24 with:6406 degrees
-112-112
Register: 31 Accessed
Register: 32 Accessed
Speed Adjustment: S1, S2
117117
Register: 23 Accessed
Serial Buffer: 0, 6, 25, 6, 24, 
Recieved: 23 with:6406 degrees
Register: 24 Accessed
Serial Buffer: 0, 6, 25, 6, 24, 
Recieved: 24 with:6406 degrees
-112-112
Register: 31 Accessed
Register: 32 Accessed
Speed Adjustment: S1, S2
117117
Register: 23 Accessed
Serial Buffer: 0, 6, 25, 6, 24, 
Recieved: 23 with:6406 degrees
Register: 24 Accessed
Serial Buffer: 0, 6, 25, 6, 24, 
Recieved: 24 with:6406 degrees
-112-112
Register: 31 Accessed
Register: 32 Accessed
Speed Adjustment: S1, S2
117117
Register: 23 Accessed
Serial Buffer: 0, 6, 25, 6, 24, 
Recieved: 23 with:6406 degrees
Register: 24 Accessed
Serial Buffer: 0, 6, 25, 6, 24, 
Recieved: 24 with:6406 degrees
-112-112
Register: 31 Accessed
Register: 32 Accessed
Speed Adjustment: S1, S2
117117
Register: 23 Accessed
Serial Buffer: 0, 6, 25, 6, 24, 
Recieved: 23 with:6406 degrees
Register: 24 Accessed
Serial Buffer: 0, 6, 25, 6, 24, 
Recieved: 24 with:6406 degrees
-112-112
Register: 31 Accessed
Register: 32 Accessed
Speed Adjustment: S1, S2
117117
Register: 23 Accessed
Serial Buffer: 0, 6, 25, 6, 24, 
Recieved: 23 with:6406 degrees
Register: 24 Accessed
Serial Buffer: 0, 6, 25, 6, 24, 
Recieved: 24 with:6406 degrees
-112-112
Register: 31 Accessed
Register: 32 Accessed
Speed Adjustment: S1, S2
117117
Register: 23 Accessed
Serial Buffer: 0, 6, 25, 6, 24, 
Recieved: 23 with:6406 degrees
Register: 24 Accessed
Serial Buffer: 0, 6, 25, 6, 24, 
Recieved: 24 with:6406 degrees
-112-112
Register: 31 Accessed
Register: 32 Accessed
Speed Adjustment: S1, S2
117117
Register: 23 Accessed
Serial Buffer: 0, 6, 25, 6, 24, 
Recieved: 23 with:6406 degrees
Register: 24 Accessed
Serial Buffer: 0, 6, 25, 6, 24, 
Recieved: 24 with:6406 degrees
-112-112
Register: 31 Accessed
Register: 32 Accessed
Speed Adjustment: S1, S2
117117
Register: 23 Accessed
Serial Buffer: 0, 6, 25, 6, 24, 
Recieved: 23 with:6406 degrees
Register: 24 Accessed
Register: 34 Accessed
Register: 33 Accessed
Register: 31 Accessed
Register: 32 Accessed
Register: 33 Accessed
ACHTUNG!!! Ich habe gehaltet!
Waypoint Notification
Register: 35 Accessed
Awaiting all clear @ 142
Setup Complete @ 142
Register: 35 Accessed
Next WP: 12
Targeting...
4280
29688.0859375000
0.1212607622
Encoder Target:518 degrees
Straight Line, length: 4280
518518
Register: 23 Accessed
Serial Buffer: 0, 6, 25, 6, 24, 
Recieved: 23 with:6406 degrees
Register: 24 Accessed
Serial Buffer: 0, 6, 25, 6, 24, 
Recieved: 24 with:6406 degrees
-112-112
Register: 31 Accessed
Register: 32 Accessed
Speed Adjustment: S1, S2
117117
Register: 23 Accessed
Serial Buffer: 0, 6, 25, 6, 24, 
Recieved: 23 with:6406 degrees
Register: 24 Accessed
Serial Buffer: 0, 6, 25, 6, 24, 
Recieved: 24 with:6406 degrees
-112-112
Register: 31 Accessed
Register: 32 Accessed
Speed Adjustment: S1, S2
117117
Register: 23 Accessed
Serial Buffer: 0, 6, 25, 6, 24, 
Recieved: 23 with:6406 degrees
Register: 24 Accessed
Serial Buffer: 0, 6, 25, 6, 24, 
Recieved: 24 with:6406 degrees
-112-112
Register: 31 Accessed
Register: 32 Accessed
Speed Adjustment: S1, S2
117117
Register: 23 Accessed
Serial Buffer: 0, 6, 25, 6, 24, 
Recieved: 23 with:6406 degrees
Register: 24 Accessed
Serial Buffer: 0, 6, 25, 6, 24, 
Recieved: 24 with:6406 degrees
-112-112
Register: 31 Accessed
Register: 32 Accessed
Speed Adjustment: S1, S2
117117
Register: 23 Accessed
Serial Buffer: 0, 6, 25, 6, 24, 
Recieved: 23 with:6406 degrees
Register: 24 Accessed
Serial Buffer: 0, 6, 25, 6, 24, 
Recieved: 24 with:6406 degrees
-112-112
Register: 31 Accessed
Register: 32 Accessed
Speed Adjustment: S1, S2
117117
Register: 23 Accessed
Serial Buffer: 0, 6, 25, 6, 24, 
Recieved: 23 with:6406 degrees
Register: 24 Accessed
Serial Buffer: 0, 6, 25, 6, 24, 
Recieved: 24 with:6406 degrees
-112-112
Register: 31 Accessed
Register: 32 Accessed
Speed Adjustment: S1, S2
117117
Register: 23 Accessed
Serial Buffer: 0, 6, 25, 6, 24, 
Recieved: 23 with:6406 degrees
Register: 24 Accessed
Serial Buffer: 0, 6, 25, 6, 24, 
Recieved: 24 with:6406 degrees
-112-112
Register: 31 Accessed
Register: 32 Accessed
Speed Adjustment: S1, S2
117117
Register: 23 Accessed
Serial Buffer: 0, 6, 25, 6, 24, 
Recieved: 23 with:6406 degrees
Register: 24 Accessed
Serial Buffer: 0, 6, 25, 6, 24, 
Recieved: 24 with:6406 degrees
-112-112
Register: 31 Accessed
Register: 32 Accessed
Speed Adjustment: S1, S2
117117
Register: 23 Accessed
Serial Buffer: 0, 6, 25, 6, 24, 
Recieved: 23 with:6406 degrees
Register: 24 Accessed
Serial Buffer: 0, 6, 25, 6, 24, 
Recieved: 24 with:6406 degrees
-112-112
Register: 31 Accessed
Register: 32 Accessed
Speed Adjustment: S1, S2
117117
Register: 23 Accessed
Serial Buffer: 0, 6, 25, 6, 24, 
Recieved: 23 with:6406 degrees
Register: 24 Accessed
Serial Buffer: 0, 6, 25, 6, 24, 
Recieved: 24 with:6406 degrees
-112-112
Register: 31 Accessed
Register: 32 Accessed
Speed Adjustment: S1, S2
117117
Register: 23 Accessed
Serial Buffer: 0, 6, 25, 6, 24, 
Recieved: 23 with:6406 degrees
Register: 24 Accessed
Serial Buffer: 0, 6, 25, 6, 24, 
Recieved: 24 with:6406 degrees
-112-112
Register: 31 Accessed
Register: 32 Accessed
Speed Adjustment: S1, S2
117117
Register: 23 Accessed
Serial Buffer: 0, 6, 25, 6, 24, 
Recieved: 23 with:6406 degrees
Register: 24 Accessed
Serial Buffer: 0, 6, 25, 6, 24, 
Recieved: 24 with:6406 degrees
-112-112
Register: 31 Accessed
Register: 32 Accessed
Speed Adjustment: S1, S2
117117
Register: 23 Accessed
Serial Buffer: 0, 6, 25, 6, 24, 
Recieved: 23 with:6406 degrees
Register: 24 Accessed
Serial Buffer: 0, 6, 25, 6, 24, 
Recieved: 24 with:6406 degrees
-112-112
Register: 31 Accessed
Register: 32 Accessed
Speed Adjustment: S1, S2
117117
Register: 23 Accessed
Serial Buffer: 0, 6, 25, 6, 24, 
Recieved: 23 with:6406 degrees
Register: 24 Accessed
Serial Buffer: 0, 6, 25, 6, 24, 
Recieved: 24 with:6406 degrees
-112-112
Register: 31 Accessed
Register: 32 Accessed
Speed Adjustment: S1, S2
117117
Register: 23 Accessed
Serial Buffer: 0, 6, 25, 6, 24, 
Recieved: 23 with:6406 degrees
Register: 24 Accessed
Serial Buffer: 0, 6, 25, 6, 24, 
Recieved: 24 with:6406 degrees
-112-112
Register: 31 Accessed
Register: 32 Accessed
Speed Adjustment: S1, S2
117117
Register: 23 Accessed
Serial Buffer: 0, 6, 25, 6, 24, 
Recieved: 23 with:6406 degrees
Register: 24 Accessed
Serial Buffer: 0, 6, 25, 6, 24, 
Recieved: 24 with:6406 degrees
-112-112
Register: 31 Accessed
Register: 32 Accessed
Speed Adjustment: S1, S2
117117
Register: 23 Accessed
Serial Buffer: 0, 6, 25, 6, 24, 
Recieved: 23 with:6406 degrees
Register: 24 Accessed
Serial Buffer: 0, 6, 25, 6, 24, 
Recieved: 24 with:6406 degrees
-112-112
Register: 31 Accessed
Register: 32 Accessed
Speed Adjustment: S1, S2
117117
Register: 23 Accessed
Serial Buffer: 0, 6, 25, 6, 24, 
Recieved: 23 with:6406 degrees
Register: 24 Accessed
Register: 34 Accessed
Register: 33 Accessed
Register: 31 Accessed
Register: 32 Accessed
Register: 33 Accessed
ACHTUNG!!! Ich habe gehaltet!
Waypoint Notification
Register: 35 Accessed
Awaiting all clear @ 142
Setup Complete @ 142
Register: 35 Accessed
Next WP: 12
Targeting...
4280
29688.0859375000
0.1212607622
Encoder Target:518 degrees
Straight Line, length: 4280
518518
Register: 23 Accessed
Serial Buffer: 0, 0, 0, 0, 24, 
Recieved: 23 with:0 degrees
Register: 24 Accessed
Serial Buffer: 0, 0, 0, 0, 24, 
Recieved: 24 with:0 degrees
100100
Register: 31 Accessed
Register: 32 Accessed
Speed Adjustment: S1, S2
127127
Register: 23 Accessed
Serial Buffer: 0, 0, 0, 0, 24, 
Recieved: 23 with:0 degrees
Register: 24 Accessed
Serial Buffer: 0, 0, 3, 161, 24, 
Recieved: 24 with:929 degrees
100-79
Register: 31 Accessed
Register: 32 Accessed
Speed Adjustment: S1, S2
127-106
Register: 23 Accessed
Serial Buffer: 0, 0, 8, 198, 24, 
Recieved: 23 with:2246 degrees
Register: 24 Accessed
Serial Buffer: 0, 0, 8, 14, 24, 
Recieved: 24 with:2062 degrees
-77-42
Register: 31 Accessed
Register: 32 Accessed
Speed Adjustment: S1, S2
-104-69
Register: 23 Accessed
Serial Buffer: 0, 0, 18, 88, 24, 
Recieved: 23 with:4696 degrees
Register: 24 Accessed
Serial Buffer: 0, 0, 1, 25, 24, 
Recieved: 24 with:281 degrees
-3845
Register: 31 Accessed
Register: 32 Accessed
Speed Adjustment: S1, S2
-6572
Register: 23 Accessed
Serial Buffer: 0, 0, 13, 86, 24, 
Recieved: 23 with:3414 degrees
Register: 24 Accessed
Serial Buffer: 255, 255, 255, 203, 24, 
Recieved: 24 with:-53 degrees
-47110
Register: 31 Accessed
Register: 32 Accessed
Speed Adjustment: S1, S2
-74-119
Register: 23 Accessed
Serial Buffer: 0, 0, 8, 56, 24, 
Recieved: 23 with:2104 degrees
Register: 24 Accessed
Serial Buffer: 0, 6, 25, 6, 24, 
Recieved: 24 with:6406 degrees
-50-112
Register: 31 Accessed
Register: 32 Accessed
Speed Adjustment: S1, S2
-77117
Register: 23 Accessed
Serial Buffer: 0, 6, 25, 6, 24, 
Recieved: 23 with:6406 degrees
Register: 24 Accessed
Serial Buffer: 0, 6, 25, 6, 24, 
Recieved: 24 with:6406 degrees
-112-112
Register: 31 Accessed
Register: 32 Accessed
Speed Adjustment: S1, S2
117117
Register: 23 Accessed
Serial Buffer: 0, 6, 25, 6, 24, 
Recieved: 23 with:6406 degrees
Register: 24 Accessed
Serial Buffer: 0, 6, 25, 6, 24, 
Recieved: 24 with:6406 degrees
-112-112
Register: 31 Accessed
Register: 32 Accessed
Speed Adjustment: S1, S2
117117
Register: 23 Accessed
Serial Buffer: 0, 6, 25, 6, 24, 
Recieved: 23 with:6406 degrees
Register: 24 Accessed
Serial Buffer: 0, 6, 25, 6, 24, 
Recieved: 24 with:6406 degrees
-112-112
Register: 31 Accessed
Register: 32 Accessed
Speed Adjustment: S1, S2
117117
Register: 23 Accessed
Serial Buffer: 0, 6, 25, 6, 24, 
Recieved: 23 with:6406 degrees
Register: 24 Accessed
Serial Buffer: 0, 6, 25, 6, 24, 
Recieved: 24 with:6406 degrees
-112-112
Register: 31 Accessed
Register: 32 Accessed
Speed Adjustment: S1, S2
117117
Register: 23 Accessed
Serial Buffer: 0, 6, 25, 6, 24, 
Recieved: 23 with:6406 degrees
Register: 24 Accessed
Serial Buffer: 0, 6, 25, 6, 24, 
Recieved: 24 with:6406 degrees
-112-112
Register: 31 Accessed
Register: 32 Accessed
Speed Adjustment: S1, S2
117117
Register: 23 Accessed
Serial Buffer: 0, 6, 25, 6, 24, 
Recieved: 23 with:6406 degrees
Register: 24 Accessed
Serial Buffer: 0, 6, 25, 6, 24, 
Recieved: 24 with:6406 degrees
-112-112
Register: 31 Accessed
Register: 32 Accessed
Speed Adjustment: S1, S2
117117
Register: 23 Accessed
Serial Buffer: 0, 6, 25, 6, 24, 
Recieved: 23 with:6406 degrees
Register: 24 Accessed
Serial Buffer: 0, 6, 25, 6, 24, 
Recieved: 24 with:6406 degrees
-112-112
Register: 31 Accessed
Register: 32 Accessed
Speed Adjustment: S1, S2
117117
Register: 23 Accessed
Serial Buffer: 0, 6, 25, 6, 24, 
Recieved: 23 with:6406 degrees
Register: 24 Accessed
Serial Buffer: 0, 6, 25, 6, 24, 
Recieved: 24 with:6406 degrees
-112-112
Register: 31 Accessed
Register: 32 Accessed
Speed Adjustment: S1, S2
117117
Register: 23 Accessed
Serial Buffer: 0, 6, 25, 6, 24, 
Recieved: 23 with:6406 degrees
Register: 24 Accessed
Serial Buffer: 0, 6, 25, 6, 24, 
Recieved: 24 with:6406 degrees
-112-112
Register: 31 Accessed
Register: 32 Accessed
Speed Adjustment: S1, S2
117117
Register: 23 Accessed
Serial Buffer: 0, 6, 25, 6, 24, 
Recieved: 23 with:6406 degrees
Register: 24 Accessed
Serial Buffer: 0, 6, 25, 6, 24, 
Recieved: 24 with:6406 degrees
-112-112
Register: 31 Accessed
Register: 32 Accessed
Speed Adjustment: S1, S2
117117
Register: 23 Accessed
Serial Buffer: 0, 6, 25, 6, 24, 
Recieved: 23 with:6406 degrees
Register: 24 Accessed
Serial Buffer: 0, 6, 25, 6, 24, 
Recieved: 24 with:6406 degrees
-112-112
Register: 31 Accessed
Register: 32 Accessed
Speed Adjustment: S1, S2
117117
Register: 23 Accessed
Serial Buffer: 0, 6, 25, 6, 24, 
Recieved: 23 with:6406 degrees
Register: 24 Accessed
Serial Buffer: 0, 6, 25, 6, 24, 
Recieved: 24 with:6406 degrees
-112-112
Register: 31 Accessed
Register: 32 Accessed
Speed Adjustment: S1, S2
117117
Register: 23 Accessed
Serial Buffer: 0, 6, 25, 6, 24, 
Recieved: 23 with:6406 degrees
Register: 24 Accessed
Serial Buffer: 0, 6, 25, 6, 24, 
Recieved: 24 with:6406 degrees
-112-112
Register: 31 Accessed
Register: 32 Accessed
Speed Adjustment: S1, S2
117117
Register: 23 Accessed
Serial Buffer: 0, 0, 2, 98, 24, 
Recieved: 23 with:610 degrees
Register: 24 Accessed
Serial Buffer: 255, 255, 251, 91, 24, 
Recieved: 24 with:-1189 degrees
-1773
Register: 31 Accessed
Register: 32 Accessed
Speed Adjustment: S1, S2
-44100
Register: 23 Accessed
Serial Buffer: 0, 0, 2, 98, 24, 
Recieved: 23 with:610 degrees
Register: 24 Accessed
Serial Buffer: 255, 255, 251, 91, 24, 
Recieved: 24 with:-1189 degrees
-1773
Register: 31 Accessed
Register: 32 Accessed
Speed Adjustment: S1, S2
-44100
Register: 23 Accessed
Register: 34 Accessed
Register: 33 Accessed
Register: 31 Accessed
Register: 32 Accessed
Register: 33 Accessed
ACHTUNG!!! Ich habe gehaltet!
Waypoint Notification
Register: 35 Accessed
Awaiting all clear @ 142
Register: 34 Accessed
Register: 33 Accessed
Register: 31 Accessed
Register: 32 Accessed
Register: 33 Accessed
ACHTUNG!!! Ich habe gehaltet!
Waypoint Notification
Register: 35 Accessed
Awaiting all clear @ 142
Setup Complete @ 142
Register: 35 Accessed
Next WP: 12
Targeting...
4280
29688.0859375000
0.1212607622
Encoder Target:518 degrees
Straight Line, length: 4280
518518
Register: 23 Accessed
Serial Buffer: 0, 0, 0, 0, 24, 
Recieved: 23 with:0 degrees
Register: 24 Accessed
Serial Buffer: 0, 0, 0, 0, 24, 
Recieved: 24 with:0 degrees
100100
Register: 31 Accessed
Register: 32 Accessed
Speed Adjustment: S1, S2
127127
Register: 23 Accessed
Serial Buffer: 0, 0, 0, 0, 24, 
Recieved: 23 with:0 degrees
Register: 24 Accessed
Serial Buffer: 0, 0, 3, 178, 24, 
Recieved: 24 with:946 degrees
100-82
Register: 31 Accessed
Register: 32 Accessed
Speed Adjustment: S1, S2
127-109
Register: 23 Accessed
Serial Buffer: 0, 0, 8, 166, 24, 
Recieved: 23 with:2214 degrees
Register: 24 Accessed
Serial Buffer: 0, 0, 7, 202, 24, 
Recieved: 24 with:1994 degrees
-71-28
Register: 31 Accessed
Register: 32 Accessed
Speed Adjustment: S1, S2
-98-55
Register: 23 Accessed
Serial Buffer: 0, 0, 17, 153, 24, 
Recieved: 23 with:4505 degrees
Register: 24 Accessed
Serial Buffer: 0, 6, 25, 6, 24, 
Recieved: 24 with:6406 degrees
-1-112
Register: 31 Accessed
Register: 32 Accessed
Speed Adjustment: S1, S2
-28117
Register: 23 Accessed
Serial Buffer: 0, 6, 25, 6, 24, 
Recieved: 23 with:6406 degrees
Register: 24 Accessed
Serial Buffer: 0, 6, 25, 6, 24, 
Recieved: 24 with:6406 degrees
-112-112
Register: 31 Accessed
Register: 32 Accessed
Speed Adjustment: S1, S2
117117
Register: 23 Accessed
Serial Buffer: 0, 6, 25, 6, 24, 
Recieved: 23 with:6406 degrees
Register: 24 Accessed
Serial Buffer: 0, 6, 25, 6, 24, 
Recieved: 24 with:6406 degrees
-112-112
Register: 31 Accessed
Register: 32 Accessed
Speed Adjustment: S1, S2
117117
Register: 23 Accessed
Serial Buffer: 0, 6, 25, 6, 24, 
Recieved: 23 with:6406 degrees
Register: 24 Accessed
Serial Buffer: 0, 6, 25, 6, 24, 
Recieved: 24 with:6406 degrees
-112-112
Register: 31 Accessed
Register: 32 Accessed
Speed Adjustment: S1, S2
117117
Register: 23 Accessed
Serial Buffer: 0, 6, 25, 6, 24, 
Recieved: 23 with:6406 degrees
Register: 24 Accessed
Serial Buffer: 0, 6, 25, 6, 24, 
Recieved: 24 with:6406 degrees
-112-112
Register: 31 Accessed
Register: 32 Accessed
Speed Adjustment: S1, S2
117117
Register: 23 Accessed
Serial Buffer: 0, 6, 25, 6, 24, 
Recieved: 23 with:6406 degrees
Register: 24 Accessed
Serial Buffer: 0, 6, 25, 6, 24, 
Recieved: 24 with:6406 degrees
-112-112
Register: 31 Accessed
Register: 32 Accessed
Speed Adjustment: S1, S2
117117
Register: 23 Accessed
Serial Buffer: 0, 6, 25, 6, 24, 
Recieved: 23 with:6406 degrees
Register: 24 Accessed
Serial Buffer: 0, 6, 25, 6, 24, 
Recieved: 24 with:6406 degrees
-112-112
Register: 31 Accessed
Register: 32 Accessed
Speed Adjustment: S1, S2
117117
Register: 23 Accessed
Serial Buffer: 0, 6, 25, 6, 24, 
Recieved: 23 with:6406 degrees
Register: 24 Accessed
Serial Buffer: 0, 6, 25, 6, 24, 
Recieved: 24 with:6406 degrees
-112-112
Register: 31 Accessed
Register: 32 Accessed
Speed Adjustment: S1, S2
117117
Register: 23 Accessed
Serial Buffer: 0, 6, 25, 6, 24, 
Recieved: 23 with:6406 degrees
Register: 24 Accessed
Serial Buffer: 0, 6, 25, 6, 24, 
Recieved: 24 with:6406 degrees
-112-112
Register: 31 Accessed
Register: 32 Accessed
Speed Adjustment: S1, S2
117117
Register: 23 Accessed
